[2024-04-21T19:52:06.991+0000] {processor.py:161} INFO - Started process (PID=80) to work on /home/airflow/.local/lib/python3.9/site-packages/airflow/example_dags/example_dag_decorator.py
[2024-04-21T19:52:06.993+0000] {processor.py:830} INFO - Processing file /home/airflow/.local/lib/python3.9/site-packages/airflow/example_dags/example_dag_decorator.py for tasks to queue
[2024-04-21T19:52:07.011+0000] {logging_mixin.py:188} INFO - [2024-04-21T19:52:07.010+0000] {dagbag.py:540} INFO - Filling up the DagBag from /home/airflow/.local/lib/python3.9/site-packages/airflow/example_dags/example_dag_decorator.py
[2024-04-21T19:52:07.582+0000] {processor.py:840} INFO - DAG(s) 'example_dag_decorator' retrieved from /home/airflow/.local/lib/python3.9/site-packages/airflow/example_dags/example_dag_decorator.py
[2024-04-21T19:52:07.968+0000] {logging_mixin.py:188} INFO - [2024-04-21T19:52:07.967+0000] {dag.py:3047} INFO - Sync 1 DAGs
[2024-04-21T19:52:07.981+0000] {logging_mixin.py:188} INFO - [2024-04-21T19:52:07.981+0000] {dag.py:3834} INFO - Setting next_dagrun for example_dag_decorator to None, run_after=None
[2024-04-21T19:52:08.034+0000] {processor.py:183} INFO - Processing /home/airflow/.local/lib/python3.9/site-packages/airflow/example_dags/example_dag_decorator.py took 1.047 seconds
[2024-04-21T19:52:38.490+0000] {processor.py:161} INFO - Started process (PID=137) to work on /home/airflow/.local/lib/python3.9/site-packages/airflow/example_dags/example_dag_decorator.py
[2024-04-21T19:52:38.494+0000] {processor.py:830} INFO - Processing file /home/airflow/.local/lib/python3.9/site-packages/airflow/example_dags/example_dag_decorator.py for tasks to queue
[2024-04-21T19:52:38.500+0000] {logging_mixin.py:188} INFO - [2024-04-21T19:52:38.498+0000] {dagbag.py:540} INFO - Filling up the DagBag from /home/airflow/.local/lib/python3.9/site-packages/airflow/example_dags/example_dag_decorator.py
[2024-04-21T19:52:38.790+0000] {processor.py:840} INFO - DAG(s) 'example_dag_decorator' retrieved from /home/airflow/.local/lib/python3.9/site-packages/airflow/example_dags/example_dag_decorator.py
[2024-04-21T19:52:39.137+0000] {logging_mixin.py:188} INFO - [2024-04-21T19:52:39.137+0000] {dag.py:3047} INFO - Sync 1 DAGs
[2024-04-21T19:52:39.168+0000] {logging_mixin.py:188} INFO - [2024-04-21T19:52:39.167+0000] {dag.py:3834} INFO - Setting next_dagrun for example_dag_decorator to None, run_after=None
[2024-04-21T19:52:39.668+0000] {processor.py:183} INFO - Processing /home/airflow/.local/lib/python3.9/site-packages/airflow/example_dags/example_dag_decorator.py took 1.186 seconds
[2024-04-21T19:53:10.260+0000] {processor.py:161} INFO - Started process (PID=196) to work on /home/airflow/.local/lib/python3.9/site-packages/airflow/example_dags/example_dag_decorator.py
[2024-04-21T19:53:10.264+0000] {processor.py:830} INFO - Processing file /home/airflow/.local/lib/python3.9/site-packages/airflow/example_dags/example_dag_decorator.py for tasks to queue
[2024-04-21T19:53:10.268+0000] {logging_mixin.py:188} INFO - [2024-04-21T19:53:10.267+0000] {dagbag.py:540} INFO - Filling up the DagBag from /home/airflow/.local/lib/python3.9/site-packages/airflow/example_dags/example_dag_decorator.py
[2024-04-21T19:53:10.614+0000] {processor.py:840} INFO - DAG(s) 'example_dag_decorator' retrieved from /home/airflow/.local/lib/python3.9/site-packages/airflow/example_dags/example_dag_decorator.py
[2024-04-21T19:53:11.053+0000] {logging_mixin.py:188} INFO - [2024-04-21T19:53:11.052+0000] {dag.py:3047} INFO - Sync 1 DAGs
[2024-04-21T19:53:11.083+0000] {logging_mixin.py:188} INFO - [2024-04-21T19:53:11.082+0000] {dag.py:3834} INFO - Setting next_dagrun for example_dag_decorator to None, run_after=None
[2024-04-21T19:53:11.445+0000] {processor.py:183} INFO - Processing /home/airflow/.local/lib/python3.9/site-packages/airflow/example_dags/example_dag_decorator.py took 1.189 seconds
[2024-04-21T19:53:41.692+0000] {processor.py:161} INFO - Started process (PID=261) to work on /home/airflow/.local/lib/python3.9/site-packages/airflow/example_dags/example_dag_decorator.py
[2024-04-21T19:53:41.694+0000] {processor.py:830} INFO - Processing file /home/airflow/.local/lib/python3.9/site-packages/airflow/example_dags/example_dag_decorator.py for tasks to queue
[2024-04-21T19:53:41.696+0000] {logging_mixin.py:188} INFO - [2024-04-21T19:53:41.696+0000] {dagbag.py:540} INFO - Filling up the DagBag from /home/airflow/.local/lib/python3.9/site-packages/airflow/example_dags/example_dag_decorator.py
[2024-04-21T19:53:41.894+0000] {processor.py:840} INFO - DAG(s) 'example_dag_decorator' retrieved from /home/airflow/.local/lib/python3.9/site-packages/airflow/example_dags/example_dag_decorator.py
[2024-04-21T19:54:11.158+0000] {logging_mixin.py:188} INFO - [2024-04-21T19:54:11.121+0000] {dagbag.py:649} ERROR - Failed to write serialized DAG: /home/airflow/.local/lib/python3.9/site-packages/airflow/example_dags/example_dag_decorator.py
Traceback (most recent call last):
  File "/home/airflow/.local/lib/python3.9/site-packages/mysql/connector/connection_cext.py", line 323, in _open_connection
    self._cmysql.connect(**cnx_kwargs)
_mysql_connector.MySQLInterfaceError: Can't connect to MySQL server on 'mysql:3306' (111)

The above exception was the direct cause of the following exception:

Traceback (most recent call last):
  File "/home/airflow/.local/lib/python3.9/site-packages/sqlalchemy/engine/base.py", line 3371, in _wrap_pool_connect
    return fn()
  File "/home/airflow/.local/lib/python3.9/site-packages/sqlalchemy/pool/base.py", line 327, in connect
    return _ConnectionFairy._checkout(self)
  File "/home/airflow/.local/lib/python3.9/site-packages/sqlalchemy/pool/base.py", line 894, in _checkout
    fairy = _ConnectionRecord.checkout(pool)
  File "/home/airflow/.local/lib/python3.9/site-packages/sqlalchemy/pool/base.py", line 498, in checkout
    rec._checkin_failed(err, _fairy_was_created=False)
  File "/home/airflow/.local/lib/python3.9/site-packages/sqlalchemy/util/langhelpers.py", line 70, in __exit__
    compat.raise_(
  File "/home/airflow/.local/lib/python3.9/site-packages/sqlalchemy/util/compat.py", line 211, in raise_
    raise exception
  File "/home/airflow/.local/lib/python3.9/site-packages/sqlalchemy/pool/base.py", line 495, in checkout
    dbapi_connection = rec.get_connection()
  File "/home/airflow/.local/lib/python3.9/site-packages/sqlalchemy/pool/base.py", line 630, in get_connection
    self.__connect()
  File "/home/airflow/.local/lib/python3.9/site-packages/sqlalchemy/pool/base.py", line 691, in __connect
    pool.logger.debug("Error on connect(): %s", e)
  File "/home/airflow/.local/lib/python3.9/site-packages/sqlalchemy/util/langhelpers.py", line 70, in __exit__
    compat.raise_(
  File "/home/airflow/.local/lib/python3.9/site-packages/sqlalchemy/util/compat.py", line 211, in raise_
    raise exception
  File "/home/airflow/.local/lib/python3.9/site-packages/sqlalchemy/pool/base.py", line 686, in __connect
    self.dbapi_connection = connection = pool._invoke_creator(self)
  File "/home/airflow/.local/lib/python3.9/site-packages/sqlalchemy/engine/create.py", line 574, in connect
    return dialect.connect(*cargs, **cparams)
  File "/home/airflow/.local/lib/python3.9/site-packages/sqlalchemy/engine/default.py", line 598, in connect
    return self.dbapi.connect(*cargs, **cparams)
  File "/home/airflow/.local/lib/python3.9/site-packages/mysql/connector/pooling.py", line 322, in connect
    return CMySQLConnection(*args, **kwargs)
  File "/home/airflow/.local/lib/python3.9/site-packages/mysql/connector/connection_cext.py", line 140, in __init__
    self.connect(**kwargs)
  File "/home/airflow/.local/lib/python3.9/site-packages/mysql/connector/abstracts.py", line 1363, in connect
    self._open_connection()
  File "/home/airflow/.local/lib/python3.9/site-packages/mysql/connector/connection_cext.py", line 328, in _open_connection
    raise get_mysql_exception(
mysql.connector.errors.DatabaseError: 2003 (HY000): Can't connect to MySQL server on 'mysql:3306' (111)

The above exception was the direct cause of the following exception:

Traceback (most recent call last):
  File "/home/airflow/.local/lib/python3.9/site-packages/airflow/models/dagbag.py", line 637, in _serialize_dag_capturing_errors
    dag_was_updated = SerializedDagModel.write_dag(
  File "/home/airflow/.local/lib/python3.9/site-packages/airflow/utils/session.py", line 76, in wrapper
    return func(*args, **kwargs)
  File "/home/airflow/.local/lib/python3.9/site-packages/airflow/models/serialized_dag.py", line 157, in write_dag
    if session.scalar(
  File "/home/airflow/.local/lib/python3.9/site-packages/sqlalchemy/orm/session.py", line 1747, in scalar
    return self.execute(
  File "/home/airflow/.local/lib/python3.9/site-packages/sqlalchemy/orm/session.py", line 1716, in execute
    conn = self._connection_for_bind(bind)
  File "/home/airflow/.local/lib/python3.9/site-packages/sqlalchemy/orm/session.py", line 1555, in _connection_for_bind
    return self._transaction._connection_for_bind(
  File "/home/airflow/.local/lib/python3.9/site-packages/sqlalchemy/orm/session.py", line 750, in _connection_for_bind
    conn = bind.connect()
  File "/home/airflow/.local/lib/python3.9/site-packages/sqlalchemy/future/engine.py", line 412, in connect
    return super(Engine, self).connect()
  File "/home/airflow/.local/lib/python3.9/site-packages/sqlalchemy/engine/base.py", line 3325, in connect
    return self._connection_cls(self, close_with_result=close_with_result)
  File "/home/airflow/.local/lib/python3.9/site-packages/sqlalchemy/engine/base.py", line 96, in __init__
    else engine.raw_connection()
  File "/home/airflow/.local/lib/python3.9/site-packages/sqlalchemy/engine/base.py", line 3404, in raw_connection
    return self._wrap_pool_connect(self.pool.connect, _connection)
  File "/home/airflow/.local/lib/python3.9/site-packages/sqlalchemy/engine/base.py", line 3374, in _wrap_pool_connect
    Connection._handle_dbapi_exception_noconnection(
  File "/home/airflow/.local/lib/python3.9/site-packages/sqlalchemy/engine/base.py", line 2208, in _handle_dbapi_exception_noconnection
    util.raise_(
  File "/home/airflow/.local/lib/python3.9/site-packages/sqlalchemy/util/compat.py", line 211, in raise_
    raise exception
  File "/home/airflow/.local/lib/python3.9/site-packages/sqlalchemy/engine/base.py", line 3371, in _wrap_pool_connect
    return fn()
  File "/home/airflow/.local/lib/python3.9/site-packages/sqlalchemy/pool/base.py", line 327, in connect
    return _ConnectionFairy._checkout(self)
  File "/home/airflow/.local/lib/python3.9/site-packages/sqlalchemy/pool/base.py", line 894, in _checkout
    fairy = _ConnectionRecord.checkout(pool)
  File "/home/airflow/.local/lib/python3.9/site-packages/sqlalchemy/pool/base.py", line 498, in checkout
    rec._checkin_failed(err, _fairy_was_created=False)
  File "/home/airflow/.local/lib/python3.9/site-packages/sqlalchemy/util/langhelpers.py", line 70, in __exit__
    compat.raise_(
  File "/home/airflow/.local/lib/python3.9/site-packages/sqlalchemy/util/compat.py", line 211, in raise_
    raise exception
  File "/home/airflow/.local/lib/python3.9/site-packages/sqlalchemy/pool/base.py", line 495, in checkout
    dbapi_connection = rec.get_connection()
  File "/home/airflow/.local/lib/python3.9/site-packages/sqlalchemy/pool/base.py", line 630, in get_connection
    self.__connect()
  File "/home/airflow/.local/lib/python3.9/site-packages/sqlalchemy/pool/base.py", line 691, in __connect
    pool.logger.debug("Error on connect(): %s", e)
  File "/home/airflow/.local/lib/python3.9/site-packages/sqlalchemy/util/langhelpers.py", line 70, in __exit__
    compat.raise_(
  File "/home/airflow/.local/lib/python3.9/site-packages/sqlalchemy/util/compat.py", line 211, in raise_
    raise exception
  File "/home/airflow/.local/lib/python3.9/site-packages/sqlalchemy/pool/base.py", line 686, in __connect
    self.dbapi_connection = connection = pool._invoke_creator(self)
  File "/home/airflow/.local/lib/python3.9/site-packages/sqlalchemy/engine/create.py", line 574, in connect
    return dialect.connect(*cargs, **cparams)
  File "/home/airflow/.local/lib/python3.9/site-packages/sqlalchemy/engine/default.py", line 598, in connect
    return self.dbapi.connect(*cargs, **cparams)
  File "/home/airflow/.local/lib/python3.9/site-packages/mysql/connector/pooling.py", line 322, in connect
    return CMySQLConnection(*args, **kwargs)
  File "/home/airflow/.local/lib/python3.9/site-packages/mysql/connector/connection_cext.py", line 140, in __init__
    self.connect(**kwargs)
  File "/home/airflow/.local/lib/python3.9/site-packages/mysql/connector/abstracts.py", line 1363, in connect
    self._open_connection()
  File "/home/airflow/.local/lib/python3.9/site-packages/mysql/connector/connection_cext.py", line 328, in _open_connection
    raise get_mysql_exception(
sqlalchemy.exc.DatabaseError: (mysql.connector.errors.DatabaseError) 2003 (HY000): Can't connect to MySQL server on 'mysql:3306' (111)
(Background on this error at: https://sqlalche.me/e/14/4xp6)
[2024-04-21T19:54:11.162+0000] {logging_mixin.py:188} INFO - [2024-04-21T19:54:11.161+0000] {dag.py:3047} INFO - Sync 1 DAGs
[2024-04-21T19:54:11.416+0000] {logging_mixin.py:188} INFO - [2024-04-21T19:54:11.415+0000] {dagbag.py:649} ERROR - Failed to write serialized DAG: /home/airflow/.local/lib/python3.9/site-packages/airflow/example_dags/example_dag_decorator.py
Traceback (most recent call last):
  File "/home/airflow/.local/lib/python3.9/site-packages/mysql/connector/connection_cext.py", line 323, in _open_connection
    self._cmysql.connect(**cnx_kwargs)
_mysql_connector.MySQLInterfaceError: Can't connect to MySQL server on 'mysql:3306' (111)

The above exception was the direct cause of the following exception:

Traceback (most recent call last):
  File "/home/airflow/.local/lib/python3.9/site-packages/sqlalchemy/engine/base.py", line 3371, in _wrap_pool_connect
    return fn()
  File "/home/airflow/.local/lib/python3.9/site-packages/sqlalchemy/pool/base.py", line 327, in connect
    return _ConnectionFairy._checkout(self)
  File "/home/airflow/.local/lib/python3.9/site-packages/sqlalchemy/pool/base.py", line 894, in _checkout
    fairy = _ConnectionRecord.checkout(pool)
  File "/home/airflow/.local/lib/python3.9/site-packages/sqlalchemy/pool/base.py", line 498, in checkout
    rec._checkin_failed(err, _fairy_was_created=False)
  File "/home/airflow/.local/lib/python3.9/site-packages/sqlalchemy/util/langhelpers.py", line 70, in __exit__
    compat.raise_(
  File "/home/airflow/.local/lib/python3.9/site-packages/sqlalchemy/util/compat.py", line 211, in raise_
    raise exception
  File "/home/airflow/.local/lib/python3.9/site-packages/sqlalchemy/pool/base.py", line 495, in checkout
    dbapi_connection = rec.get_connection()
  File "/home/airflow/.local/lib/python3.9/site-packages/sqlalchemy/pool/base.py", line 630, in get_connection
    self.__connect()
  File "/home/airflow/.local/lib/python3.9/site-packages/sqlalchemy/pool/base.py", line 691, in __connect
    pool.logger.debug("Error on connect(): %s", e)
  File "/home/airflow/.local/lib/python3.9/site-packages/sqlalchemy/util/langhelpers.py", line 70, in __exit__
    compat.raise_(
  File "/home/airflow/.local/lib/python3.9/site-packages/sqlalchemy/util/compat.py", line 211, in raise_
    raise exception
  File "/home/airflow/.local/lib/python3.9/site-packages/sqlalchemy/pool/base.py", line 686, in __connect
    self.dbapi_connection = connection = pool._invoke_creator(self)
  File "/home/airflow/.local/lib/python3.9/site-packages/sqlalchemy/engine/create.py", line 574, in connect
    return dialect.connect(*cargs, **cparams)
  File "/home/airflow/.local/lib/python3.9/site-packages/sqlalchemy/engine/default.py", line 598, in connect
    return self.dbapi.connect(*cargs, **cparams)
  File "/home/airflow/.local/lib/python3.9/site-packages/mysql/connector/pooling.py", line 322, in connect
    return CMySQLConnection(*args, **kwargs)
  File "/home/airflow/.local/lib/python3.9/site-packages/mysql/connector/connection_cext.py", line 140, in __init__
    self.connect(**kwargs)
  File "/home/airflow/.local/lib/python3.9/site-packages/mysql/connector/abstracts.py", line 1363, in connect
    self._open_connection()
  File "/home/airflow/.local/lib/python3.9/site-packages/mysql/connector/connection_cext.py", line 328, in _open_connection
    raise get_mysql_exception(
mysql.connector.errors.DatabaseError: 2003 (HY000): Can't connect to MySQL server on 'mysql:3306' (111)

The above exception was the direct cause of the following exception:

Traceback (most recent call last):
  File "/home/airflow/.local/lib/python3.9/site-packages/airflow/models/dagbag.py", line 637, in _serialize_dag_capturing_errors
    dag_was_updated = SerializedDagModel.write_dag(
  File "/home/airflow/.local/lib/python3.9/site-packages/airflow/utils/session.py", line 76, in wrapper
    return func(*args, **kwargs)
  File "/home/airflow/.local/lib/python3.9/site-packages/airflow/models/serialized_dag.py", line 157, in write_dag
    if session.scalar(
  File "/home/airflow/.local/lib/python3.9/site-packages/sqlalchemy/orm/session.py", line 1747, in scalar
    return self.execute(
  File "/home/airflow/.local/lib/python3.9/site-packages/sqlalchemy/orm/session.py", line 1716, in execute
    conn = self._connection_for_bind(bind)
  File "/home/airflow/.local/lib/python3.9/site-packages/sqlalchemy/orm/session.py", line 1555, in _connection_for_bind
    return self._transaction._connection_for_bind(
  File "/home/airflow/.local/lib/python3.9/site-packages/sqlalchemy/orm/session.py", line 750, in _connection_for_bind
    conn = bind.connect()
  File "/home/airflow/.local/lib/python3.9/site-packages/sqlalchemy/future/engine.py", line 412, in connect
    return super(Engine, self).connect()
  File "/home/airflow/.local/lib/python3.9/site-packages/sqlalchemy/engine/base.py", line 3325, in connect
    return self._connection_cls(self, close_with_result=close_with_result)
  File "/home/airflow/.local/lib/python3.9/site-packages/sqlalchemy/engine/base.py", line 96, in __init__
    else engine.raw_connection()
  File "/home/airflow/.local/lib/python3.9/site-packages/sqlalchemy/engine/base.py", line 3404, in raw_connection
    return self._wrap_pool_connect(self.pool.connect, _connection)
  File "/home/airflow/.local/lib/python3.9/site-packages/sqlalchemy/engine/base.py", line 3374, in _wrap_pool_connect
    Connection._handle_dbapi_exception_noconnection(
  File "/home/airflow/.local/lib/python3.9/site-packages/sqlalchemy/engine/base.py", line 2208, in _handle_dbapi_exception_noconnection
    util.raise_(
  File "/home/airflow/.local/lib/python3.9/site-packages/sqlalchemy/util/compat.py", line 211, in raise_
    raise exception
  File "/home/airflow/.local/lib/python3.9/site-packages/sqlalchemy/engine/base.py", line 3371, in _wrap_pool_connect
    return fn()
  File "/home/airflow/.local/lib/python3.9/site-packages/sqlalchemy/pool/base.py", line 327, in connect
    return _ConnectionFairy._checkout(self)
  File "/home/airflow/.local/lib/python3.9/site-packages/sqlalchemy/pool/base.py", line 894, in _checkout
    fairy = _ConnectionRecord.checkout(pool)
  File "/home/airflow/.local/lib/python3.9/site-packages/sqlalchemy/pool/base.py", line 498, in checkout
    rec._checkin_failed(err, _fairy_was_created=False)
  File "/home/airflow/.local/lib/python3.9/site-packages/sqlalchemy/util/langhelpers.py", line 70, in __exit__
    compat.raise_(
  File "/home/airflow/.local/lib/python3.9/site-packages/sqlalchemy/util/compat.py", line 211, in raise_
    raise exception
  File "/home/airflow/.local/lib/python3.9/site-packages/sqlalchemy/pool/base.py", line 495, in checkout
    dbapi_connection = rec.get_connection()
  File "/home/airflow/.local/lib/python3.9/site-packages/sqlalchemy/pool/base.py", line 630, in get_connection
    self.__connect()
  File "/home/airflow/.local/lib/python3.9/site-packages/sqlalchemy/pool/base.py", line 691, in __connect
    pool.logger.debug("Error on connect(): %s", e)
  File "/home/airflow/.local/lib/python3.9/site-packages/sqlalchemy/util/langhelpers.py", line 70, in __exit__
    compat.raise_(
  File "/home/airflow/.local/lib/python3.9/site-packages/sqlalchemy/util/compat.py", line 211, in raise_
    raise exception
  File "/home/airflow/.local/lib/python3.9/site-packages/sqlalchemy/pool/base.py", line 686, in __connect
    self.dbapi_connection = connection = pool._invoke_creator(self)
  File "/home/airflow/.local/lib/python3.9/site-packages/sqlalchemy/engine/create.py", line 574, in connect
    return dialect.connect(*cargs, **cparams)
  File "/home/airflow/.local/lib/python3.9/site-packages/sqlalchemy/engine/default.py", line 598, in connect
    return self.dbapi.connect(*cargs, **cparams)
  File "/home/airflow/.local/lib/python3.9/site-packages/mysql/connector/pooling.py", line 322, in connect
    return CMySQLConnection(*args, **kwargs)
  File "/home/airflow/.local/lib/python3.9/site-packages/mysql/connector/connection_cext.py", line 140, in __init__
    self.connect(**kwargs)
  File "/home/airflow/.local/lib/python3.9/site-packages/mysql/connector/abstracts.py", line 1363, in connect
    self._open_connection()
  File "/home/airflow/.local/lib/python3.9/site-packages/mysql/connector/connection_cext.py", line 328, in _open_connection
    raise get_mysql_exception(
sqlalchemy.exc.DatabaseError: (mysql.connector.errors.DatabaseError) 2003 (HY000): Can't connect to MySQL server on 'mysql:3306' (111)
(Background on this error at: https://sqlalche.me/e/14/4xp6)
[2024-04-21T19:54:11.426+0000] {logging_mixin.py:188} INFO - [2024-04-21T19:54:11.425+0000] {dag.py:3047} INFO - Sync 1 DAGs
[2024-04-21T19:54:11.445+0000] {processor.py:186} ERROR - Got an exception! Propagating...
Traceback (most recent call last):
  File "/home/airflow/.local/lib/python3.9/site-packages/mysql/connector/connection_cext.py", line 323, in _open_connection
    self._cmysql.connect(**cnx_kwargs)
_mysql_connector.MySQLInterfaceError: Can't connect to MySQL server on 'mysql:3306' (111)

The above exception was the direct cause of the following exception:

Traceback (most recent call last):
  File "/home/airflow/.local/lib/python3.9/site-packages/sqlalchemy/engine/base.py", line 3371, in _wrap_pool_connect
    return fn()
  File "/home/airflow/.local/lib/python3.9/site-packages/sqlalchemy/pool/base.py", line 327, in connect
    return _ConnectionFairy._checkout(self)
  File "/home/airflow/.local/lib/python3.9/site-packages/sqlalchemy/pool/base.py", line 894, in _checkout
    fairy = _ConnectionRecord.checkout(pool)
  File "/home/airflow/.local/lib/python3.9/site-packages/sqlalchemy/pool/base.py", line 498, in checkout
    rec._checkin_failed(err, _fairy_was_created=False)
  File "/home/airflow/.local/lib/python3.9/site-packages/sqlalchemy/util/langhelpers.py", line 70, in __exit__
    compat.raise_(
  File "/home/airflow/.local/lib/python3.9/site-packages/sqlalchemy/util/compat.py", line 211, in raise_
    raise exception
  File "/home/airflow/.local/lib/python3.9/site-packages/sqlalchemy/pool/base.py", line 495, in checkout
    dbapi_connection = rec.get_connection()
  File "/home/airflow/.local/lib/python3.9/site-packages/sqlalchemy/pool/base.py", line 630, in get_connection
    self.__connect()
  File "/home/airflow/.local/lib/python3.9/site-packages/sqlalchemy/pool/base.py", line 691, in __connect
    pool.logger.debug("Error on connect(): %s", e)
  File "/home/airflow/.local/lib/python3.9/site-packages/sqlalchemy/util/langhelpers.py", line 70, in __exit__
    compat.raise_(
  File "/home/airflow/.local/lib/python3.9/site-packages/sqlalchemy/util/compat.py", line 211, in raise_
    raise exception
  File "/home/airflow/.local/lib/python3.9/site-packages/sqlalchemy/pool/base.py", line 686, in __connect
    self.dbapi_connection = connection = pool._invoke_creator(self)
  File "/home/airflow/.local/lib/python3.9/site-packages/sqlalchemy/engine/create.py", line 574, in connect
    return dialect.connect(*cargs, **cparams)
  File "/home/airflow/.local/lib/python3.9/site-packages/sqlalchemy/engine/default.py", line 598, in connect
    return self.dbapi.connect(*cargs, **cparams)
  File "/home/airflow/.local/lib/python3.9/site-packages/mysql/connector/pooling.py", line 322, in connect
    return CMySQLConnection(*args, **kwargs)
  File "/home/airflow/.local/lib/python3.9/site-packages/mysql/connector/connection_cext.py", line 140, in __init__
    self.connect(**kwargs)
  File "/home/airflow/.local/lib/python3.9/site-packages/mysql/connector/abstracts.py", line 1363, in connect
    self._open_connection()
  File "/home/airflow/.local/lib/python3.9/site-packages/mysql/connector/connection_cext.py", line 328, in _open_connection
    raise get_mysql_exception(
mysql.connector.errors.DatabaseError: 2003 (HY000): Can't connect to MySQL server on 'mysql:3306' (111)

The above exception was the direct cause of the following exception:

Traceback (most recent call last):
  File "/home/airflow/.local/lib/python3.9/site-packages/airflow/dag_processing/processor.py", line 182, in _run_file_processor
    _handle_dag_file_processing()
  File "/home/airflow/.local/lib/python3.9/site-packages/airflow/dag_processing/processor.py", line 163, in _handle_dag_file_processing
    result: tuple[int, int] = dag_file_processor.process_file(
  File "/home/airflow/.local/lib/python3.9/site-packages/airflow/utils/session.py", line 79, in wrapper
    return func(*args, session=session, **kwargs)
  File "/home/airflow/.local/lib/python3.9/site-packages/airflow/dag_processing/processor.py", line 859, in process_file
    serialize_errors = DagFileProcessor.save_dag_to_db(
  File "/home/airflow/.local/lib/python3.9/site-packages/airflow/api_internal/internal_api_call.py", line 114, in wrapper
    return func(*args, **kwargs)
  File "/home/airflow/.local/lib/python3.9/site-packages/airflow/utils/session.py", line 79, in wrapper
    return func(*args, session=session, **kwargs)
  File "/home/airflow/.local/lib/python3.9/site-packages/airflow/dag_processing/processor.py", line 895, in save_dag_to_db
    import_errors = DagBag._sync_to_db(dags=dags, processor_subdir=dag_directory, session=session)
  File "/home/airflow/.local/lib/python3.9/site-packages/airflow/utils/session.py", line 76, in wrapper
    return func(*args, **kwargs)
  File "/home/airflow/.local/lib/python3.9/site-packages/airflow/models/dagbag.py", line 659, in _sync_to_db
    for attempt in run_with_db_retries(logger=log):
  File "/home/airflow/.local/lib/python3.9/site-packages/tenacity/__init__.py", line 347, in __iter__
    do = self.iter(retry_state=retry_state)
  File "/home/airflow/.local/lib/python3.9/site-packages/tenacity/__init__.py", line 325, in iter
    raise retry_exc.reraise()
  File "/home/airflow/.local/lib/python3.9/site-packages/tenacity/__init__.py", line 158, in reraise
    raise self.last_attempt.result()
  File "/usr/local/lib/python3.9/concurrent/futures/_base.py", line 439, in result
    return self.__get_result()
  File "/usr/local/lib/python3.9/concurrent/futures/_base.py", line 391, in __get_result
    raise self._exception
  File "/home/airflow/.local/lib/python3.9/site-packages/airflow/models/dagbag.py", line 675, in _sync_to_db
    DAG.bulk_write_to_db(dags.values(), processor_subdir=processor_subdir, session=session)
  File "/home/airflow/.local/lib/python3.9/site-packages/airflow/utils/session.py", line 76, in wrapper
    return func(*args, **kwargs)
  File "/home/airflow/.local/lib/python3.9/site-packages/airflow/models/dag.py", line 3059, in bulk_write_to_db
    orm_dags: list[DagModel] = session.scalars(query).unique().all()
  File "/home/airflow/.local/lib/python3.9/site-packages/sqlalchemy/orm/session.py", line 1778, in scalars
    return self.execute(
  File "/home/airflow/.local/lib/python3.9/site-packages/sqlalchemy/orm/session.py", line 1716, in execute
    conn = self._connection_for_bind(bind)
  File "/home/airflow/.local/lib/python3.9/site-packages/sqlalchemy/orm/session.py", line 1555, in _connection_for_bind
    return self._transaction._connection_for_bind(
  File "/home/airflow/.local/lib/python3.9/site-packages/sqlalchemy/orm/session.py", line 750, in _connection_for_bind
    conn = bind.connect()
  File "/home/airflow/.local/lib/python3.9/site-packages/sqlalchemy/future/engine.py", line 412, in connect
    return super(Engine, self).connect()
  File "/home/airflow/.local/lib/python3.9/site-packages/sqlalchemy/engine/base.py", line 3325, in connect
    return self._connection_cls(self, close_with_result=close_with_result)
  File "/home/airflow/.local/lib/python3.9/site-packages/sqlalchemy/engine/base.py", line 96, in __init__
    else engine.raw_connection()
  File "/home/airflow/.local/lib/python3.9/site-packages/sqlalchemy/engine/base.py", line 3404, in raw_connection
    return self._wrap_pool_connect(self.pool.connect, _connection)
  File "/home/airflow/.local/lib/python3.9/site-packages/sqlalchemy/engine/base.py", line 3374, in _wrap_pool_connect
    Connection._handle_dbapi_exception_noconnection(
  File "/home/airflow/.local/lib/python3.9/site-packages/sqlalchemy/engine/base.py", line 2208, in _handle_dbapi_exception_noconnection
    util.raise_(
  File "/home/airflow/.local/lib/python3.9/site-packages/sqlalchemy/util/compat.py", line 211, in raise_
    raise exception
  File "/home/airflow/.local/lib/python3.9/site-packages/sqlalchemy/engine/base.py", line 3371, in _wrap_pool_connect
    return fn()
  File "/home/airflow/.local/lib/python3.9/site-packages/sqlalchemy/pool/base.py", line 327, in connect
    return _ConnectionFairy._checkout(self)
  File "/home/airflow/.local/lib/python3.9/site-packages/sqlalchemy/pool/base.py", line 894, in _checkout
    fairy = _ConnectionRecord.checkout(pool)
  File "/home/airflow/.local/lib/python3.9/site-packages/sqlalchemy/pool/base.py", line 498, in checkout
    rec._checkin_failed(err, _fairy_was_created=False)
  File "/home/airflow/.local/lib/python3.9/site-packages/sqlalchemy/util/langhelpers.py", line 70, in __exit__
    compat.raise_(
  File "/home/airflow/.local/lib/python3.9/site-packages/sqlalchemy/util/compat.py", line 211, in raise_
    raise exception
  File "/home/airflow/.local/lib/python3.9/site-packages/sqlalchemy/pool/base.py", line 495, in checkout
    dbapi_connection = rec.get_connection()
  File "/home/airflow/.local/lib/python3.9/site-packages/sqlalchemy/pool/base.py", line 630, in get_connection
    self.__connect()
  File "/home/airflow/.local/lib/python3.9/site-packages/sqlalchemy/pool/base.py", line 691, in __connect
    pool.logger.debug("Error on connect(): %s", e)
  File "/home/airflow/.local/lib/python3.9/site-packages/sqlalchemy/util/langhelpers.py", line 70, in __exit__
    compat.raise_(
  File "/home/airflow/.local/lib/python3.9/site-packages/sqlalchemy/util/compat.py", line 211, in raise_
    raise exception
  File "/home/airflow/.local/lib/python3.9/site-packages/sqlalchemy/pool/base.py", line 686, in __connect
    self.dbapi_connection = connection = pool._invoke_creator(self)
  File "/home/airflow/.local/lib/python3.9/site-packages/sqlalchemy/engine/create.py", line 574, in connect
    return dialect.connect(*cargs, **cparams)
  File "/home/airflow/.local/lib/python3.9/site-packages/sqlalchemy/engine/default.py", line 598, in connect
    return self.dbapi.connect(*cargs, **cparams)
  File "/home/airflow/.local/lib/python3.9/site-packages/mysql/connector/pooling.py", line 322, in connect
    return CMySQLConnection(*args, **kwargs)
  File "/home/airflow/.local/lib/python3.9/site-packages/mysql/connector/connection_cext.py", line 140, in __init__
    self.connect(**kwargs)
  File "/home/airflow/.local/lib/python3.9/site-packages/mysql/connector/abstracts.py", line 1363, in connect
    self._open_connection()
  File "/home/airflow/.local/lib/python3.9/site-packages/mysql/connector/connection_cext.py", line 328, in _open_connection
    raise get_mysql_exception(
sqlalchemy.exc.DatabaseError: (mysql.connector.errors.DatabaseError) 2003 (HY000): Can't connect to MySQL server on 'mysql:3306' (111)
(Background on this error at: https://sqlalche.me/e/14/4xp6)
[2024-04-21T19:54:36.914+0000] {processor.py:161} INFO - Started process (PID=74) to work on /home/airflow/.local/lib/python3.9/site-packages/airflow/example_dags/example_dag_decorator.py
[2024-04-21T19:54:36.916+0000] {processor.py:830} INFO - Processing file /home/airflow/.local/lib/python3.9/site-packages/airflow/example_dags/example_dag_decorator.py for tasks to queue
[2024-04-21T19:54:36.919+0000] {logging_mixin.py:188} INFO - [2024-04-21T19:54:36.919+0000] {dagbag.py:540} INFO - Filling up the DagBag from /home/airflow/.local/lib/python3.9/site-packages/airflow/example_dags/example_dag_decorator.py
[2024-04-21T19:54:37.098+0000] {processor.py:840} INFO - DAG(s) 'example_dag_decorator' retrieved from /home/airflow/.local/lib/python3.9/site-packages/airflow/example_dags/example_dag_decorator.py
[2024-04-21T19:54:37.329+0000] {logging_mixin.py:188} INFO - [2024-04-21T19:54:37.329+0000] {dag.py:3047} INFO - Sync 1 DAGs
[2024-04-21T19:54:37.345+0000] {logging_mixin.py:188} INFO - [2024-04-21T19:54:37.344+0000] {dag.py:3834} INFO - Setting next_dagrun for example_dag_decorator to None, run_after=None
[2024-04-21T19:54:37.397+0000] {processor.py:183} INFO - Processing /home/airflow/.local/lib/python3.9/site-packages/airflow/example_dags/example_dag_decorator.py took 0.488 seconds
[2024-04-21T19:55:22.422+0000] {processor.py:161} INFO - Started process (PID=141) to work on /home/airflow/.local/lib/python3.9/site-packages/airflow/example_dags/example_dag_decorator.py
[2024-04-21T19:55:22.424+0000] {processor.py:830} INFO - Processing file /home/airflow/.local/lib/python3.9/site-packages/airflow/example_dags/example_dag_decorator.py for tasks to queue
[2024-04-21T19:55:22.426+0000] {logging_mixin.py:188} INFO - [2024-04-21T19:55:22.426+0000] {dagbag.py:540} INFO - Filling up the DagBag from /home/airflow/.local/lib/python3.9/site-packages/airflow/example_dags/example_dag_decorator.py
[2024-04-21T19:55:22.602+0000] {processor.py:840} INFO - DAG(s) 'example_dag_decorator' retrieved from /home/airflow/.local/lib/python3.9/site-packages/airflow/example_dags/example_dag_decorator.py
[2024-04-21T19:55:22.980+0000] {logging_mixin.py:188} INFO - [2024-04-21T19:55:22.980+0000] {dag.py:3047} INFO - Sync 1 DAGs
[2024-04-21T19:55:22.996+0000] {logging_mixin.py:188} INFO - [2024-04-21T19:55:22.996+0000] {dag.py:3834} INFO - Setting next_dagrun for example_dag_decorator to None, run_after=None
[2024-04-21T19:55:23.046+0000] {processor.py:183} INFO - Processing /home/airflow/.local/lib/python3.9/site-packages/airflow/example_dags/example_dag_decorator.py took 0.627 seconds
[2024-04-21T19:59:02.193+0000] {processor.py:161} INFO - Started process (PID=215) to work on /home/airflow/.local/lib/python3.9/site-packages/airflow/example_dags/example_dag_decorator.py
[2024-04-21T19:59:02.195+0000] {processor.py:830} INFO - Processing file /home/airflow/.local/lib/python3.9/site-packages/airflow/example_dags/example_dag_decorator.py for tasks to queue
[2024-04-21T19:59:02.197+0000] {logging_mixin.py:188} INFO - [2024-04-21T19:59:02.196+0000] {dagbag.py:540} INFO - Filling up the DagBag from /home/airflow/.local/lib/python3.9/site-packages/airflow/example_dags/example_dag_decorator.py
[2024-04-21T19:59:02.487+0000] {processor.py:840} INFO - DAG(s) 'example_dag_decorator' retrieved from /home/airflow/.local/lib/python3.9/site-packages/airflow/example_dags/example_dag_decorator.py
[2024-04-21T19:59:02.854+0000] {logging_mixin.py:188} INFO - [2024-04-21T19:59:02.854+0000] {dag.py:3047} INFO - Sync 1 DAGs
[2024-04-21T19:59:02.876+0000] {logging_mixin.py:188} INFO - [2024-04-21T19:59:02.876+0000] {dag.py:3834} INFO - Setting next_dagrun for example_dag_decorator to None, run_after=None
[2024-04-21T19:59:02.944+0000] {processor.py:183} INFO - Processing /home/airflow/.local/lib/python3.9/site-packages/airflow/example_dags/example_dag_decorator.py took 0.755 seconds
[2024-04-21T20:03:13.238+0000] {processor.py:161} INFO - Started process (PID=287) to work on /home/airflow/.local/lib/python3.9/site-packages/airflow/example_dags/example_dag_decorator.py
[2024-04-21T20:03:13.239+0000] {processor.py:830} INFO - Processing file /home/airflow/.local/lib/python3.9/site-packages/airflow/example_dags/example_dag_decorator.py for tasks to queue
[2024-04-21T20:03:13.241+0000] {logging_mixin.py:188} INFO - [2024-04-21T20:03:13.240+0000] {dagbag.py:540} INFO - Filling up the DagBag from /home/airflow/.local/lib/python3.9/site-packages/airflow/example_dags/example_dag_decorator.py
[2024-04-21T20:03:13.441+0000] {processor.py:840} INFO - DAG(s) 'example_dag_decorator' retrieved from /home/airflow/.local/lib/python3.9/site-packages/airflow/example_dags/example_dag_decorator.py
[2024-04-21T20:03:13.612+0000] {logging_mixin.py:188} INFO - [2024-04-21T20:03:13.612+0000] {dag.py:3047} INFO - Sync 1 DAGs
[2024-04-21T20:03:13.623+0000] {logging_mixin.py:188} INFO - [2024-04-21T20:03:13.623+0000] {dag.py:3834} INFO - Setting next_dagrun for example_dag_decorator to None, run_after=None
[2024-04-21T20:03:13.668+0000] {processor.py:183} INFO - Processing /home/airflow/.local/lib/python3.9/site-packages/airflow/example_dags/example_dag_decorator.py took 0.436 seconds
[2024-04-21T20:04:22.354+0000] {processor.py:161} INFO - Started process (PID=354) to work on /home/airflow/.local/lib/python3.9/site-packages/airflow/example_dags/example_dag_decorator.py
[2024-04-21T20:04:22.356+0000] {processor.py:830} INFO - Processing file /home/airflow/.local/lib/python3.9/site-packages/airflow/example_dags/example_dag_decorator.py for tasks to queue
[2024-04-21T20:04:22.358+0000] {logging_mixin.py:188} INFO - [2024-04-21T20:04:22.357+0000] {dagbag.py:540} INFO - Filling up the DagBag from /home/airflow/.local/lib/python3.9/site-packages/airflow/example_dags/example_dag_decorator.py
[2024-04-21T20:04:22.572+0000] {processor.py:840} INFO - DAG(s) 'example_dag_decorator' retrieved from /home/airflow/.local/lib/python3.9/site-packages/airflow/example_dags/example_dag_decorator.py
[2024-04-21T20:04:22.873+0000] {logging_mixin.py:188} INFO - [2024-04-21T20:04:22.873+0000] {dag.py:3047} INFO - Sync 1 DAGs
[2024-04-21T20:04:22.884+0000] {logging_mixin.py:188} INFO - [2024-04-21T20:04:22.883+0000] {dag.py:3834} INFO - Setting next_dagrun for example_dag_decorator to None, run_after=None
[2024-04-21T20:04:22.922+0000] {processor.py:183} INFO - Processing /home/airflow/.local/lib/python3.9/site-packages/airflow/example_dags/example_dag_decorator.py took 0.573 seconds
[2024-04-21T20:04:54.037+0000] {processor.py:161} INFO - Started process (PID=413) to work on /home/airflow/.local/lib/python3.9/site-packages/airflow/example_dags/example_dag_decorator.py
[2024-04-21T20:04:54.038+0000] {processor.py:830} INFO - Processing file /home/airflow/.local/lib/python3.9/site-packages/airflow/example_dags/example_dag_decorator.py for tasks to queue
[2024-04-21T20:04:54.040+0000] {logging_mixin.py:188} INFO - [2024-04-21T20:04:54.039+0000] {dagbag.py:540} INFO - Filling up the DagBag from /home/airflow/.local/lib/python3.9/site-packages/airflow/example_dags/example_dag_decorator.py
[2024-04-21T20:04:54.221+0000] {processor.py:840} INFO - DAG(s) 'example_dag_decorator' retrieved from /home/airflow/.local/lib/python3.9/site-packages/airflow/example_dags/example_dag_decorator.py
[2024-04-21T20:04:54.305+0000] {logging_mixin.py:188} INFO - [2024-04-21T20:04:54.304+0000] {dag.py:3047} INFO - Sync 1 DAGs
[2024-04-21T20:04:54.322+0000] {logging_mixin.py:188} INFO - [2024-04-21T20:04:54.322+0000] {dag.py:3834} INFO - Setting next_dagrun for example_dag_decorator to None, run_after=None
[2024-04-21T20:04:54.367+0000] {processor.py:183} INFO - Processing /home/airflow/.local/lib/python3.9/site-packages/airflow/example_dags/example_dag_decorator.py took 0.333 seconds
[2024-04-21T20:05:24.855+0000] {processor.py:161} INFO - Started process (PID=470) to work on /home/airflow/.local/lib/python3.9/site-packages/airflow/example_dags/example_dag_decorator.py
[2024-04-21T20:05:24.857+0000] {processor.py:830} INFO - Processing file /home/airflow/.local/lib/python3.9/site-packages/airflow/example_dags/example_dag_decorator.py for tasks to queue
[2024-04-21T20:05:24.859+0000] {logging_mixin.py:188} INFO - [2024-04-21T20:05:24.859+0000] {dagbag.py:540} INFO - Filling up the DagBag from /home/airflow/.local/lib/python3.9/site-packages/airflow/example_dags/example_dag_decorator.py
[2024-04-21T20:05:25.119+0000] {processor.py:840} INFO - DAG(s) 'example_dag_decorator' retrieved from /home/airflow/.local/lib/python3.9/site-packages/airflow/example_dags/example_dag_decorator.py
[2024-04-21T20:05:25.492+0000] {logging_mixin.py:188} INFO - [2024-04-21T20:05:25.492+0000] {dag.py:3047} INFO - Sync 1 DAGs
[2024-04-21T20:05:25.513+0000] {logging_mixin.py:188} INFO - [2024-04-21T20:05:25.512+0000] {dag.py:3834} INFO - Setting next_dagrun for example_dag_decorator to None, run_after=None
[2024-04-21T20:05:25.580+0000] {processor.py:183} INFO - Processing /home/airflow/.local/lib/python3.9/site-packages/airflow/example_dags/example_dag_decorator.py took 0.730 seconds
[2024-04-21T20:05:56.181+0000] {processor.py:161} INFO - Started process (PID=525) to work on /home/airflow/.local/lib/python3.9/site-packages/airflow/example_dags/example_dag_decorator.py
[2024-04-21T20:05:56.183+0000] {processor.py:830} INFO - Processing file /home/airflow/.local/lib/python3.9/site-packages/airflow/example_dags/example_dag_decorator.py for tasks to queue
[2024-04-21T20:05:56.186+0000] {logging_mixin.py:188} INFO - [2024-04-21T20:05:56.185+0000] {dagbag.py:540} INFO - Filling up the DagBag from /home/airflow/.local/lib/python3.9/site-packages/airflow/example_dags/example_dag_decorator.py
[2024-04-21T20:05:56.467+0000] {processor.py:840} INFO - DAG(s) 'example_dag_decorator' retrieved from /home/airflow/.local/lib/python3.9/site-packages/airflow/example_dags/example_dag_decorator.py
[2024-04-21T20:05:56.865+0000] {logging_mixin.py:188} INFO - [2024-04-21T20:05:56.864+0000] {dag.py:3047} INFO - Sync 1 DAGs
[2024-04-21T20:05:56.887+0000] {logging_mixin.py:188} INFO - [2024-04-21T20:05:56.887+0000] {dag.py:3834} INFO - Setting next_dagrun for example_dag_decorator to None, run_after=None
[2024-04-21T20:05:56.952+0000] {processor.py:183} INFO - Processing /home/airflow/.local/lib/python3.9/site-packages/airflow/example_dags/example_dag_decorator.py took 0.777 seconds
[2024-04-21T20:06:49.598+0000] {processor.py:161} INFO - Started process (PID=588) to work on /home/airflow/.local/lib/python3.9/site-packages/airflow/example_dags/example_dag_decorator.py
[2024-04-21T20:06:49.599+0000] {processor.py:830} INFO - Processing file /home/airflow/.local/lib/python3.9/site-packages/airflow/example_dags/example_dag_decorator.py for tasks to queue
[2024-04-21T20:06:49.600+0000] {logging_mixin.py:188} INFO - [2024-04-21T20:06:49.600+0000] {dagbag.py:540} INFO - Filling up the DagBag from /home/airflow/.local/lib/python3.9/site-packages/airflow/example_dags/example_dag_decorator.py
[2024-04-21T20:06:49.803+0000] {processor.py:840} INFO - DAG(s) 'example_dag_decorator' retrieved from /home/airflow/.local/lib/python3.9/site-packages/airflow/example_dags/example_dag_decorator.py
[2024-04-21T20:06:50.126+0000] {logging_mixin.py:188} INFO - [2024-04-21T20:06:50.126+0000] {dag.py:3047} INFO - Sync 1 DAGs
[2024-04-21T20:06:50.143+0000] {logging_mixin.py:188} INFO - [2024-04-21T20:06:50.142+0000] {dag.py:3834} INFO - Setting next_dagrun for example_dag_decorator to None, run_after=None
[2024-04-21T20:06:50.189+0000] {processor.py:183} INFO - Processing /home/airflow/.local/lib/python3.9/site-packages/airflow/example_dags/example_dag_decorator.py took 0.594 seconds
[2024-04-21T20:07:20.848+0000] {processor.py:161} INFO - Started process (PID=646) to work on /home/airflow/.local/lib/python3.9/site-packages/airflow/example_dags/example_dag_decorator.py
[2024-04-21T20:07:20.849+0000] {processor.py:830} INFO - Processing file /home/airflow/.local/lib/python3.9/site-packages/airflow/example_dags/example_dag_decorator.py for tasks to queue
[2024-04-21T20:07:20.851+0000] {logging_mixin.py:188} INFO - [2024-04-21T20:07:20.850+0000] {dagbag.py:540} INFO - Filling up the DagBag from /home/airflow/.local/lib/python3.9/site-packages/airflow/example_dags/example_dag_decorator.py
[2024-04-21T20:07:21.074+0000] {processor.py:840} INFO - DAG(s) 'example_dag_decorator' retrieved from /home/airflow/.local/lib/python3.9/site-packages/airflow/example_dags/example_dag_decorator.py
[2024-04-21T20:07:21.493+0000] {logging_mixin.py:188} INFO - [2024-04-21T20:07:21.487+0000] {dag.py:3047} INFO - Sync 1 DAGs
[2024-04-21T20:07:21.545+0000] {logging_mixin.py:188} INFO - [2024-04-21T20:07:21.537+0000] {dag.py:3834} INFO - Setting next_dagrun for example_dag_decorator to None, run_after=None
[2024-04-21T20:07:21.783+0000] {processor.py:183} INFO - Processing /home/airflow/.local/lib/python3.9/site-packages/airflow/example_dags/example_dag_decorator.py took 0.939 seconds
[2024-04-21T20:07:52.317+0000] {processor.py:161} INFO - Started process (PID=705) to work on /home/airflow/.local/lib/python3.9/site-packages/airflow/example_dags/example_dag_decorator.py
[2024-04-21T20:07:52.318+0000] {processor.py:830} INFO - Processing file /home/airflow/.local/lib/python3.9/site-packages/airflow/example_dags/example_dag_decorator.py for tasks to queue
[2024-04-21T20:07:52.320+0000] {logging_mixin.py:188} INFO - [2024-04-21T20:07:52.319+0000] {dagbag.py:540} INFO - Filling up the DagBag from /home/airflow/.local/lib/python3.9/site-packages/airflow/example_dags/example_dag_decorator.py
[2024-04-21T20:07:52.550+0000] {processor.py:840} INFO - DAG(s) 'example_dag_decorator' retrieved from /home/airflow/.local/lib/python3.9/site-packages/airflow/example_dags/example_dag_decorator.py
[2024-04-21T20:07:52.900+0000] {logging_mixin.py:188} INFO - [2024-04-21T20:07:52.900+0000] {dag.py:3047} INFO - Sync 1 DAGs
[2024-04-21T20:07:52.915+0000] {logging_mixin.py:188} INFO - [2024-04-21T20:07:52.914+0000] {dag.py:3834} INFO - Setting next_dagrun for example_dag_decorator to None, run_after=None
[2024-04-21T20:07:52.954+0000] {processor.py:183} INFO - Processing /home/airflow/.local/lib/python3.9/site-packages/airflow/example_dags/example_dag_decorator.py took 0.641 seconds
[2024-04-21T20:08:24.262+0000] {processor.py:161} INFO - Started process (PID=761) to work on /home/airflow/.local/lib/python3.9/site-packages/airflow/example_dags/example_dag_decorator.py
[2024-04-21T20:08:24.263+0000] {processor.py:830} INFO - Processing file /home/airflow/.local/lib/python3.9/site-packages/airflow/example_dags/example_dag_decorator.py for tasks to queue
[2024-04-21T20:08:24.265+0000] {logging_mixin.py:188} INFO - [2024-04-21T20:08:24.264+0000] {dagbag.py:540} INFO - Filling up the DagBag from /home/airflow/.local/lib/python3.9/site-packages/airflow/example_dags/example_dag_decorator.py
[2024-04-21T20:08:24.464+0000] {processor.py:840} INFO - DAG(s) 'example_dag_decorator' retrieved from /home/airflow/.local/lib/python3.9/site-packages/airflow/example_dags/example_dag_decorator.py
[2024-04-21T20:08:24.742+0000] {logging_mixin.py:188} INFO - [2024-04-21T20:08:24.742+0000] {dag.py:3047} INFO - Sync 1 DAGs
[2024-04-21T20:08:24.756+0000] {logging_mixin.py:188} INFO - [2024-04-21T20:08:24.756+0000] {dag.py:3834} INFO - Setting next_dagrun for example_dag_decorator to None, run_after=None
[2024-04-21T20:08:24.807+0000] {processor.py:183} INFO - Processing /home/airflow/.local/lib/python3.9/site-packages/airflow/example_dags/example_dag_decorator.py took 0.549 seconds
[2024-04-21T20:10:06.406+0000] {processor.py:161} INFO - Started process (PID=830) to work on /home/airflow/.local/lib/python3.9/site-packages/airflow/example_dags/example_dag_decorator.py
[2024-04-21T20:10:06.409+0000] {processor.py:830} INFO - Processing file /home/airflow/.local/lib/python3.9/site-packages/airflow/example_dags/example_dag_decorator.py for tasks to queue
[2024-04-21T20:10:06.410+0000] {logging_mixin.py:188} INFO - [2024-04-21T20:10:06.410+0000] {dagbag.py:540} INFO - Filling up the DagBag from /home/airflow/.local/lib/python3.9/site-packages/airflow/example_dags/example_dag_decorator.py
[2024-04-21T20:10:06.691+0000] {processor.py:840} INFO - DAG(s) 'example_dag_decorator' retrieved from /home/airflow/.local/lib/python3.9/site-packages/airflow/example_dags/example_dag_decorator.py
[2024-04-21T20:10:06.998+0000] {logging_mixin.py:188} INFO - [2024-04-21T20:10:06.998+0000] {dag.py:3047} INFO - Sync 1 DAGs
[2024-04-21T20:10:07.014+0000] {logging_mixin.py:188} INFO - [2024-04-21T20:10:07.013+0000] {dag.py:3834} INFO - Setting next_dagrun for example_dag_decorator to None, run_after=None
[2024-04-21T20:10:07.053+0000] {processor.py:183} INFO - Processing /home/airflow/.local/lib/python3.9/site-packages/airflow/example_dags/example_dag_decorator.py took 0.649 seconds
[2024-04-21T20:10:37.982+0000] {processor.py:161} INFO - Started process (PID=888) to work on /home/airflow/.local/lib/python3.9/site-packages/airflow/example_dags/example_dag_decorator.py
[2024-04-21T20:10:37.983+0000] {processor.py:830} INFO - Processing file /home/airflow/.local/lib/python3.9/site-packages/airflow/example_dags/example_dag_decorator.py for tasks to queue
[2024-04-21T20:10:37.986+0000] {logging_mixin.py:188} INFO - [2024-04-21T20:10:37.984+0000] {dagbag.py:540} INFO - Filling up the DagBag from /home/airflow/.local/lib/python3.9/site-packages/airflow/example_dags/example_dag_decorator.py
[2024-04-21T20:10:38.191+0000] {processor.py:840} INFO - DAG(s) 'example_dag_decorator' retrieved from /home/airflow/.local/lib/python3.9/site-packages/airflow/example_dags/example_dag_decorator.py
[2024-04-21T20:10:39.247+0000] {logging_mixin.py:188} INFO - [2024-04-21T20:10:39.245+0000] {dag.py:3047} INFO - Sync 1 DAGs
[2024-04-21T20:10:39.294+0000] {logging_mixin.py:188} INFO - [2024-04-21T20:10:39.289+0000] {dag.py:3834} INFO - Setting next_dagrun for example_dag_decorator to None, run_after=None
[2024-04-21T20:10:41.969+0000] {processor.py:183} INFO - Processing /home/airflow/.local/lib/python3.9/site-packages/airflow/example_dags/example_dag_decorator.py took 3.992 seconds
[2024-04-21T20:11:12.154+0000] {processor.py:161} INFO - Started process (PID=947) to work on /home/airflow/.local/lib/python3.9/site-packages/airflow/example_dags/example_dag_decorator.py
[2024-04-21T20:11:12.155+0000] {processor.py:830} INFO - Processing file /home/airflow/.local/lib/python3.9/site-packages/airflow/example_dags/example_dag_decorator.py for tasks to queue
[2024-04-21T20:11:12.158+0000] {logging_mixin.py:188} INFO - [2024-04-21T20:11:12.157+0000] {dagbag.py:540} INFO - Filling up the DagBag from /home/airflow/.local/lib/python3.9/site-packages/airflow/example_dags/example_dag_decorator.py
[2024-04-21T20:11:12.372+0000] {processor.py:840} INFO - DAG(s) 'example_dag_decorator' retrieved from /home/airflow/.local/lib/python3.9/site-packages/airflow/example_dags/example_dag_decorator.py
[2024-04-21T20:11:12.638+0000] {logging_mixin.py:188} INFO - [2024-04-21T20:11:12.637+0000] {dag.py:3047} INFO - Sync 1 DAGs
[2024-04-21T20:11:12.649+0000] {logging_mixin.py:188} INFO - [2024-04-21T20:11:12.648+0000] {dag.py:3834} INFO - Setting next_dagrun for example_dag_decorator to None, run_after=None
[2024-04-21T20:11:12.693+0000] {processor.py:183} INFO - Processing /home/airflow/.local/lib/python3.9/site-packages/airflow/example_dags/example_dag_decorator.py took 0.542 seconds
[2024-04-21T20:14:24.922+0000] {processor.py:161} INFO - Started process (PID=74) to work on /home/airflow/.local/lib/python3.9/site-packages/airflow/example_dags/example_dag_decorator.py
[2024-04-21T20:14:24.923+0000] {processor.py:830} INFO - Processing file /home/airflow/.local/lib/python3.9/site-packages/airflow/example_dags/example_dag_decorator.py for tasks to queue
[2024-04-21T20:14:24.925+0000] {logging_mixin.py:188} INFO - [2024-04-21T20:14:24.925+0000] {dagbag.py:540} INFO - Filling up the DagBag from /home/airflow/.local/lib/python3.9/site-packages/airflow/example_dags/example_dag_decorator.py
[2024-04-21T20:14:25.082+0000] {processor.py:840} INFO - DAG(s) 'example_dag_decorator' retrieved from /home/airflow/.local/lib/python3.9/site-packages/airflow/example_dags/example_dag_decorator.py
[2024-04-21T20:14:25.270+0000] {logging_mixin.py:188} INFO - [2024-04-21T20:14:25.269+0000] {dag.py:3047} INFO - Sync 1 DAGs
[2024-04-21T20:14:25.288+0000] {logging_mixin.py:188} INFO - [2024-04-21T20:14:25.288+0000] {dag.py:3834} INFO - Setting next_dagrun for example_dag_decorator to None, run_after=None
[2024-04-21T20:14:25.335+0000] {processor.py:183} INFO - Processing /home/airflow/.local/lib/python3.9/site-packages/airflow/example_dags/example_dag_decorator.py took 0.415 seconds
[2024-04-21T20:14:56.148+0000] {processor.py:161} INFO - Started process (PID=132) to work on /home/airflow/.local/lib/python3.9/site-packages/airflow/example_dags/example_dag_decorator.py
[2024-04-21T20:14:56.149+0000] {processor.py:830} INFO - Processing file /home/airflow/.local/lib/python3.9/site-packages/airflow/example_dags/example_dag_decorator.py for tasks to queue
[2024-04-21T20:14:56.151+0000] {logging_mixin.py:188} INFO - [2024-04-21T20:14:56.151+0000] {dagbag.py:540} INFO - Filling up the DagBag from /home/airflow/.local/lib/python3.9/site-packages/airflow/example_dags/example_dag_decorator.py
[2024-04-21T20:14:56.297+0000] {processor.py:840} INFO - DAG(s) 'example_dag_decorator' retrieved from /home/airflow/.local/lib/python3.9/site-packages/airflow/example_dags/example_dag_decorator.py
[2024-04-21T20:14:56.591+0000] {logging_mixin.py:188} INFO - [2024-04-21T20:14:56.590+0000] {dag.py:3047} INFO - Sync 1 DAGs
[2024-04-21T20:14:56.609+0000] {logging_mixin.py:188} INFO - [2024-04-21T20:14:56.609+0000] {dag.py:3834} INFO - Setting next_dagrun for example_dag_decorator to None, run_after=None
[2024-04-21T20:14:56.709+0000] {processor.py:183} INFO - Processing /home/airflow/.local/lib/python3.9/site-packages/airflow/example_dags/example_dag_decorator.py took 0.565 seconds
[2024-04-21T20:15:27.342+0000] {processor.py:161} INFO - Started process (PID=190) to work on /home/airflow/.local/lib/python3.9/site-packages/airflow/example_dags/example_dag_decorator.py
[2024-04-21T20:15:27.343+0000] {processor.py:830} INFO - Processing file /home/airflow/.local/lib/python3.9/site-packages/airflow/example_dags/example_dag_decorator.py for tasks to queue
[2024-04-21T20:15:27.345+0000] {logging_mixin.py:188} INFO - [2024-04-21T20:15:27.345+0000] {dagbag.py:540} INFO - Filling up the DagBag from /home/airflow/.local/lib/python3.9/site-packages/airflow/example_dags/example_dag_decorator.py
[2024-04-21T20:15:27.495+0000] {processor.py:840} INFO - DAG(s) 'example_dag_decorator' retrieved from /home/airflow/.local/lib/python3.9/site-packages/airflow/example_dags/example_dag_decorator.py
[2024-04-21T20:15:27.759+0000] {logging_mixin.py:188} INFO - [2024-04-21T20:15:27.759+0000] {dag.py:3047} INFO - Sync 1 DAGs
[2024-04-21T20:15:27.776+0000] {logging_mixin.py:188} INFO - [2024-04-21T20:15:27.776+0000] {dag.py:3834} INFO - Setting next_dagrun for example_dag_decorator to None, run_after=None
[2024-04-21T20:15:27.820+0000] {processor.py:183} INFO - Processing /home/airflow/.local/lib/python3.9/site-packages/airflow/example_dags/example_dag_decorator.py took 0.482 seconds
[2024-04-21T20:16:19.261+0000] {processor.py:161} INFO - Started process (PID=74) to work on /home/airflow/.local/lib/python3.9/site-packages/airflow/example_dags/example_dag_decorator.py
[2024-04-21T20:16:19.263+0000] {processor.py:830} INFO - Processing file /home/airflow/.local/lib/python3.9/site-packages/airflow/example_dags/example_dag_decorator.py for tasks to queue
[2024-04-21T20:16:19.265+0000] {logging_mixin.py:188} INFO - [2024-04-21T20:16:19.265+0000] {dagbag.py:540} INFO - Filling up the DagBag from /home/airflow/.local/lib/python3.9/site-packages/airflow/example_dags/example_dag_decorator.py
[2024-04-21T20:16:19.425+0000] {processor.py:840} INFO - DAG(s) 'example_dag_decorator' retrieved from /home/airflow/.local/lib/python3.9/site-packages/airflow/example_dags/example_dag_decorator.py
[2024-04-21T20:16:19.664+0000] {logging_mixin.py:188} INFO - [2024-04-21T20:16:19.663+0000] {dag.py:3047} INFO - Sync 1 DAGs
[2024-04-21T20:16:19.681+0000] {logging_mixin.py:188} INFO - [2024-04-21T20:16:19.681+0000] {dag.py:3834} INFO - Setting next_dagrun for example_dag_decorator to None, run_after=None
[2024-04-21T20:16:19.731+0000] {processor.py:183} INFO - Processing /home/airflow/.local/lib/python3.9/site-packages/airflow/example_dags/example_dag_decorator.py took 0.472 seconds
[2024-04-21T20:16:50.058+0000] {processor.py:161} INFO - Started process (PID=133) to work on /home/airflow/.local/lib/python3.9/site-packages/airflow/example_dags/example_dag_decorator.py
[2024-04-21T20:16:50.059+0000] {processor.py:830} INFO - Processing file /home/airflow/.local/lib/python3.9/site-packages/airflow/example_dags/example_dag_decorator.py for tasks to queue
[2024-04-21T20:16:50.061+0000] {logging_mixin.py:188} INFO - [2024-04-21T20:16:50.061+0000] {dagbag.py:540} INFO - Filling up the DagBag from /home/airflow/.local/lib/python3.9/site-packages/airflow/example_dags/example_dag_decorator.py
[2024-04-21T20:16:50.201+0000] {processor.py:840} INFO - DAG(s) 'example_dag_decorator' retrieved from /home/airflow/.local/lib/python3.9/site-packages/airflow/example_dags/example_dag_decorator.py
[2024-04-21T20:16:50.405+0000] {logging_mixin.py:188} INFO - [2024-04-21T20:16:50.405+0000] {dag.py:3047} INFO - Sync 1 DAGs
[2024-04-21T20:16:50.416+0000] {logging_mixin.py:188} INFO - [2024-04-21T20:16:50.416+0000] {dag.py:3834} INFO - Setting next_dagrun for example_dag_decorator to None, run_after=None
[2024-04-21T20:16:50.453+0000] {processor.py:183} INFO - Processing /home/airflow/.local/lib/python3.9/site-packages/airflow/example_dags/example_dag_decorator.py took 0.398 seconds
[2024-04-21T20:17:21.298+0000] {processor.py:161} INFO - Started process (PID=190) to work on /home/airflow/.local/lib/python3.9/site-packages/airflow/example_dags/example_dag_decorator.py
[2024-04-21T20:17:21.300+0000] {processor.py:830} INFO - Processing file /home/airflow/.local/lib/python3.9/site-packages/airflow/example_dags/example_dag_decorator.py for tasks to queue
[2024-04-21T20:17:21.302+0000] {logging_mixin.py:188} INFO - [2024-04-21T20:17:21.302+0000] {dagbag.py:540} INFO - Filling up the DagBag from /home/airflow/.local/lib/python3.9/site-packages/airflow/example_dags/example_dag_decorator.py
[2024-04-21T20:17:21.450+0000] {processor.py:840} INFO - DAG(s) 'example_dag_decorator' retrieved from /home/airflow/.local/lib/python3.9/site-packages/airflow/example_dags/example_dag_decorator.py
[2024-04-21T20:17:21.828+0000] {logging_mixin.py:188} INFO - [2024-04-21T20:17:21.827+0000] {dag.py:3047} INFO - Sync 1 DAGs
[2024-04-21T20:17:21.934+0000] {logging_mixin.py:188} INFO - [2024-04-21T20:17:21.933+0000] {dag.py:3834} INFO - Setting next_dagrun for example_dag_decorator to None, run_after=None
[2024-04-21T20:17:22.094+0000] {processor.py:183} INFO - Processing /home/airflow/.local/lib/python3.9/site-packages/airflow/example_dags/example_dag_decorator.py took 0.798 seconds
[2024-04-21T20:17:53.020+0000] {processor.py:161} INFO - Started process (PID=249) to work on /home/airflow/.local/lib/python3.9/site-packages/airflow/example_dags/example_dag_decorator.py
[2024-04-21T20:17:53.021+0000] {processor.py:830} INFO - Processing file /home/airflow/.local/lib/python3.9/site-packages/airflow/example_dags/example_dag_decorator.py for tasks to queue
[2024-04-21T20:17:53.023+0000] {logging_mixin.py:188} INFO - [2024-04-21T20:17:53.023+0000] {dagbag.py:540} INFO - Filling up the DagBag from /home/airflow/.local/lib/python3.9/site-packages/airflow/example_dags/example_dag_decorator.py
[2024-04-21T20:17:53.170+0000] {processor.py:840} INFO - DAG(s) 'example_dag_decorator' retrieved from /home/airflow/.local/lib/python3.9/site-packages/airflow/example_dags/example_dag_decorator.py
[2024-04-21T20:17:53.424+0000] {logging_mixin.py:188} INFO - [2024-04-21T20:17:53.424+0000] {dag.py:3047} INFO - Sync 1 DAGs
[2024-04-21T20:17:53.448+0000] {logging_mixin.py:188} INFO - [2024-04-21T20:17:53.448+0000] {dag.py:3834} INFO - Setting next_dagrun for example_dag_decorator to None, run_after=None
[2024-04-21T20:17:53.484+0000] {processor.py:183} INFO - Processing /home/airflow/.local/lib/python3.9/site-packages/airflow/example_dags/example_dag_decorator.py took 0.468 seconds
[2024-04-21T20:18:24.479+0000] {processor.py:161} INFO - Started process (PID=309) to work on /home/airflow/.local/lib/python3.9/site-packages/airflow/example_dags/example_dag_decorator.py
[2024-04-21T20:18:24.481+0000] {processor.py:830} INFO - Processing file /home/airflow/.local/lib/python3.9/site-packages/airflow/example_dags/example_dag_decorator.py for tasks to queue
[2024-04-21T20:18:24.486+0000] {logging_mixin.py:188} INFO - [2024-04-21T20:18:24.485+0000] {dagbag.py:540} INFO - Filling up the DagBag from /home/airflow/.local/lib/python3.9/site-packages/airflow/example_dags/example_dag_decorator.py
[2024-04-21T20:18:24.672+0000] {processor.py:840} INFO - DAG(s) 'example_dag_decorator' retrieved from /home/airflow/.local/lib/python3.9/site-packages/airflow/example_dags/example_dag_decorator.py
[2024-04-21T20:18:24.747+0000] {logging_mixin.py:188} INFO - [2024-04-21T20:18:24.746+0000] {dag.py:3047} INFO - Sync 1 DAGs
[2024-04-21T20:18:24.761+0000] {logging_mixin.py:188} INFO - [2024-04-21T20:18:24.760+0000] {dag.py:3834} INFO - Setting next_dagrun for example_dag_decorator to None, run_after=None
[2024-04-21T20:18:24.801+0000] {processor.py:183} INFO - Processing /home/airflow/.local/lib/python3.9/site-packages/airflow/example_dags/example_dag_decorator.py took 0.328 seconds
[2024-04-21T20:18:55.573+0000] {processor.py:161} INFO - Started process (PID=366) to work on /home/airflow/.local/lib/python3.9/site-packages/airflow/example_dags/example_dag_decorator.py
[2024-04-21T20:18:55.575+0000] {processor.py:830} INFO - Processing file /home/airflow/.local/lib/python3.9/site-packages/airflow/example_dags/example_dag_decorator.py for tasks to queue
[2024-04-21T20:18:55.577+0000] {logging_mixin.py:188} INFO - [2024-04-21T20:18:55.576+0000] {dagbag.py:540} INFO - Filling up the DagBag from /home/airflow/.local/lib/python3.9/site-packages/airflow/example_dags/example_dag_decorator.py
[2024-04-21T20:18:55.792+0000] {processor.py:840} INFO - DAG(s) 'example_dag_decorator' retrieved from /home/airflow/.local/lib/python3.9/site-packages/airflow/example_dags/example_dag_decorator.py
[2024-04-21T20:18:56.059+0000] {logging_mixin.py:188} INFO - [2024-04-21T20:18:56.058+0000] {dag.py:3047} INFO - Sync 1 DAGs
[2024-04-21T20:18:56.076+0000] {logging_mixin.py:188} INFO - [2024-04-21T20:18:56.076+0000] {dag.py:3834} INFO - Setting next_dagrun for example_dag_decorator to None, run_after=None
[2024-04-21T20:18:56.135+0000] {processor.py:183} INFO - Processing /home/airflow/.local/lib/python3.9/site-packages/airflow/example_dags/example_dag_decorator.py took 0.568 seconds
[2024-04-21T20:32:57.457+0000] {processor.py:161} INFO - Started process (PID=76) to work on /home/airflow/.local/lib/python3.9/site-packages/airflow/example_dags/example_dag_decorator.py
[2024-04-21T20:32:57.459+0000] {processor.py:830} INFO - Processing file /home/airflow/.local/lib/python3.9/site-packages/airflow/example_dags/example_dag_decorator.py for tasks to queue
[2024-04-21T20:32:57.461+0000] {logging_mixin.py:188} INFO - [2024-04-21T20:32:57.461+0000] {dagbag.py:540} INFO - Filling up the DagBag from /home/airflow/.local/lib/python3.9/site-packages/airflow/example_dags/example_dag_decorator.py
[2024-04-21T20:32:57.615+0000] {processor.py:840} INFO - DAG(s) 'example_dag_decorator' retrieved from /home/airflow/.local/lib/python3.9/site-packages/airflow/example_dags/example_dag_decorator.py
[2024-04-21T20:32:57.760+0000] {logging_mixin.py:188} INFO - [2024-04-21T20:32:57.760+0000] {dag.py:3047} INFO - Sync 1 DAGs
[2024-04-21T20:32:57.773+0000] {logging_mixin.py:188} INFO - [2024-04-21T20:32:57.772+0000] {dag.py:3834} INFO - Setting next_dagrun for example_dag_decorator to None, run_after=None
[2024-04-21T20:32:57.814+0000] {processor.py:183} INFO - Processing /home/airflow/.local/lib/python3.9/site-packages/airflow/example_dags/example_dag_decorator.py took 0.359 seconds
[2024-04-21T20:33:24.729+0000] {processor.py:161} INFO - Started process (PID=74) to work on /home/airflow/.local/lib/python3.9/site-packages/airflow/example_dags/example_dag_decorator.py
[2024-04-21T20:33:24.731+0000] {processor.py:830} INFO - Processing file /home/airflow/.local/lib/python3.9/site-packages/airflow/example_dags/example_dag_decorator.py for tasks to queue
[2024-04-21T20:33:24.733+0000] {logging_mixin.py:188} INFO - [2024-04-21T20:33:24.733+0000] {dagbag.py:540} INFO - Filling up the DagBag from /home/airflow/.local/lib/python3.9/site-packages/airflow/example_dags/example_dag_decorator.py
[2024-04-21T20:33:24.888+0000] {processor.py:840} INFO - DAG(s) 'example_dag_decorator' retrieved from /home/airflow/.local/lib/python3.9/site-packages/airflow/example_dags/example_dag_decorator.py
[2024-04-21T20:33:24.945+0000] {logging_mixin.py:188} INFO - [2024-04-21T20:33:24.945+0000] {dag.py:3047} INFO - Sync 1 DAGs
[2024-04-21T20:33:24.960+0000] {logging_mixin.py:188} INFO - [2024-04-21T20:33:24.960+0000] {dag.py:3834} INFO - Setting next_dagrun for example_dag_decorator to None, run_after=None
[2024-04-21T20:33:24.994+0000] {processor.py:183} INFO - Processing /home/airflow/.local/lib/python3.9/site-packages/airflow/example_dags/example_dag_decorator.py took 0.268 seconds
[2024-04-21T20:33:55.910+0000] {processor.py:161} INFO - Started process (PID=132) to work on /home/airflow/.local/lib/python3.9/site-packages/airflow/example_dags/example_dag_decorator.py
[2024-04-21T20:33:55.911+0000] {processor.py:830} INFO - Processing file /home/airflow/.local/lib/python3.9/site-packages/airflow/example_dags/example_dag_decorator.py for tasks to queue
[2024-04-21T20:33:55.913+0000] {logging_mixin.py:188} INFO - [2024-04-21T20:33:55.913+0000] {dagbag.py:540} INFO - Filling up the DagBag from /home/airflow/.local/lib/python3.9/site-packages/airflow/example_dags/example_dag_decorator.py
[2024-04-21T20:33:56.104+0000] {processor.py:840} INFO - DAG(s) 'example_dag_decorator' retrieved from /home/airflow/.local/lib/python3.9/site-packages/airflow/example_dags/example_dag_decorator.py
[2024-04-21T20:33:56.336+0000] {logging_mixin.py:188} INFO - [2024-04-21T20:33:56.335+0000] {dag.py:3047} INFO - Sync 1 DAGs
[2024-04-21T20:33:56.350+0000] {logging_mixin.py:188} INFO - [2024-04-21T20:33:56.349+0000] {dag.py:3834} INFO - Setting next_dagrun for example_dag_decorator to None, run_after=None
[2024-04-21T20:33:56.395+0000] {processor.py:183} INFO - Processing /home/airflow/.local/lib/python3.9/site-packages/airflow/example_dags/example_dag_decorator.py took 0.486 seconds
[2024-04-21T20:34:32.431+0000] {processor.py:161} INFO - Started process (PID=74) to work on /home/airflow/.local/lib/python3.9/site-packages/airflow/example_dags/example_dag_decorator.py
[2024-04-21T20:34:32.432+0000] {processor.py:830} INFO - Processing file /home/airflow/.local/lib/python3.9/site-packages/airflow/example_dags/example_dag_decorator.py for tasks to queue
[2024-04-21T20:34:32.434+0000] {logging_mixin.py:188} INFO - [2024-04-21T20:34:32.434+0000] {dagbag.py:540} INFO - Filling up the DagBag from /home/airflow/.local/lib/python3.9/site-packages/airflow/example_dags/example_dag_decorator.py
[2024-04-21T20:34:32.586+0000] {processor.py:840} INFO - DAG(s) 'example_dag_decorator' retrieved from /home/airflow/.local/lib/python3.9/site-packages/airflow/example_dags/example_dag_decorator.py
[2024-04-21T20:34:32.734+0000] {logging_mixin.py:188} INFO - [2024-04-21T20:34:32.734+0000] {dag.py:3047} INFO - Sync 1 DAGs
[2024-04-21T20:34:32.746+0000] {logging_mixin.py:188} INFO - [2024-04-21T20:34:32.745+0000] {dag.py:3834} INFO - Setting next_dagrun for example_dag_decorator to None, run_after=None
[2024-04-21T20:34:32.784+0000] {processor.py:183} INFO - Processing /home/airflow/.local/lib/python3.9/site-packages/airflow/example_dags/example_dag_decorator.py took 0.356 seconds
[2024-04-21T20:35:03.596+0000] {processor.py:161} INFO - Started process (PID=131) to work on /home/airflow/.local/lib/python3.9/site-packages/airflow/example_dags/example_dag_decorator.py
[2024-04-21T20:35:03.598+0000] {processor.py:830} INFO - Processing file /home/airflow/.local/lib/python3.9/site-packages/airflow/example_dags/example_dag_decorator.py for tasks to queue
[2024-04-21T20:35:03.602+0000] {logging_mixin.py:188} INFO - [2024-04-21T20:35:03.601+0000] {dagbag.py:540} INFO - Filling up the DagBag from /home/airflow/.local/lib/python3.9/site-packages/airflow/example_dags/example_dag_decorator.py
[2024-04-21T20:35:03.818+0000] {processor.py:840} INFO - DAG(s) 'example_dag_decorator' retrieved from /home/airflow/.local/lib/python3.9/site-packages/airflow/example_dags/example_dag_decorator.py
[2024-04-21T20:35:04.068+0000] {logging_mixin.py:188} INFO - [2024-04-21T20:35:04.068+0000] {dag.py:3047} INFO - Sync 1 DAGs
[2024-04-21T20:35:04.081+0000] {logging_mixin.py:188} INFO - [2024-04-21T20:35:04.081+0000] {dag.py:3834} INFO - Setting next_dagrun for example_dag_decorator to None, run_after=None
[2024-04-21T20:35:04.126+0000] {processor.py:183} INFO - Processing /home/airflow/.local/lib/python3.9/site-packages/airflow/example_dags/example_dag_decorator.py took 0.534 seconds
[2024-04-21T20:35:34.167+0000] {processor.py:161} INFO - Started process (PID=188) to work on /home/airflow/.local/lib/python3.9/site-packages/airflow/example_dags/example_dag_decorator.py
[2024-04-21T20:35:34.168+0000] {processor.py:830} INFO - Processing file /home/airflow/.local/lib/python3.9/site-packages/airflow/example_dags/example_dag_decorator.py for tasks to queue
[2024-04-21T20:35:34.170+0000] {logging_mixin.py:188} INFO - [2024-04-21T20:35:34.170+0000] {dagbag.py:540} INFO - Filling up the DagBag from /home/airflow/.local/lib/python3.9/site-packages/airflow/example_dags/example_dag_decorator.py
[2024-04-21T20:35:34.343+0000] {processor.py:840} INFO - DAG(s) 'example_dag_decorator' retrieved from /home/airflow/.local/lib/python3.9/site-packages/airflow/example_dags/example_dag_decorator.py
[2024-04-21T20:35:34.568+0000] {logging_mixin.py:188} INFO - [2024-04-21T20:35:34.567+0000] {dag.py:3047} INFO - Sync 1 DAGs
[2024-04-21T20:35:34.580+0000] {logging_mixin.py:188} INFO - [2024-04-21T20:35:34.580+0000] {dag.py:3834} INFO - Setting next_dagrun for example_dag_decorator to None, run_after=None
[2024-04-21T20:35:34.621+0000] {processor.py:183} INFO - Processing /home/airflow/.local/lib/python3.9/site-packages/airflow/example_dags/example_dag_decorator.py took 0.457 seconds
[2024-04-21T20:36:05.222+0000] {processor.py:161} INFO - Started process (PID=245) to work on /home/airflow/.local/lib/python3.9/site-packages/airflow/example_dags/example_dag_decorator.py
[2024-04-21T20:36:05.223+0000] {processor.py:830} INFO - Processing file /home/airflow/.local/lib/python3.9/site-packages/airflow/example_dags/example_dag_decorator.py for tasks to queue
[2024-04-21T20:36:05.225+0000] {logging_mixin.py:188} INFO - [2024-04-21T20:36:05.225+0000] {dagbag.py:540} INFO - Filling up the DagBag from /home/airflow/.local/lib/python3.9/site-packages/airflow/example_dags/example_dag_decorator.py
[2024-04-21T20:36:05.384+0000] {processor.py:840} INFO - DAG(s) 'example_dag_decorator' retrieved from /home/airflow/.local/lib/python3.9/site-packages/airflow/example_dags/example_dag_decorator.py
[2024-04-21T20:36:05.615+0000] {logging_mixin.py:188} INFO - [2024-04-21T20:36:05.615+0000] {dag.py:3047} INFO - Sync 1 DAGs
[2024-04-21T20:36:05.628+0000] {logging_mixin.py:188} INFO - [2024-04-21T20:36:05.628+0000] {dag.py:3834} INFO - Setting next_dagrun for example_dag_decorator to None, run_after=None
[2024-04-21T20:36:05.665+0000] {processor.py:183} INFO - Processing /home/airflow/.local/lib/python3.9/site-packages/airflow/example_dags/example_dag_decorator.py took 0.446 seconds
[2024-04-21T20:36:37.168+0000] {processor.py:161} INFO - Started process (PID=302) to work on /home/airflow/.local/lib/python3.9/site-packages/airflow/example_dags/example_dag_decorator.py
[2024-04-21T20:36:37.170+0000] {processor.py:830} INFO - Processing file /home/airflow/.local/lib/python3.9/site-packages/airflow/example_dags/example_dag_decorator.py for tasks to queue
[2024-04-21T20:36:37.173+0000] {logging_mixin.py:188} INFO - [2024-04-21T20:36:37.173+0000] {dagbag.py:540} INFO - Filling up the DagBag from /home/airflow/.local/lib/python3.9/site-packages/airflow/example_dags/example_dag_decorator.py
[2024-04-21T20:36:37.364+0000] {processor.py:840} INFO - DAG(s) 'example_dag_decorator' retrieved from /home/airflow/.local/lib/python3.9/site-packages/airflow/example_dags/example_dag_decorator.py
[2024-04-21T20:36:37.687+0000] {logging_mixin.py:188} INFO - [2024-04-21T20:36:37.687+0000] {dag.py:3047} INFO - Sync 1 DAGs
[2024-04-21T20:36:37.699+0000] {logging_mixin.py:188} INFO - [2024-04-21T20:36:37.698+0000] {dag.py:3834} INFO - Setting next_dagrun for example_dag_decorator to None, run_after=None
[2024-04-21T20:36:37.736+0000] {processor.py:183} INFO - Processing /home/airflow/.local/lib/python3.9/site-packages/airflow/example_dags/example_dag_decorator.py took 0.571 seconds
[2024-04-21T20:37:07.878+0000] {processor.py:161} INFO - Started process (PID=359) to work on /home/airflow/.local/lib/python3.9/site-packages/airflow/example_dags/example_dag_decorator.py
[2024-04-21T20:37:07.879+0000] {processor.py:830} INFO - Processing file /home/airflow/.local/lib/python3.9/site-packages/airflow/example_dags/example_dag_decorator.py for tasks to queue
[2024-04-21T20:37:07.881+0000] {logging_mixin.py:188} INFO - [2024-04-21T20:37:07.881+0000] {dagbag.py:540} INFO - Filling up the DagBag from /home/airflow/.local/lib/python3.9/site-packages/airflow/example_dags/example_dag_decorator.py
[2024-04-21T20:37:08.015+0000] {processor.py:840} INFO - DAG(s) 'example_dag_decorator' retrieved from /home/airflow/.local/lib/python3.9/site-packages/airflow/example_dags/example_dag_decorator.py
[2024-04-21T20:37:08.338+0000] {logging_mixin.py:188} INFO - [2024-04-21T20:37:08.336+0000] {dag.py:3047} INFO - Sync 1 DAGs
[2024-04-21T20:37:08.370+0000] {logging_mixin.py:188} INFO - [2024-04-21T20:37:08.369+0000] {dag.py:3834} INFO - Setting next_dagrun for example_dag_decorator to None, run_after=None
[2024-04-21T20:37:08.429+0000] {processor.py:183} INFO - Processing /home/airflow/.local/lib/python3.9/site-packages/airflow/example_dags/example_dag_decorator.py took 0.554 seconds
[2024-04-21T20:37:39.172+0000] {processor.py:161} INFO - Started process (PID=417) to work on /home/airflow/.local/lib/python3.9/site-packages/airflow/example_dags/example_dag_decorator.py
[2024-04-21T20:37:39.174+0000] {processor.py:830} INFO - Processing file /home/airflow/.local/lib/python3.9/site-packages/airflow/example_dags/example_dag_decorator.py for tasks to queue
[2024-04-21T20:37:39.176+0000] {logging_mixin.py:188} INFO - [2024-04-21T20:37:39.176+0000] {dagbag.py:540} INFO - Filling up the DagBag from /home/airflow/.local/lib/python3.9/site-packages/airflow/example_dags/example_dag_decorator.py
[2024-04-21T20:37:39.337+0000] {processor.py:840} INFO - DAG(s) 'example_dag_decorator' retrieved from /home/airflow/.local/lib/python3.9/site-packages/airflow/example_dags/example_dag_decorator.py
[2024-04-21T20:37:39.564+0000] {logging_mixin.py:188} INFO - [2024-04-21T20:37:39.564+0000] {dag.py:3047} INFO - Sync 1 DAGs
[2024-04-21T20:37:39.580+0000] {logging_mixin.py:188} INFO - [2024-04-21T20:37:39.580+0000] {dag.py:3834} INFO - Setting next_dagrun for example_dag_decorator to None, run_after=None
[2024-04-21T20:37:39.623+0000] {processor.py:183} INFO - Processing /home/airflow/.local/lib/python3.9/site-packages/airflow/example_dags/example_dag_decorator.py took 0.454 seconds
[2024-04-21T20:38:10.313+0000] {processor.py:161} INFO - Started process (PID=476) to work on /home/airflow/.local/lib/python3.9/site-packages/airflow/example_dags/example_dag_decorator.py
[2024-04-21T20:38:10.314+0000] {processor.py:830} INFO - Processing file /home/airflow/.local/lib/python3.9/site-packages/airflow/example_dags/example_dag_decorator.py for tasks to queue
[2024-04-21T20:38:10.317+0000] {logging_mixin.py:188} INFO - [2024-04-21T20:38:10.316+0000] {dagbag.py:540} INFO - Filling up the DagBag from /home/airflow/.local/lib/python3.9/site-packages/airflow/example_dags/example_dag_decorator.py
[2024-04-21T20:38:10.472+0000] {processor.py:840} INFO - DAG(s) 'example_dag_decorator' retrieved from /home/airflow/.local/lib/python3.9/site-packages/airflow/example_dags/example_dag_decorator.py
[2024-04-21T20:38:10.526+0000] {logging_mixin.py:188} INFO - [2024-04-21T20:38:10.526+0000] {dag.py:3047} INFO - Sync 1 DAGs
[2024-04-21T20:38:10.538+0000] {logging_mixin.py:188} INFO - [2024-04-21T20:38:10.538+0000] {dag.py:3834} INFO - Setting next_dagrun for example_dag_decorator to None, run_after=None
[2024-04-21T20:38:10.568+0000] {processor.py:183} INFO - Processing /home/airflow/.local/lib/python3.9/site-packages/airflow/example_dags/example_dag_decorator.py took 0.257 seconds
[2024-04-21T20:38:42.636+0000] {processor.py:161} INFO - Started process (PID=534) to work on /home/airflow/.local/lib/python3.9/site-packages/airflow/example_dags/example_dag_decorator.py
[2024-04-21T20:38:42.637+0000] {processor.py:830} INFO - Processing file /home/airflow/.local/lib/python3.9/site-packages/airflow/example_dags/example_dag_decorator.py for tasks to queue
[2024-04-21T20:38:42.640+0000] {logging_mixin.py:188} INFO - [2024-04-21T20:38:42.639+0000] {dagbag.py:540} INFO - Filling up the DagBag from /home/airflow/.local/lib/python3.9/site-packages/airflow/example_dags/example_dag_decorator.py
[2024-04-21T20:38:42.794+0000] {processor.py:840} INFO - DAG(s) 'example_dag_decorator' retrieved from /home/airflow/.local/lib/python3.9/site-packages/airflow/example_dags/example_dag_decorator.py
[2024-04-21T20:38:42.850+0000] {logging_mixin.py:188} INFO - [2024-04-21T20:38:42.850+0000] {dag.py:3047} INFO - Sync 1 DAGs
[2024-04-21T20:38:42.862+0000] {logging_mixin.py:188} INFO - [2024-04-21T20:38:42.862+0000] {dag.py:3834} INFO - Setting next_dagrun for example_dag_decorator to None, run_after=None
[2024-04-21T20:38:42.894+0000] {processor.py:183} INFO - Processing /home/airflow/.local/lib/python3.9/site-packages/airflow/example_dags/example_dag_decorator.py took 0.261 seconds
[2024-04-21T20:40:43.534+0000] {processor.py:161} INFO - Started process (PID=618) to work on /home/airflow/.local/lib/python3.9/site-packages/airflow/example_dags/example_dag_decorator.py
[2024-04-21T20:40:43.535+0000] {processor.py:830} INFO - Processing file /home/airflow/.local/lib/python3.9/site-packages/airflow/example_dags/example_dag_decorator.py for tasks to queue
[2024-04-21T20:40:43.537+0000] {logging_mixin.py:188} INFO - [2024-04-21T20:40:43.537+0000] {dagbag.py:540} INFO - Filling up the DagBag from /home/airflow/.local/lib/python3.9/site-packages/airflow/example_dags/example_dag_decorator.py
[2024-04-21T20:40:43.707+0000] {processor.py:840} INFO - DAG(s) 'example_dag_decorator' retrieved from /home/airflow/.local/lib/python3.9/site-packages/airflow/example_dags/example_dag_decorator.py
[2024-04-21T20:40:43.949+0000] {logging_mixin.py:188} INFO - [2024-04-21T20:40:43.948+0000] {dag.py:3047} INFO - Sync 1 DAGs
[2024-04-21T20:40:43.958+0000] {logging_mixin.py:188} INFO - [2024-04-21T20:40:43.958+0000] {dag.py:3834} INFO - Setting next_dagrun for example_dag_decorator to None, run_after=None
[2024-04-21T20:40:43.999+0000] {processor.py:183} INFO - Processing /home/airflow/.local/lib/python3.9/site-packages/airflow/example_dags/example_dag_decorator.py took 0.468 seconds
[2024-04-21T20:41:16.601+0000] {processor.py:161} INFO - Started process (PID=677) to work on /home/airflow/.local/lib/python3.9/site-packages/airflow/example_dags/example_dag_decorator.py
[2024-04-21T20:41:16.602+0000] {processor.py:830} INFO - Processing file /home/airflow/.local/lib/python3.9/site-packages/airflow/example_dags/example_dag_decorator.py for tasks to queue
[2024-04-21T20:41:16.604+0000] {logging_mixin.py:188} INFO - [2024-04-21T20:41:16.604+0000] {dagbag.py:540} INFO - Filling up the DagBag from /home/airflow/.local/lib/python3.9/site-packages/airflow/example_dags/example_dag_decorator.py
[2024-04-21T20:41:16.785+0000] {processor.py:840} INFO - DAG(s) 'example_dag_decorator' retrieved from /home/airflow/.local/lib/python3.9/site-packages/airflow/example_dags/example_dag_decorator.py
[2024-04-21T20:41:17.015+0000] {logging_mixin.py:188} INFO - [2024-04-21T20:41:17.014+0000] {dag.py:3047} INFO - Sync 1 DAGs
[2024-04-21T20:41:17.027+0000] {logging_mixin.py:188} INFO - [2024-04-21T20:41:17.026+0000] {dag.py:3834} INFO - Setting next_dagrun for example_dag_decorator to None, run_after=None
[2024-04-21T20:41:17.066+0000] {processor.py:183} INFO - Processing /home/airflow/.local/lib/python3.9/site-packages/airflow/example_dags/example_dag_decorator.py took 0.468 seconds
[2024-04-21T20:41:47.151+0000] {processor.py:161} INFO - Started process (PID=735) to work on /home/airflow/.local/lib/python3.9/site-packages/airflow/example_dags/example_dag_decorator.py
[2024-04-21T20:41:47.153+0000] {processor.py:830} INFO - Processing file /home/airflow/.local/lib/python3.9/site-packages/airflow/example_dags/example_dag_decorator.py for tasks to queue
[2024-04-21T20:41:47.157+0000] {logging_mixin.py:188} INFO - [2024-04-21T20:41:47.156+0000] {dagbag.py:540} INFO - Filling up the DagBag from /home/airflow/.local/lib/python3.9/site-packages/airflow/example_dags/example_dag_decorator.py
[2024-04-21T20:41:47.327+0000] {processor.py:840} INFO - DAG(s) 'example_dag_decorator' retrieved from /home/airflow/.local/lib/python3.9/site-packages/airflow/example_dags/example_dag_decorator.py
[2024-04-21T20:41:47.578+0000] {logging_mixin.py:188} INFO - [2024-04-21T20:41:47.578+0000] {dag.py:3047} INFO - Sync 1 DAGs
[2024-04-21T20:41:47.595+0000] {logging_mixin.py:188} INFO - [2024-04-21T20:41:47.595+0000] {dag.py:3834} INFO - Setting next_dagrun for example_dag_decorator to None, run_after=None
[2024-04-21T20:41:47.639+0000] {processor.py:183} INFO - Processing /home/airflow/.local/lib/python3.9/site-packages/airflow/example_dags/example_dag_decorator.py took 0.493 seconds
[2024-04-21T20:42:38.925+0000] {processor.py:161} INFO - Started process (PID=74) to work on /home/airflow/.local/lib/python3.9/site-packages/airflow/example_dags/example_dag_decorator.py
[2024-04-21T20:42:38.926+0000] {processor.py:830} INFO - Processing file /home/airflow/.local/lib/python3.9/site-packages/airflow/example_dags/example_dag_decorator.py for tasks to queue
[2024-04-21T20:42:38.929+0000] {logging_mixin.py:188} INFO - [2024-04-21T20:42:38.928+0000] {dagbag.py:540} INFO - Filling up the DagBag from /home/airflow/.local/lib/python3.9/site-packages/airflow/example_dags/example_dag_decorator.py
[2024-04-21T20:42:39.123+0000] {processor.py:840} INFO - DAG(s) 'example_dag_decorator' retrieved from /home/airflow/.local/lib/python3.9/site-packages/airflow/example_dags/example_dag_decorator.py
[2024-04-21T20:42:39.275+0000] {logging_mixin.py:188} INFO - [2024-04-21T20:42:39.275+0000] {dag.py:3047} INFO - Sync 1 DAGs
[2024-04-21T20:42:39.286+0000] {logging_mixin.py:188} INFO - [2024-04-21T20:42:39.286+0000] {dag.py:3834} INFO - Setting next_dagrun for example_dag_decorator to None, run_after=None
[2024-04-21T20:42:39.322+0000] {processor.py:183} INFO - Processing /home/airflow/.local/lib/python3.9/site-packages/airflow/example_dags/example_dag_decorator.py took 0.400 seconds
[2024-04-21T20:43:10.344+0000] {processor.py:161} INFO - Started process (PID=131) to work on /home/airflow/.local/lib/python3.9/site-packages/airflow/example_dags/example_dag_decorator.py
[2024-04-21T20:43:10.346+0000] {processor.py:830} INFO - Processing file /home/airflow/.local/lib/python3.9/site-packages/airflow/example_dags/example_dag_decorator.py for tasks to queue
[2024-04-21T20:43:10.348+0000] {logging_mixin.py:188} INFO - [2024-04-21T20:43:10.347+0000] {dagbag.py:540} INFO - Filling up the DagBag from /home/airflow/.local/lib/python3.9/site-packages/airflow/example_dags/example_dag_decorator.py
[2024-04-21T20:43:10.502+0000] {processor.py:840} INFO - DAG(s) 'example_dag_decorator' retrieved from /home/airflow/.local/lib/python3.9/site-packages/airflow/example_dags/example_dag_decorator.py
[2024-04-21T20:43:10.724+0000] {logging_mixin.py:188} INFO - [2024-04-21T20:43:10.724+0000] {dag.py:3047} INFO - Sync 1 DAGs
[2024-04-21T20:43:10.737+0000] {logging_mixin.py:188} INFO - [2024-04-21T20:43:10.737+0000] {dag.py:3834} INFO - Setting next_dagrun for example_dag_decorator to None, run_after=None
[2024-04-21T20:43:10.785+0000] {processor.py:183} INFO - Processing /home/airflow/.local/lib/python3.9/site-packages/airflow/example_dags/example_dag_decorator.py took 0.445 seconds
[2024-04-21T20:43:41.633+0000] {processor.py:161} INFO - Started process (PID=189) to work on /home/airflow/.local/lib/python3.9/site-packages/airflow/example_dags/example_dag_decorator.py
[2024-04-21T20:43:41.634+0000] {processor.py:830} INFO - Processing file /home/airflow/.local/lib/python3.9/site-packages/airflow/example_dags/example_dag_decorator.py for tasks to queue
[2024-04-21T20:43:41.636+0000] {logging_mixin.py:188} INFO - [2024-04-21T20:43:41.636+0000] {dagbag.py:540} INFO - Filling up the DagBag from /home/airflow/.local/lib/python3.9/site-packages/airflow/example_dags/example_dag_decorator.py
[2024-04-21T20:43:41.721+0000] {processor.py:840} INFO - DAG(s) 'example_dag_decorator' retrieved from /home/airflow/.local/lib/python3.9/site-packages/airflow/example_dags/example_dag_decorator.py
[2024-04-21T20:43:41.858+0000] {logging_mixin.py:188} INFO - [2024-04-21T20:43:41.858+0000] {dag.py:3047} INFO - Sync 1 DAGs
[2024-04-21T20:43:41.868+0000] {logging_mixin.py:188} INFO - [2024-04-21T20:43:41.868+0000] {dag.py:3834} INFO - Setting next_dagrun for example_dag_decorator to None, run_after=None
[2024-04-21T20:43:41.903+0000] {processor.py:183} INFO - Processing /home/airflow/.local/lib/python3.9/site-packages/airflow/example_dags/example_dag_decorator.py took 0.273 seconds
[2024-04-21T20:44:12.147+0000] {processor.py:161} INFO - Started process (PID=246) to work on /home/airflow/.local/lib/python3.9/site-packages/airflow/example_dags/example_dag_decorator.py
[2024-04-21T20:44:12.149+0000] {processor.py:830} INFO - Processing file /home/airflow/.local/lib/python3.9/site-packages/airflow/example_dags/example_dag_decorator.py for tasks to queue
[2024-04-21T20:44:12.151+0000] {logging_mixin.py:188} INFO - [2024-04-21T20:44:12.151+0000] {dagbag.py:540} INFO - Filling up the DagBag from /home/airflow/.local/lib/python3.9/site-packages/airflow/example_dags/example_dag_decorator.py
[2024-04-21T20:44:12.266+0000] {processor.py:840} INFO - DAG(s) 'example_dag_decorator' retrieved from /home/airflow/.local/lib/python3.9/site-packages/airflow/example_dags/example_dag_decorator.py
[2024-04-21T20:44:12.426+0000] {logging_mixin.py:188} INFO - [2024-04-21T20:44:12.426+0000] {dag.py:3047} INFO - Sync 1 DAGs
[2024-04-21T20:44:12.438+0000] {logging_mixin.py:188} INFO - [2024-04-21T20:44:12.438+0000] {dag.py:3834} INFO - Setting next_dagrun for example_dag_decorator to None, run_after=None
[2024-04-21T20:44:12.473+0000] {processor.py:183} INFO - Processing /home/airflow/.local/lib/python3.9/site-packages/airflow/example_dags/example_dag_decorator.py took 0.328 seconds
[2024-04-21T20:44:44.191+0000] {processor.py:161} INFO - Started process (PID=302) to work on /home/airflow/.local/lib/python3.9/site-packages/airflow/example_dags/example_dag_decorator.py
[2024-04-21T20:44:44.193+0000] {processor.py:830} INFO - Processing file /home/airflow/.local/lib/python3.9/site-packages/airflow/example_dags/example_dag_decorator.py for tasks to queue
[2024-04-21T20:44:44.195+0000] {logging_mixin.py:188} INFO - [2024-04-21T20:44:44.195+0000] {dagbag.py:540} INFO - Filling up the DagBag from /home/airflow/.local/lib/python3.9/site-packages/airflow/example_dags/example_dag_decorator.py
[2024-04-21T20:44:44.343+0000] {processor.py:840} INFO - DAG(s) 'example_dag_decorator' retrieved from /home/airflow/.local/lib/python3.9/site-packages/airflow/example_dags/example_dag_decorator.py
[2024-04-21T20:44:44.664+0000] {logging_mixin.py:188} INFO - [2024-04-21T20:44:44.663+0000] {dag.py:3047} INFO - Sync 1 DAGs
[2024-04-21T20:44:44.679+0000] {logging_mixin.py:188} INFO - [2024-04-21T20:44:44.679+0000] {dag.py:3834} INFO - Setting next_dagrun for example_dag_decorator to None, run_after=None
[2024-04-21T20:44:44.729+0000] {processor.py:183} INFO - Processing /home/airflow/.local/lib/python3.9/site-packages/airflow/example_dags/example_dag_decorator.py took 0.540 seconds
[2024-04-21T20:45:14.813+0000] {processor.py:161} INFO - Started process (PID=360) to work on /home/airflow/.local/lib/python3.9/site-packages/airflow/example_dags/example_dag_decorator.py
[2024-04-21T20:45:14.815+0000] {processor.py:830} INFO - Processing file /home/airflow/.local/lib/python3.9/site-packages/airflow/example_dags/example_dag_decorator.py for tasks to queue
[2024-04-21T20:45:14.817+0000] {logging_mixin.py:188} INFO - [2024-04-21T20:45:14.817+0000] {dagbag.py:540} INFO - Filling up the DagBag from /home/airflow/.local/lib/python3.9/site-packages/airflow/example_dags/example_dag_decorator.py
[2024-04-21T20:45:15.001+0000] {processor.py:840} INFO - DAG(s) 'example_dag_decorator' retrieved from /home/airflow/.local/lib/python3.9/site-packages/airflow/example_dags/example_dag_decorator.py
[2024-04-21T20:45:15.246+0000] {logging_mixin.py:188} INFO - [2024-04-21T20:45:15.245+0000] {dag.py:3047} INFO - Sync 1 DAGs
[2024-04-21T20:45:15.259+0000] {logging_mixin.py:188} INFO - [2024-04-21T20:45:15.258+0000] {dag.py:3834} INFO - Setting next_dagrun for example_dag_decorator to None, run_after=None
[2024-04-21T20:45:15.296+0000] {processor.py:183} INFO - Processing /home/airflow/.local/lib/python3.9/site-packages/airflow/example_dags/example_dag_decorator.py took 0.487 seconds
[2024-04-21T20:45:48.582+0000] {processor.py:161} INFO - Started process (PID=416) to work on /home/airflow/.local/lib/python3.9/site-packages/airflow/example_dags/example_dag_decorator.py
[2024-04-21T20:45:48.584+0000] {processor.py:830} INFO - Processing file /home/airflow/.local/lib/python3.9/site-packages/airflow/example_dags/example_dag_decorator.py for tasks to queue
[2024-04-21T20:45:48.589+0000] {logging_mixin.py:188} INFO - [2024-04-21T20:45:48.586+0000] {dagbag.py:540} INFO - Filling up the DagBag from /home/airflow/.local/lib/python3.9/site-packages/airflow/example_dags/example_dag_decorator.py
[2024-04-21T20:45:48.842+0000] {processor.py:840} INFO - DAG(s) 'example_dag_decorator' retrieved from /home/airflow/.local/lib/python3.9/site-packages/airflow/example_dags/example_dag_decorator.py
[2024-04-21T20:45:49.464+0000] {logging_mixin.py:188} INFO - [2024-04-21T20:45:49.463+0000] {dag.py:3047} INFO - Sync 1 DAGs
[2024-04-21T20:45:49.914+0000] {logging_mixin.py:188} INFO - [2024-04-21T20:45:49.902+0000] {dag.py:3834} INFO - Setting next_dagrun for example_dag_decorator to None, run_after=None
[2024-04-21T20:45:50.048+0000] {processor.py:183} INFO - Processing /home/airflow/.local/lib/python3.9/site-packages/airflow/example_dags/example_dag_decorator.py took 1.472 seconds
[2024-04-21T20:46:20.857+0000] {processor.py:161} INFO - Started process (PID=473) to work on /home/airflow/.local/lib/python3.9/site-packages/airflow/example_dags/example_dag_decorator.py
[2024-04-21T20:46:20.858+0000] {processor.py:830} INFO - Processing file /home/airflow/.local/lib/python3.9/site-packages/airflow/example_dags/example_dag_decorator.py for tasks to queue
[2024-04-21T20:46:20.860+0000] {logging_mixin.py:188} INFO - [2024-04-21T20:46:20.860+0000] {dagbag.py:540} INFO - Filling up the DagBag from /home/airflow/.local/lib/python3.9/site-packages/airflow/example_dags/example_dag_decorator.py
[2024-04-21T20:46:21.034+0000] {processor.py:840} INFO - DAG(s) 'example_dag_decorator' retrieved from /home/airflow/.local/lib/python3.9/site-packages/airflow/example_dags/example_dag_decorator.py
[2024-04-21T20:46:21.342+0000] {logging_mixin.py:188} INFO - [2024-04-21T20:46:21.342+0000] {dag.py:3047} INFO - Sync 1 DAGs
[2024-04-21T20:46:21.356+0000] {logging_mixin.py:188} INFO - [2024-04-21T20:46:21.356+0000] {dag.py:3834} INFO - Setting next_dagrun for example_dag_decorator to None, run_after=None
[2024-04-21T20:46:21.406+0000] {processor.py:183} INFO - Processing /home/airflow/.local/lib/python3.9/site-packages/airflow/example_dags/example_dag_decorator.py took 0.554 seconds
[2024-04-21T20:46:51.756+0000] {processor.py:161} INFO - Started process (PID=530) to work on /home/airflow/.local/lib/python3.9/site-packages/airflow/example_dags/example_dag_decorator.py
[2024-04-21T20:46:51.757+0000] {processor.py:830} INFO - Processing file /home/airflow/.local/lib/python3.9/site-packages/airflow/example_dags/example_dag_decorator.py for tasks to queue
[2024-04-21T20:46:51.759+0000] {logging_mixin.py:188} INFO - [2024-04-21T20:46:51.759+0000] {dagbag.py:540} INFO - Filling up the DagBag from /home/airflow/.local/lib/python3.9/site-packages/airflow/example_dags/example_dag_decorator.py
[2024-04-21T20:46:51.902+0000] {processor.py:840} INFO - DAG(s) 'example_dag_decorator' retrieved from /home/airflow/.local/lib/python3.9/site-packages/airflow/example_dags/example_dag_decorator.py
[2024-04-21T20:46:52.172+0000] {logging_mixin.py:188} INFO - [2024-04-21T20:46:52.171+0000] {dag.py:3047} INFO - Sync 1 DAGs
[2024-04-21T20:46:52.190+0000] {logging_mixin.py:188} INFO - [2024-04-21T20:46:52.189+0000] {dag.py:3834} INFO - Setting next_dagrun for example_dag_decorator to None, run_after=None
[2024-04-21T20:46:52.242+0000] {processor.py:183} INFO - Processing /home/airflow/.local/lib/python3.9/site-packages/airflow/example_dags/example_dag_decorator.py took 0.489 seconds
[2024-04-21T20:47:22.629+0000] {processor.py:161} INFO - Started process (PID=587) to work on /home/airflow/.local/lib/python3.9/site-packages/airflow/example_dags/example_dag_decorator.py
[2024-04-21T20:47:22.630+0000] {processor.py:830} INFO - Processing file /home/airflow/.local/lib/python3.9/site-packages/airflow/example_dags/example_dag_decorator.py for tasks to queue
[2024-04-21T20:47:22.633+0000] {logging_mixin.py:188} INFO - [2024-04-21T20:47:22.632+0000] {dagbag.py:540} INFO - Filling up the DagBag from /home/airflow/.local/lib/python3.9/site-packages/airflow/example_dags/example_dag_decorator.py
[2024-04-21T20:47:22.797+0000] {processor.py:840} INFO - DAG(s) 'example_dag_decorator' retrieved from /home/airflow/.local/lib/python3.9/site-packages/airflow/example_dags/example_dag_decorator.py
[2024-04-21T20:47:23.161+0000] {logging_mixin.py:188} INFO - [2024-04-21T20:47:23.160+0000] {dag.py:3047} INFO - Sync 1 DAGs
[2024-04-21T20:47:23.171+0000] {logging_mixin.py:188} INFO - [2024-04-21T20:47:23.171+0000] {dag.py:3834} INFO - Setting next_dagrun for example_dag_decorator to None, run_after=None
[2024-04-21T20:47:23.206+0000] {processor.py:183} INFO - Processing /home/airflow/.local/lib/python3.9/site-packages/airflow/example_dags/example_dag_decorator.py took 0.580 seconds
[2024-04-21T20:47:53.558+0000] {processor.py:161} INFO - Started process (PID=654) to work on /home/airflow/.local/lib/python3.9/site-packages/airflow/example_dags/example_dag_decorator.py
[2024-04-21T20:47:53.560+0000] {processor.py:830} INFO - Processing file /home/airflow/.local/lib/python3.9/site-packages/airflow/example_dags/example_dag_decorator.py for tasks to queue
[2024-04-21T20:47:53.562+0000] {logging_mixin.py:188} INFO - [2024-04-21T20:47:53.562+0000] {dagbag.py:540} INFO - Filling up the DagBag from /home/airflow/.local/lib/python3.9/site-packages/airflow/example_dags/example_dag_decorator.py
[2024-04-21T20:47:53.712+0000] {processor.py:840} INFO - DAG(s) 'example_dag_decorator' retrieved from /home/airflow/.local/lib/python3.9/site-packages/airflow/example_dags/example_dag_decorator.py
[2024-04-21T20:47:53.946+0000] {logging_mixin.py:188} INFO - [2024-04-21T20:47:53.946+0000] {dag.py:3047} INFO - Sync 1 DAGs
[2024-04-21T20:47:54.120+0000] {logging_mixin.py:188} INFO - [2024-04-21T20:47:54.120+0000] {dag.py:3834} INFO - Setting next_dagrun for example_dag_decorator to None, run_after=None
[2024-04-21T20:47:54.156+0000] {processor.py:183} INFO - Processing /home/airflow/.local/lib/python3.9/site-packages/airflow/example_dags/example_dag_decorator.py took 0.601 seconds
[2024-04-21T21:00:55.493+0000] {processor.py:161} INFO - Started process (PID=81) to work on /home/airflow/.local/lib/python3.9/site-packages/airflow/example_dags/example_dag_decorator.py
[2024-04-21T21:00:55.495+0000] {processor.py:830} INFO - Processing file /home/airflow/.local/lib/python3.9/site-packages/airflow/example_dags/example_dag_decorator.py for tasks to queue
[2024-04-21T21:00:55.497+0000] {logging_mixin.py:188} INFO - [2024-04-21T21:00:55.497+0000] {dagbag.py:540} INFO - Filling up the DagBag from /home/airflow/.local/lib/python3.9/site-packages/airflow/example_dags/example_dag_decorator.py
[2024-04-21T21:00:55.982+0000] {processor.py:840} INFO - DAG(s) 'example_dag_decorator' retrieved from /home/airflow/.local/lib/python3.9/site-packages/airflow/example_dags/example_dag_decorator.py
[2024-04-21T21:00:56.315+0000] {logging_mixin.py:188} INFO - [2024-04-21T21:00:56.314+0000] {dag.py:3047} INFO - Sync 1 DAGs
[2024-04-21T21:00:56.333+0000] {logging_mixin.py:188} INFO - [2024-04-21T21:00:56.333+0000] {dag.py:3834} INFO - Setting next_dagrun for example_dag_decorator to None, run_after=None
[2024-04-21T21:00:56.395+0000] {processor.py:183} INFO - Processing /home/airflow/.local/lib/python3.9/site-packages/airflow/example_dags/example_dag_decorator.py took 0.905 seconds
[2024-04-21T21:01:27.007+0000] {processor.py:161} INFO - Started process (PID=138) to work on /home/airflow/.local/lib/python3.9/site-packages/airflow/example_dags/example_dag_decorator.py
[2024-04-21T21:01:27.009+0000] {processor.py:830} INFO - Processing file /home/airflow/.local/lib/python3.9/site-packages/airflow/example_dags/example_dag_decorator.py for tasks to queue
[2024-04-21T21:01:27.012+0000] {logging_mixin.py:188} INFO - [2024-04-21T21:01:27.012+0000] {dagbag.py:540} INFO - Filling up the DagBag from /home/airflow/.local/lib/python3.9/site-packages/airflow/example_dags/example_dag_decorator.py
[2024-04-21T21:01:27.228+0000] {processor.py:840} INFO - DAG(s) 'example_dag_decorator' retrieved from /home/airflow/.local/lib/python3.9/site-packages/airflow/example_dags/example_dag_decorator.py
[2024-04-21T21:01:27.498+0000] {logging_mixin.py:188} INFO - [2024-04-21T21:01:27.497+0000] {dag.py:3047} INFO - Sync 1 DAGs
[2024-04-21T21:01:27.513+0000] {logging_mixin.py:188} INFO - [2024-04-21T21:01:27.513+0000] {dag.py:3834} INFO - Setting next_dagrun for example_dag_decorator to None, run_after=None
[2024-04-21T21:01:27.816+0000] {processor.py:183} INFO - Processing /home/airflow/.local/lib/python3.9/site-packages/airflow/example_dags/example_dag_decorator.py took 0.813 seconds
[2024-04-21T21:04:42.266+0000] {processor.py:161} INFO - Started process (PID=86) to work on /home/airflow/.local/lib/python3.9/site-packages/airflow/example_dags/example_dag_decorator.py
[2024-04-21T21:04:42.267+0000] {processor.py:830} INFO - Processing file /home/airflow/.local/lib/python3.9/site-packages/airflow/example_dags/example_dag_decorator.py for tasks to queue
[2024-04-21T21:04:42.271+0000] {logging_mixin.py:188} INFO - [2024-04-21T21:04:42.270+0000] {dagbag.py:540} INFO - Filling up the DagBag from /home/airflow/.local/lib/python3.9/site-packages/airflow/example_dags/example_dag_decorator.py
[2024-04-21T21:04:42.522+0000] {processor.py:840} INFO - DAG(s) 'example_dag_decorator' retrieved from /home/airflow/.local/lib/python3.9/site-packages/airflow/example_dags/example_dag_decorator.py
[2024-04-21T21:04:42.696+0000] {logging_mixin.py:188} INFO - [2024-04-21T21:04:42.695+0000] {dag.py:3047} INFO - Sync 1 DAGs
[2024-04-21T21:04:42.712+0000] {logging_mixin.py:188} INFO - [2024-04-21T21:04:42.712+0000] {dag.py:3834} INFO - Setting next_dagrun for example_dag_decorator to None, run_after=None
[2024-04-21T21:04:42.757+0000] {processor.py:183} INFO - Processing /home/airflow/.local/lib/python3.9/site-packages/airflow/example_dags/example_dag_decorator.py took 0.494 seconds
[2024-04-21T21:05:13.046+0000] {processor.py:161} INFO - Started process (PID=144) to work on /home/airflow/.local/lib/python3.9/site-packages/airflow/example_dags/example_dag_decorator.py
[2024-04-21T21:05:13.047+0000] {processor.py:830} INFO - Processing file /home/airflow/.local/lib/python3.9/site-packages/airflow/example_dags/example_dag_decorator.py for tasks to queue
[2024-04-21T21:05:13.050+0000] {logging_mixin.py:188} INFO - [2024-04-21T21:05:13.049+0000] {dagbag.py:540} INFO - Filling up the DagBag from /home/airflow/.local/lib/python3.9/site-packages/airflow/example_dags/example_dag_decorator.py
[2024-04-21T21:05:13.216+0000] {processor.py:840} INFO - DAG(s) 'example_dag_decorator' retrieved from /home/airflow/.local/lib/python3.9/site-packages/airflow/example_dags/example_dag_decorator.py
[2024-04-21T21:05:13.462+0000] {logging_mixin.py:188} INFO - [2024-04-21T21:05:13.461+0000] {dag.py:3047} INFO - Sync 1 DAGs
[2024-04-21T21:05:13.472+0000] {logging_mixin.py:188} INFO - [2024-04-21T21:05:13.472+0000] {dag.py:3834} INFO - Setting next_dagrun for example_dag_decorator to None, run_after=None
[2024-04-21T21:05:13.518+0000] {processor.py:183} INFO - Processing /home/airflow/.local/lib/python3.9/site-packages/airflow/example_dags/example_dag_decorator.py took 0.476 seconds
[2024-04-21T21:05:43.847+0000] {processor.py:161} INFO - Started process (PID=209) to work on /home/airflow/.local/lib/python3.9/site-packages/airflow/example_dags/example_dag_decorator.py
[2024-04-21T21:05:43.848+0000] {processor.py:830} INFO - Processing file /home/airflow/.local/lib/python3.9/site-packages/airflow/example_dags/example_dag_decorator.py for tasks to queue
[2024-04-21T21:05:43.851+0000] {logging_mixin.py:188} INFO - [2024-04-21T21:05:43.850+0000] {dagbag.py:540} INFO - Filling up the DagBag from /home/airflow/.local/lib/python3.9/site-packages/airflow/example_dags/example_dag_decorator.py
[2024-04-21T21:05:43.994+0000] {processor.py:840} INFO - DAG(s) 'example_dag_decorator' retrieved from /home/airflow/.local/lib/python3.9/site-packages/airflow/example_dags/example_dag_decorator.py
[2024-04-21T21:05:44.338+0000] {logging_mixin.py:188} INFO - [2024-04-21T21:05:44.337+0000] {dag.py:3047} INFO - Sync 1 DAGs
[2024-04-21T21:05:44.390+0000] {logging_mixin.py:188} INFO - [2024-04-21T21:05:44.390+0000] {dag.py:3834} INFO - Setting next_dagrun for example_dag_decorator to None, run_after=None
[2024-04-21T21:05:44.523+0000] {processor.py:183} INFO - Processing /home/airflow/.local/lib/python3.9/site-packages/airflow/example_dags/example_dag_decorator.py took 0.680 seconds
