[2024-04-21T19:51:55.365+0000] {processor.py:161} INFO - Started process (PID=45) to work on /home/airflow/.local/lib/python3.9/site-packages/airflow/example_dags/tutorial.py
[2024-04-21T19:51:55.367+0000] {processor.py:830} INFO - Processing file /home/airflow/.local/lib/python3.9/site-packages/airflow/example_dags/tutorial.py for tasks to queue
[2024-04-21T19:51:55.370+0000] {logging_mixin.py:188} INFO - [2024-04-21T19:51:55.369+0000] {dagbag.py:540} INFO - Filling up the DagBag from /home/airflow/.local/lib/python3.9/site-packages/airflow/example_dags/tutorial.py
[2024-04-21T19:51:55.398+0000] {processor.py:840} INFO - DAG(s) 'tutorial' retrieved from /home/airflow/.local/lib/python3.9/site-packages/airflow/example_dags/tutorial.py
[2024-04-21T19:51:55.888+0000] {logging_mixin.py:188} INFO - [2024-04-21T19:51:55.887+0000] {dag.py:3047} INFO - Sync 1 DAGs
[2024-04-21T19:51:55.971+0000] {logging_mixin.py:188} INFO - [2024-04-21T19:51:55.969+0000] {dag.py:3834} INFO - Setting next_dagrun for tutorial to 2024-04-20 00:00:00+00:00, run_after=2024-04-21 00:00:00+00:00
[2024-04-21T19:51:56.054+0000] {processor.py:183} INFO - Processing /home/airflow/.local/lib/python3.9/site-packages/airflow/example_dags/tutorial.py took 0.712 seconds
[2024-04-21T19:52:26.654+0000] {processor.py:161} INFO - Started process (PID=102) to work on /home/airflow/.local/lib/python3.9/site-packages/airflow/example_dags/tutorial.py
[2024-04-21T19:52:26.656+0000] {processor.py:830} INFO - Processing file /home/airflow/.local/lib/python3.9/site-packages/airflow/example_dags/tutorial.py for tasks to queue
[2024-04-21T19:52:26.660+0000] {logging_mixin.py:188} INFO - [2024-04-21T19:52:26.659+0000] {dagbag.py:540} INFO - Filling up the DagBag from /home/airflow/.local/lib/python3.9/site-packages/airflow/example_dags/tutorial.py
[2024-04-21T19:52:26.671+0000] {processor.py:840} INFO - DAG(s) 'tutorial' retrieved from /home/airflow/.local/lib/python3.9/site-packages/airflow/example_dags/tutorial.py
[2024-04-21T19:52:26.781+0000] {logging_mixin.py:188} INFO - [2024-04-21T19:52:26.780+0000] {dag.py:3047} INFO - Sync 1 DAGs
[2024-04-21T19:52:26.826+0000] {logging_mixin.py:188} INFO - [2024-04-21T19:52:26.825+0000] {dag.py:3834} INFO - Setting next_dagrun for tutorial to 2024-04-20 00:00:00+00:00, run_after=2024-04-21 00:00:00+00:00
[2024-04-21T19:52:26.881+0000] {processor.py:183} INFO - Processing /home/airflow/.local/lib/python3.9/site-packages/airflow/example_dags/tutorial.py took 0.231 seconds
[2024-04-21T19:52:59.138+0000] {processor.py:161} INFO - Started process (PID=159) to work on /home/airflow/.local/lib/python3.9/site-packages/airflow/example_dags/tutorial.py
[2024-04-21T19:52:59.141+0000] {processor.py:830} INFO - Processing file /home/airflow/.local/lib/python3.9/site-packages/airflow/example_dags/tutorial.py for tasks to queue
[2024-04-21T19:52:59.145+0000] {logging_mixin.py:188} INFO - [2024-04-21T19:52:59.144+0000] {dagbag.py:540} INFO - Filling up the DagBag from /home/airflow/.local/lib/python3.9/site-packages/airflow/example_dags/tutorial.py
[2024-04-21T19:52:59.157+0000] {processor.py:840} INFO - DAG(s) 'tutorial' retrieved from /home/airflow/.local/lib/python3.9/site-packages/airflow/example_dags/tutorial.py
[2024-04-21T19:52:59.268+0000] {logging_mixin.py:188} INFO - [2024-04-21T19:52:59.267+0000] {dag.py:3047} INFO - Sync 1 DAGs
[2024-04-21T19:52:59.312+0000] {logging_mixin.py:188} INFO - [2024-04-21T19:52:59.311+0000] {dag.py:3834} INFO - Setting next_dagrun for tutorial to 2024-04-20 00:00:00+00:00, run_after=2024-04-21 00:00:00+00:00
[2024-04-21T19:52:59.375+0000] {processor.py:183} INFO - Processing /home/airflow/.local/lib/python3.9/site-packages/airflow/example_dags/tutorial.py took 0.244 seconds
[2024-04-21T19:53:29.477+0000] {processor.py:161} INFO - Started process (PID=215) to work on /home/airflow/.local/lib/python3.9/site-packages/airflow/example_dags/tutorial.py
[2024-04-21T19:53:29.478+0000] {processor.py:830} INFO - Processing file /home/airflow/.local/lib/python3.9/site-packages/airflow/example_dags/tutorial.py for tasks to queue
[2024-04-21T19:53:29.482+0000] {logging_mixin.py:188} INFO - [2024-04-21T19:53:29.481+0000] {dagbag.py:540} INFO - Filling up the DagBag from /home/airflow/.local/lib/python3.9/site-packages/airflow/example_dags/tutorial.py
[2024-04-21T19:53:29.493+0000] {processor.py:840} INFO - DAG(s) 'tutorial' retrieved from /home/airflow/.local/lib/python3.9/site-packages/airflow/example_dags/tutorial.py
[2024-04-21T19:53:29.597+0000] {logging_mixin.py:188} INFO - [2024-04-21T19:53:29.597+0000] {dag.py:3047} INFO - Sync 1 DAGs
[2024-04-21T19:53:29.638+0000] {logging_mixin.py:188} INFO - [2024-04-21T19:53:29.637+0000] {dag.py:3834} INFO - Setting next_dagrun for tutorial to 2024-04-20 00:00:00+00:00, run_after=2024-04-21 00:00:00+00:00
[2024-04-21T19:53:29.692+0000] {processor.py:183} INFO - Processing /home/airflow/.local/lib/python3.9/site-packages/airflow/example_dags/tutorial.py took 0.220 seconds
[2024-04-21T19:54:33.818+0000] {processor.py:161} INFO - Started process (PID=45) to work on /home/airflow/.local/lib/python3.9/site-packages/airflow/example_dags/tutorial.py
[2024-04-21T19:54:33.820+0000] {processor.py:830} INFO - Processing file /home/airflow/.local/lib/python3.9/site-packages/airflow/example_dags/tutorial.py for tasks to queue
[2024-04-21T19:54:33.823+0000] {logging_mixin.py:188} INFO - [2024-04-21T19:54:33.822+0000] {dagbag.py:540} INFO - Filling up the DagBag from /home/airflow/.local/lib/python3.9/site-packages/airflow/example_dags/tutorial.py
[2024-04-21T19:54:33.831+0000] {processor.py:840} INFO - DAG(s) 'tutorial' retrieved from /home/airflow/.local/lib/python3.9/site-packages/airflow/example_dags/tutorial.py
[2024-04-21T19:54:33.895+0000] {logging_mixin.py:188} INFO - [2024-04-21T19:54:33.894+0000] {dag.py:3047} INFO - Sync 1 DAGs
[2024-04-21T19:54:33.922+0000] {logging_mixin.py:188} INFO - [2024-04-21T19:54:33.922+0000] {dag.py:3834} INFO - Setting next_dagrun for tutorial to 2024-04-20 00:00:00+00:00, run_after=2024-04-21 00:00:00+00:00
[2024-04-21T19:54:33.960+0000] {processor.py:183} INFO - Processing /home/airflow/.local/lib/python3.9/site-packages/airflow/example_dags/tutorial.py took 0.145 seconds
[2024-04-21T19:55:19.188+0000] {processor.py:161} INFO - Started process (PID=112) to work on /home/airflow/.local/lib/python3.9/site-packages/airflow/example_dags/tutorial.py
[2024-04-21T19:55:19.190+0000] {processor.py:830} INFO - Processing file /home/airflow/.local/lib/python3.9/site-packages/airflow/example_dags/tutorial.py for tasks to queue
[2024-04-21T19:55:19.193+0000] {logging_mixin.py:188} INFO - [2024-04-21T19:55:19.192+0000] {dagbag.py:540} INFO - Filling up the DagBag from /home/airflow/.local/lib/python3.9/site-packages/airflow/example_dags/tutorial.py
[2024-04-21T19:55:19.199+0000] {processor.py:840} INFO - DAG(s) 'tutorial' retrieved from /home/airflow/.local/lib/python3.9/site-packages/airflow/example_dags/tutorial.py
[2024-04-21T19:55:19.284+0000] {logging_mixin.py:188} INFO - [2024-04-21T19:55:19.283+0000] {dag.py:3047} INFO - Sync 1 DAGs
[2024-04-21T19:55:19.326+0000] {logging_mixin.py:188} INFO - [2024-04-21T19:55:19.325+0000] {dag.py:3834} INFO - Setting next_dagrun for tutorial to 2024-04-20 00:00:00+00:00, run_after=2024-04-21 00:00:00+00:00
[2024-04-21T19:55:19.376+0000] {processor.py:183} INFO - Processing /home/airflow/.local/lib/python3.9/site-packages/airflow/example_dags/tutorial.py took 0.193 seconds
[2024-04-21T19:57:14.656+0000] {processor.py:161} INFO - Started process (PID=169) to work on /home/airflow/.local/lib/python3.9/site-packages/airflow/example_dags/tutorial.py
[2024-04-21T19:57:14.659+0000] {processor.py:830} INFO - Processing file /home/airflow/.local/lib/python3.9/site-packages/airflow/example_dags/tutorial.py for tasks to queue
[2024-04-21T19:57:14.665+0000] {logging_mixin.py:188} INFO - [2024-04-21T19:57:14.662+0000] {dagbag.py:540} INFO - Filling up the DagBag from /home/airflow/.local/lib/python3.9/site-packages/airflow/example_dags/tutorial.py
[2024-04-21T19:57:14.686+0000] {processor.py:840} INFO - DAG(s) 'tutorial' retrieved from /home/airflow/.local/lib/python3.9/site-packages/airflow/example_dags/tutorial.py
[2024-04-21T19:57:16.038+0000] {logging_mixin.py:188} INFO - [2024-04-21T19:57:16.031+0000] {dag.py:3047} INFO - Sync 1 DAGs
[2024-04-21T19:57:16.094+0000] {logging_mixin.py:188} INFO - [2024-04-21T19:57:16.093+0000] {dag.py:3834} INFO - Setting next_dagrun for tutorial to 2024-04-20 00:00:00+00:00, run_after=2024-04-21 00:00:00+00:00
[2024-04-21T19:57:16.142+0000] {processor.py:183} INFO - Processing /home/airflow/.local/lib/python3.9/site-packages/airflow/example_dags/tutorial.py took 1.327 seconds
[2024-04-21T20:03:09.813+0000] {processor.py:161} INFO - Started process (PID=258) to work on /home/airflow/.local/lib/python3.9/site-packages/airflow/example_dags/tutorial.py
[2024-04-21T20:03:09.814+0000] {processor.py:830} INFO - Processing file /home/airflow/.local/lib/python3.9/site-packages/airflow/example_dags/tutorial.py for tasks to queue
[2024-04-21T20:03:09.815+0000] {logging_mixin.py:188} INFO - [2024-04-21T20:03:09.815+0000] {dagbag.py:540} INFO - Filling up the DagBag from /home/airflow/.local/lib/python3.9/site-packages/airflow/example_dags/tutorial.py
[2024-04-21T20:03:09.823+0000] {processor.py:840} INFO - DAG(s) 'tutorial' retrieved from /home/airflow/.local/lib/python3.9/site-packages/airflow/example_dags/tutorial.py
[2024-04-21T20:03:09.884+0000] {logging_mixin.py:188} INFO - [2024-04-21T20:03:09.883+0000] {dag.py:3047} INFO - Sync 1 DAGs
[2024-04-21T20:03:09.905+0000] {logging_mixin.py:188} INFO - [2024-04-21T20:03:09.905+0000] {dag.py:3834} INFO - Setting next_dagrun for tutorial to 2024-04-20 00:00:00+00:00, run_after=2024-04-21 00:00:00+00:00
[2024-04-21T20:03:09.942+0000] {processor.py:183} INFO - Processing /home/airflow/.local/lib/python3.9/site-packages/airflow/example_dags/tutorial.py took 0.132 seconds
[2024-04-21T20:04:17.374+0000] {processor.py:161} INFO - Started process (PID=322) to work on /home/airflow/.local/lib/python3.9/site-packages/airflow/example_dags/tutorial.py
[2024-04-21T20:04:17.376+0000] {processor.py:830} INFO - Processing file /home/airflow/.local/lib/python3.9/site-packages/airflow/example_dags/tutorial.py for tasks to queue
[2024-04-21T20:04:17.377+0000] {logging_mixin.py:188} INFO - [2024-04-21T20:04:17.377+0000] {dagbag.py:540} INFO - Filling up the DagBag from /home/airflow/.local/lib/python3.9/site-packages/airflow/example_dags/tutorial.py
[2024-04-21T20:04:17.383+0000] {processor.py:840} INFO - DAG(s) 'tutorial' retrieved from /home/airflow/.local/lib/python3.9/site-packages/airflow/example_dags/tutorial.py
[2024-04-21T20:04:17.447+0000] {logging_mixin.py:188} INFO - [2024-04-21T20:04:17.447+0000] {dag.py:3047} INFO - Sync 1 DAGs
[2024-04-21T20:04:17.469+0000] {logging_mixin.py:188} INFO - [2024-04-21T20:04:17.468+0000] {dag.py:3834} INFO - Setting next_dagrun for tutorial to 2024-04-20 00:00:00+00:00, run_after=2024-04-21 00:00:00+00:00
[2024-04-21T20:04:17.552+0000] {processor.py:183} INFO - Processing /home/airflow/.local/lib/python3.9/site-packages/airflow/example_dags/tutorial.py took 0.181 seconds
[2024-04-21T20:04:48.614+0000] {processor.py:161} INFO - Started process (PID=381) to work on /home/airflow/.local/lib/python3.9/site-packages/airflow/example_dags/tutorial.py
[2024-04-21T20:04:48.616+0000] {processor.py:830} INFO - Processing file /home/airflow/.local/lib/python3.9/site-packages/airflow/example_dags/tutorial.py for tasks to queue
[2024-04-21T20:04:48.618+0000] {logging_mixin.py:188} INFO - [2024-04-21T20:04:48.617+0000] {dagbag.py:540} INFO - Filling up the DagBag from /home/airflow/.local/lib/python3.9/site-packages/airflow/example_dags/tutorial.py
[2024-04-21T20:04:48.628+0000] {processor.py:840} INFO - DAG(s) 'tutorial' retrieved from /home/airflow/.local/lib/python3.9/site-packages/airflow/example_dags/tutorial.py
[2024-04-21T20:04:48.748+0000] {logging_mixin.py:188} INFO - [2024-04-21T20:04:48.747+0000] {dag.py:3047} INFO - Sync 1 DAGs
[2024-04-21T20:04:48.788+0000] {logging_mixin.py:188} INFO - [2024-04-21T20:04:48.788+0000] {dag.py:3834} INFO - Setting next_dagrun for tutorial to 2024-04-20 00:00:00+00:00, run_after=2024-04-21 00:00:00+00:00
[2024-04-21T20:04:48.850+0000] {processor.py:183} INFO - Processing /home/airflow/.local/lib/python3.9/site-packages/airflow/example_dags/tutorial.py took 0.240 seconds
[2024-04-21T20:05:19.471+0000] {processor.py:161} INFO - Started process (PID=438) to work on /home/airflow/.local/lib/python3.9/site-packages/airflow/example_dags/tutorial.py
[2024-04-21T20:05:19.473+0000] {processor.py:830} INFO - Processing file /home/airflow/.local/lib/python3.9/site-packages/airflow/example_dags/tutorial.py for tasks to queue
[2024-04-21T20:05:19.475+0000] {logging_mixin.py:188} INFO - [2024-04-21T20:05:19.474+0000] {dagbag.py:540} INFO - Filling up the DagBag from /home/airflow/.local/lib/python3.9/site-packages/airflow/example_dags/tutorial.py
[2024-04-21T20:05:19.485+0000] {processor.py:840} INFO - DAG(s) 'tutorial' retrieved from /home/airflow/.local/lib/python3.9/site-packages/airflow/example_dags/tutorial.py
[2024-04-21T20:05:19.585+0000] {logging_mixin.py:188} INFO - [2024-04-21T20:05:19.584+0000] {dag.py:3047} INFO - Sync 1 DAGs
[2024-04-21T20:05:19.618+0000] {logging_mixin.py:188} INFO - [2024-04-21T20:05:19.618+0000] {dag.py:3834} INFO - Setting next_dagrun for tutorial to 2024-04-20 00:00:00+00:00, run_after=2024-04-21 00:00:00+00:00
[2024-04-21T20:05:19.667+0000] {processor.py:183} INFO - Processing /home/airflow/.local/lib/python3.9/site-packages/airflow/example_dags/tutorial.py took 0.201 seconds
[2024-04-21T20:05:50.011+0000] {processor.py:161} INFO - Started process (PID=495) to work on /home/airflow/.local/lib/python3.9/site-packages/airflow/example_dags/tutorial.py
[2024-04-21T20:05:50.013+0000] {processor.py:830} INFO - Processing file /home/airflow/.local/lib/python3.9/site-packages/airflow/example_dags/tutorial.py for tasks to queue
[2024-04-21T20:05:50.015+0000] {logging_mixin.py:188} INFO - [2024-04-21T20:05:50.014+0000] {dagbag.py:540} INFO - Filling up the DagBag from /home/airflow/.local/lib/python3.9/site-packages/airflow/example_dags/tutorial.py
[2024-04-21T20:05:50.026+0000] {processor.py:840} INFO - DAG(s) 'tutorial' retrieved from /home/airflow/.local/lib/python3.9/site-packages/airflow/example_dags/tutorial.py
[2024-04-21T20:05:50.139+0000] {logging_mixin.py:188} INFO - [2024-04-21T20:05:50.138+0000] {dag.py:3047} INFO - Sync 1 DAGs
[2024-04-21T20:05:50.178+0000] {logging_mixin.py:188} INFO - [2024-04-21T20:05:50.178+0000] {dag.py:3834} INFO - Setting next_dagrun for tutorial to 2024-04-20 00:00:00+00:00, run_after=2024-04-21 00:00:00+00:00
[2024-04-21T20:05:50.232+0000] {processor.py:183} INFO - Processing /home/airflow/.local/lib/python3.9/site-packages/airflow/example_dags/tutorial.py took 0.226 seconds
[2024-04-21T20:06:45.002+0000] {processor.py:161} INFO - Started process (PID=559) to work on /home/airflow/.local/lib/python3.9/site-packages/airflow/example_dags/tutorial.py
[2024-04-21T20:06:45.004+0000] {processor.py:830} INFO - Processing file /home/airflow/.local/lib/python3.9/site-packages/airflow/example_dags/tutorial.py for tasks to queue
[2024-04-21T20:06:45.006+0000] {logging_mixin.py:188} INFO - [2024-04-21T20:06:45.005+0000] {dagbag.py:540} INFO - Filling up the DagBag from /home/airflow/.local/lib/python3.9/site-packages/airflow/example_dags/tutorial.py
[2024-04-21T20:06:45.013+0000] {processor.py:840} INFO - DAG(s) 'tutorial' retrieved from /home/airflow/.local/lib/python3.9/site-packages/airflow/example_dags/tutorial.py
[2024-04-21T20:06:45.075+0000] {logging_mixin.py:188} INFO - [2024-04-21T20:06:45.075+0000] {dag.py:3047} INFO - Sync 1 DAGs
[2024-04-21T20:06:45.101+0000] {logging_mixin.py:188} INFO - [2024-04-21T20:06:45.100+0000] {dag.py:3834} INFO - Setting next_dagrun for tutorial to 2024-04-20 00:00:00+00:00, run_after=2024-04-21 00:00:00+00:00
[2024-04-21T20:06:45.139+0000] {processor.py:183} INFO - Processing /home/airflow/.local/lib/python3.9/site-packages/airflow/example_dags/tutorial.py took 0.140 seconds
[2024-04-21T20:07:16.344+0000] {processor.py:161} INFO - Started process (PID=617) to work on /home/airflow/.local/lib/python3.9/site-packages/airflow/example_dags/tutorial.py
[2024-04-21T20:07:16.347+0000] {processor.py:830} INFO - Processing file /home/airflow/.local/lib/python3.9/site-packages/airflow/example_dags/tutorial.py for tasks to queue
[2024-04-21T20:07:16.350+0000] {logging_mixin.py:188} INFO - [2024-04-21T20:07:16.349+0000] {dagbag.py:540} INFO - Filling up the DagBag from /home/airflow/.local/lib/python3.9/site-packages/airflow/example_dags/tutorial.py
[2024-04-21T20:07:16.362+0000] {processor.py:840} INFO - DAG(s) 'tutorial' retrieved from /home/airflow/.local/lib/python3.9/site-packages/airflow/example_dags/tutorial.py
[2024-04-21T20:07:16.484+0000] {logging_mixin.py:188} INFO - [2024-04-21T20:07:16.483+0000] {dag.py:3047} INFO - Sync 1 DAGs
[2024-04-21T20:07:16.526+0000] {logging_mixin.py:188} INFO - [2024-04-21T20:07:16.525+0000] {dag.py:3834} INFO - Setting next_dagrun for tutorial to 2024-04-20 00:00:00+00:00, run_after=2024-04-21 00:00:00+00:00
[2024-04-21T20:07:16.585+0000] {processor.py:183} INFO - Processing /home/airflow/.local/lib/python3.9/site-packages/airflow/example_dags/tutorial.py took 0.246 seconds
[2024-04-21T20:07:47.050+0000] {processor.py:161} INFO - Started process (PID=674) to work on /home/airflow/.local/lib/python3.9/site-packages/airflow/example_dags/tutorial.py
[2024-04-21T20:07:47.051+0000] {processor.py:830} INFO - Processing file /home/airflow/.local/lib/python3.9/site-packages/airflow/example_dags/tutorial.py for tasks to queue
[2024-04-21T20:07:47.054+0000] {logging_mixin.py:188} INFO - [2024-04-21T20:07:47.053+0000] {dagbag.py:540} INFO - Filling up the DagBag from /home/airflow/.local/lib/python3.9/site-packages/airflow/example_dags/tutorial.py
[2024-04-21T20:07:47.068+0000] {processor.py:840} INFO - DAG(s) 'tutorial' retrieved from /home/airflow/.local/lib/python3.9/site-packages/airflow/example_dags/tutorial.py
[2024-04-21T20:07:47.189+0000] {logging_mixin.py:188} INFO - [2024-04-21T20:07:47.189+0000] {dag.py:3047} INFO - Sync 1 DAGs
[2024-04-21T20:07:47.228+0000] {logging_mixin.py:188} INFO - [2024-04-21T20:07:47.227+0000] {dag.py:3834} INFO - Setting next_dagrun for tutorial to 2024-04-20 00:00:00+00:00, run_after=2024-04-21 00:00:00+00:00
[2024-04-21T20:07:47.279+0000] {processor.py:183} INFO - Processing /home/airflow/.local/lib/python3.9/site-packages/airflow/example_dags/tutorial.py took 0.234 seconds
[2024-04-21T20:08:21.095+0000] {processor.py:161} INFO - Started process (PID=730) to work on /home/airflow/.local/lib/python3.9/site-packages/airflow/example_dags/tutorial.py
[2024-04-21T20:08:21.096+0000] {processor.py:830} INFO - Processing file /home/airflow/.local/lib/python3.9/site-packages/airflow/example_dags/tutorial.py for tasks to queue
[2024-04-21T20:08:21.098+0000] {logging_mixin.py:188} INFO - [2024-04-21T20:08:21.097+0000] {dagbag.py:540} INFO - Filling up the DagBag from /home/airflow/.local/lib/python3.9/site-packages/airflow/example_dags/tutorial.py
[2024-04-21T20:08:21.105+0000] {processor.py:840} INFO - DAG(s) 'tutorial' retrieved from /home/airflow/.local/lib/python3.9/site-packages/airflow/example_dags/tutorial.py
[2024-04-21T20:08:21.177+0000] {logging_mixin.py:188} INFO - [2024-04-21T20:08:21.177+0000] {dag.py:3047} INFO - Sync 1 DAGs
[2024-04-21T20:08:21.217+0000] {logging_mixin.py:188} INFO - [2024-04-21T20:08:21.217+0000] {dag.py:3834} INFO - Setting next_dagrun for tutorial to 2024-04-20 00:00:00+00:00, run_after=2024-04-21 00:00:00+00:00
[2024-04-21T20:08:21.271+0000] {processor.py:183} INFO - Processing /home/airflow/.local/lib/python3.9/site-packages/airflow/example_dags/tutorial.py took 0.180 seconds
[2024-04-21T20:09:51.172+0000] {processor.py:161} INFO - Started process (PID=787) to work on /home/airflow/.local/lib/python3.9/site-packages/airflow/example_dags/tutorial.py
[2024-04-21T20:09:51.176+0000] {processor.py:830} INFO - Processing file /home/airflow/.local/lib/python3.9/site-packages/airflow/example_dags/tutorial.py for tasks to queue
[2024-04-21T20:09:51.178+0000] {logging_mixin.py:188} INFO - [2024-04-21T20:09:51.178+0000] {dagbag.py:540} INFO - Filling up the DagBag from /home/airflow/.local/lib/python3.9/site-packages/airflow/example_dags/tutorial.py
[2024-04-21T20:09:51.207+0000] {processor.py:840} INFO - DAG(s) 'tutorial' retrieved from /home/airflow/.local/lib/python3.9/site-packages/airflow/example_dags/tutorial.py
[2024-04-21T20:09:52.184+0000] {logging_mixin.py:188} INFO - [2024-04-21T20:09:52.161+0000] {dag.py:3047} INFO - Sync 1 DAGs
[2024-04-21T20:09:52.246+0000] {logging_mixin.py:188} INFO - [2024-04-21T20:09:52.246+0000] {dag.py:3834} INFO - Setting next_dagrun for tutorial to 2024-04-20 00:00:00+00:00, run_after=2024-04-21 00:00:00+00:00
[2024-04-21T20:09:52.311+0000] {processor.py:183} INFO - Processing /home/airflow/.local/lib/python3.9/site-packages/airflow/example_dags/tutorial.py took 1.152 seconds
[2024-04-21T20:10:22.429+0000] {processor.py:161} INFO - Started process (PID=844) to work on /home/airflow/.local/lib/python3.9/site-packages/airflow/example_dags/tutorial.py
[2024-04-21T20:10:22.430+0000] {processor.py:830} INFO - Processing file /home/airflow/.local/lib/python3.9/site-packages/airflow/example_dags/tutorial.py for tasks to queue
[2024-04-21T20:10:22.432+0000] {logging_mixin.py:188} INFO - [2024-04-21T20:10:22.431+0000] {dagbag.py:540} INFO - Filling up the DagBag from /home/airflow/.local/lib/python3.9/site-packages/airflow/example_dags/tutorial.py
[2024-04-21T20:10:22.440+0000] {processor.py:840} INFO - DAG(s) 'tutorial' retrieved from /home/airflow/.local/lib/python3.9/site-packages/airflow/example_dags/tutorial.py
[2024-04-21T20:10:22.499+0000] {logging_mixin.py:188} INFO - [2024-04-21T20:10:22.499+0000] {dag.py:3047} INFO - Sync 1 DAGs
[2024-04-21T20:10:22.527+0000] {logging_mixin.py:188} INFO - [2024-04-21T20:10:22.526+0000] {dag.py:3834} INFO - Setting next_dagrun for tutorial to 2024-04-20 00:00:00+00:00, run_after=2024-04-21 00:00:00+00:00
[2024-04-21T20:10:22.562+0000] {processor.py:183} INFO - Processing /home/airflow/.local/lib/python3.9/site-packages/airflow/example_dags/tutorial.py took 0.137 seconds
[2024-04-21T20:10:52.815+0000] {processor.py:161} INFO - Started process (PID=901) to work on /home/airflow/.local/lib/python3.9/site-packages/airflow/example_dags/tutorial.py
[2024-04-21T20:10:52.816+0000] {processor.py:830} INFO - Processing file /home/airflow/.local/lib/python3.9/site-packages/airflow/example_dags/tutorial.py for tasks to queue
[2024-04-21T20:10:52.818+0000] {logging_mixin.py:188} INFO - [2024-04-21T20:10:52.818+0000] {dagbag.py:540} INFO - Filling up the DagBag from /home/airflow/.local/lib/python3.9/site-packages/airflow/example_dags/tutorial.py
[2024-04-21T20:10:52.826+0000] {processor.py:840} INFO - DAG(s) 'tutorial' retrieved from /home/airflow/.local/lib/python3.9/site-packages/airflow/example_dags/tutorial.py
[2024-04-21T20:10:52.885+0000] {logging_mixin.py:188} INFO - [2024-04-21T20:10:52.885+0000] {dag.py:3047} INFO - Sync 1 DAGs
[2024-04-21T20:10:52.911+0000] {logging_mixin.py:188} INFO - [2024-04-21T20:10:52.910+0000] {dag.py:3834} INFO - Setting next_dagrun for tutorial to 2024-04-20 00:00:00+00:00, run_after=2024-04-21 00:00:00+00:00
[2024-04-21T20:10:52.945+0000] {processor.py:183} INFO - Processing /home/airflow/.local/lib/python3.9/site-packages/airflow/example_dags/tutorial.py took 0.133 seconds
[2024-04-21T20:11:52.456+0000] {processor.py:161} INFO - Started process (PID=958) to work on /home/airflow/.local/lib/python3.9/site-packages/airflow/example_dags/tutorial.py
[2024-04-21T20:11:52.465+0000] {processor.py:830} INFO - Processing file /home/airflow/.local/lib/python3.9/site-packages/airflow/example_dags/tutorial.py for tasks to queue
[2024-04-21T20:11:52.482+0000] {logging_mixin.py:188} INFO - [2024-04-21T20:11:52.476+0000] {dagbag.py:540} INFO - Filling up the DagBag from /home/airflow/.local/lib/python3.9/site-packages/airflow/example_dags/tutorial.py
[2024-04-21T20:11:52.672+0000] {processor.py:840} INFO - DAG(s) 'tutorial' retrieved from /home/airflow/.local/lib/python3.9/site-packages/airflow/example_dags/tutorial.py
[2024-04-21T20:11:54.215+0000] {logging_mixin.py:188} INFO - [2024-04-21T20:11:54.182+0000] {dagbag.py:649} ERROR - Failed to write serialized DAG: /home/airflow/.local/lib/python3.9/site-packages/airflow/example_dags/tutorial.py
Traceback (most recent call last):
  File "/home/airflow/.local/lib/python3.9/site-packages/mysql/connector/connection_cext.py", line 323, in _open_connection
    self._cmysql.connect(**cnx_kwargs)
_mysql_connector.MySQLInterfaceError: Can't connect to MySQL server on 'mysql:3306' (111)

The above exception was the direct cause of the following exception:

Traceback (most recent call last):
  File "/home/airflow/.local/lib/python3.9/site-packages/sqlalchemy/engine/base.py", line 3371, in _wrap_pool_connect
    return fn()
  File "/home/airflow/.local/lib/python3.9/site-packages/sqlalchemy/pool/base.py", line 327, in connect
    return _ConnectionFairy._checkout(self)
  File "/home/airflow/.local/lib/python3.9/site-packages/sqlalchemy/pool/base.py", line 894, in _checkout
    fairy = _ConnectionRecord.checkout(pool)
  File "/home/airflow/.local/lib/python3.9/site-packages/sqlalchemy/pool/base.py", line 493, in checkout
    rec = pool._do_get()
  File "/home/airflow/.local/lib/python3.9/site-packages/sqlalchemy/pool/impl.py", line 146, in _do_get
    self._dec_overflow()
  File "/home/airflow/.local/lib/python3.9/site-packages/sqlalchemy/util/langhelpers.py", line 70, in __exit__
    compat.raise_(
  File "/home/airflow/.local/lib/python3.9/site-packages/sqlalchemy/util/compat.py", line 211, in raise_
    raise exception
  File "/home/airflow/.local/lib/python3.9/site-packages/sqlalchemy/pool/impl.py", line 143, in _do_get
    return self._create_connection()
  File "/home/airflow/.local/lib/python3.9/site-packages/sqlalchemy/pool/base.py", line 273, in _create_connection
    return _ConnectionRecord(self)
  File "/home/airflow/.local/lib/python3.9/site-packages/sqlalchemy/pool/base.py", line 388, in __init__
    self.__connect()
  File "/home/airflow/.local/lib/python3.9/site-packages/sqlalchemy/pool/base.py", line 691, in __connect
    pool.logger.debug("Error on connect(): %s", e)
  File "/home/airflow/.local/lib/python3.9/site-packages/sqlalchemy/util/langhelpers.py", line 70, in __exit__
    compat.raise_(
  File "/home/airflow/.local/lib/python3.9/site-packages/sqlalchemy/util/compat.py", line 211, in raise_
    raise exception
  File "/home/airflow/.local/lib/python3.9/site-packages/sqlalchemy/pool/base.py", line 686, in __connect
    self.dbapi_connection = connection = pool._invoke_creator(self)
  File "/home/airflow/.local/lib/python3.9/site-packages/sqlalchemy/engine/create.py", line 574, in connect
    return dialect.connect(*cargs, **cparams)
  File "/home/airflow/.local/lib/python3.9/site-packages/sqlalchemy/engine/default.py", line 598, in connect
    return self.dbapi.connect(*cargs, **cparams)
  File "/home/airflow/.local/lib/python3.9/site-packages/mysql/connector/pooling.py", line 322, in connect
    return CMySQLConnection(*args, **kwargs)
  File "/home/airflow/.local/lib/python3.9/site-packages/mysql/connector/connection_cext.py", line 140, in __init__
    self.connect(**kwargs)
  File "/home/airflow/.local/lib/python3.9/site-packages/mysql/connector/abstracts.py", line 1363, in connect
    self._open_connection()
  File "/home/airflow/.local/lib/python3.9/site-packages/mysql/connector/connection_cext.py", line 328, in _open_connection
    raise get_mysql_exception(
mysql.connector.errors.DatabaseError: 2003 (HY000): Can't connect to MySQL server on 'mysql:3306' (111)

The above exception was the direct cause of the following exception:

Traceback (most recent call last):
  File "/home/airflow/.local/lib/python3.9/site-packages/airflow/models/dagbag.py", line 637, in _serialize_dag_capturing_errors
    dag_was_updated = SerializedDagModel.write_dag(
  File "/home/airflow/.local/lib/python3.9/site-packages/airflow/utils/session.py", line 76, in wrapper
    return func(*args, **kwargs)
  File "/home/airflow/.local/lib/python3.9/site-packages/airflow/models/serialized_dag.py", line 157, in write_dag
    if session.scalar(
  File "/home/airflow/.local/lib/python3.9/site-packages/sqlalchemy/orm/session.py", line 1747, in scalar
    return self.execute(
  File "/home/airflow/.local/lib/python3.9/site-packages/sqlalchemy/orm/session.py", line 1716, in execute
    conn = self._connection_for_bind(bind)
  File "/home/airflow/.local/lib/python3.9/site-packages/sqlalchemy/orm/session.py", line 1555, in _connection_for_bind
    return self._transaction._connection_for_bind(
  File "/home/airflow/.local/lib/python3.9/site-packages/sqlalchemy/orm/session.py", line 750, in _connection_for_bind
    conn = bind.connect()
  File "/home/airflow/.local/lib/python3.9/site-packages/sqlalchemy/future/engine.py", line 412, in connect
    return super(Engine, self).connect()
  File "/home/airflow/.local/lib/python3.9/site-packages/sqlalchemy/engine/base.py", line 3325, in connect
    return self._connection_cls(self, close_with_result=close_with_result)
  File "/home/airflow/.local/lib/python3.9/site-packages/sqlalchemy/engine/base.py", line 96, in __init__
    else engine.raw_connection()
  File "/home/airflow/.local/lib/python3.9/site-packages/sqlalchemy/engine/base.py", line 3404, in raw_connection
    return self._wrap_pool_connect(self.pool.connect, _connection)
  File "/home/airflow/.local/lib/python3.9/site-packages/sqlalchemy/engine/base.py", line 3374, in _wrap_pool_connect
    Connection._handle_dbapi_exception_noconnection(
  File "/home/airflow/.local/lib/python3.9/site-packages/sqlalchemy/engine/base.py", line 2208, in _handle_dbapi_exception_noconnection
    util.raise_(
  File "/home/airflow/.local/lib/python3.9/site-packages/sqlalchemy/util/compat.py", line 211, in raise_
    raise exception
  File "/home/airflow/.local/lib/python3.9/site-packages/sqlalchemy/engine/base.py", line 3371, in _wrap_pool_connect
    return fn()
  File "/home/airflow/.local/lib/python3.9/site-packages/sqlalchemy/pool/base.py", line 327, in connect
    return _ConnectionFairy._checkout(self)
  File "/home/airflow/.local/lib/python3.9/site-packages/sqlalchemy/pool/base.py", line 894, in _checkout
    fairy = _ConnectionRecord.checkout(pool)
  File "/home/airflow/.local/lib/python3.9/site-packages/sqlalchemy/pool/base.py", line 493, in checkout
    rec = pool._do_get()
  File "/home/airflow/.local/lib/python3.9/site-packages/sqlalchemy/pool/impl.py", line 146, in _do_get
    self._dec_overflow()
  File "/home/airflow/.local/lib/python3.9/site-packages/sqlalchemy/util/langhelpers.py", line 70, in __exit__
    compat.raise_(
  File "/home/airflow/.local/lib/python3.9/site-packages/sqlalchemy/util/compat.py", line 211, in raise_
    raise exception
  File "/home/airflow/.local/lib/python3.9/site-packages/sqlalchemy/pool/impl.py", line 143, in _do_get
    return self._create_connection()
  File "/home/airflow/.local/lib/python3.9/site-packages/sqlalchemy/pool/base.py", line 273, in _create_connection
    return _ConnectionRecord(self)
  File "/home/airflow/.local/lib/python3.9/site-packages/sqlalchemy/pool/base.py", line 388, in __init__
    self.__connect()
  File "/home/airflow/.local/lib/python3.9/site-packages/sqlalchemy/pool/base.py", line 691, in __connect
    pool.logger.debug("Error on connect(): %s", e)
  File "/home/airflow/.local/lib/python3.9/site-packages/sqlalchemy/util/langhelpers.py", line 70, in __exit__
    compat.raise_(
  File "/home/airflow/.local/lib/python3.9/site-packages/sqlalchemy/util/compat.py", line 211, in raise_
    raise exception
  File "/home/airflow/.local/lib/python3.9/site-packages/sqlalchemy/pool/base.py", line 686, in __connect
    self.dbapi_connection = connection = pool._invoke_creator(self)
  File "/home/airflow/.local/lib/python3.9/site-packages/sqlalchemy/engine/create.py", line 574, in connect
    return dialect.connect(*cargs, **cparams)
  File "/home/airflow/.local/lib/python3.9/site-packages/sqlalchemy/engine/default.py", line 598, in connect
    return self.dbapi.connect(*cargs, **cparams)
  File "/home/airflow/.local/lib/python3.9/site-packages/mysql/connector/pooling.py", line 322, in connect
    return CMySQLConnection(*args, **kwargs)
  File "/home/airflow/.local/lib/python3.9/site-packages/mysql/connector/connection_cext.py", line 140, in __init__
    self.connect(**kwargs)
  File "/home/airflow/.local/lib/python3.9/site-packages/mysql/connector/abstracts.py", line 1363, in connect
    self._open_connection()
  File "/home/airflow/.local/lib/python3.9/site-packages/mysql/connector/connection_cext.py", line 328, in _open_connection
    raise get_mysql_exception(
sqlalchemy.exc.DatabaseError: (mysql.connector.errors.DatabaseError) 2003 (HY000): Can't connect to MySQL server on 'mysql:3306' (111)
(Background on this error at: https://sqlalche.me/e/14/4xp6)
[2024-04-21T20:11:54.219+0000] {logging_mixin.py:188} INFO - [2024-04-21T20:11:54.218+0000] {dag.py:3047} INFO - Sync 1 DAGs
[2024-04-21T20:11:54.402+0000] {logging_mixin.py:188} INFO - [2024-04-21T20:11:54.399+0000] {dagbag.py:649} ERROR - Failed to write serialized DAG: /home/airflow/.local/lib/python3.9/site-packages/airflow/example_dags/tutorial.py
Traceback (most recent call last):
  File "/home/airflow/.local/lib/python3.9/site-packages/mysql/connector/connection_cext.py", line 323, in _open_connection
    self._cmysql.connect(**cnx_kwargs)
_mysql_connector.MySQLInterfaceError: Can't connect to MySQL server on 'mysql:3306' (111)

The above exception was the direct cause of the following exception:

Traceback (most recent call last):
  File "/home/airflow/.local/lib/python3.9/site-packages/sqlalchemy/engine/base.py", line 3371, in _wrap_pool_connect
    return fn()
  File "/home/airflow/.local/lib/python3.9/site-packages/sqlalchemy/pool/base.py", line 327, in connect
    return _ConnectionFairy._checkout(self)
  File "/home/airflow/.local/lib/python3.9/site-packages/sqlalchemy/pool/base.py", line 894, in _checkout
    fairy = _ConnectionRecord.checkout(pool)
  File "/home/airflow/.local/lib/python3.9/site-packages/sqlalchemy/pool/base.py", line 493, in checkout
    rec = pool._do_get()
  File "/home/airflow/.local/lib/python3.9/site-packages/sqlalchemy/pool/impl.py", line 146, in _do_get
    self._dec_overflow()
  File "/home/airflow/.local/lib/python3.9/site-packages/sqlalchemy/util/langhelpers.py", line 70, in __exit__
    compat.raise_(
  File "/home/airflow/.local/lib/python3.9/site-packages/sqlalchemy/util/compat.py", line 211, in raise_
    raise exception
  File "/home/airflow/.local/lib/python3.9/site-packages/sqlalchemy/pool/impl.py", line 143, in _do_get
    return self._create_connection()
  File "/home/airflow/.local/lib/python3.9/site-packages/sqlalchemy/pool/base.py", line 273, in _create_connection
    return _ConnectionRecord(self)
  File "/home/airflow/.local/lib/python3.9/site-packages/sqlalchemy/pool/base.py", line 388, in __init__
    self.__connect()
  File "/home/airflow/.local/lib/python3.9/site-packages/sqlalchemy/pool/base.py", line 691, in __connect
    pool.logger.debug("Error on connect(): %s", e)
  File "/home/airflow/.local/lib/python3.9/site-packages/sqlalchemy/util/langhelpers.py", line 70, in __exit__
    compat.raise_(
  File "/home/airflow/.local/lib/python3.9/site-packages/sqlalchemy/util/compat.py", line 211, in raise_
    raise exception
  File "/home/airflow/.local/lib/python3.9/site-packages/sqlalchemy/pool/base.py", line 686, in __connect
    self.dbapi_connection = connection = pool._invoke_creator(self)
  File "/home/airflow/.local/lib/python3.9/site-packages/sqlalchemy/engine/create.py", line 574, in connect
    return dialect.connect(*cargs, **cparams)
  File "/home/airflow/.local/lib/python3.9/site-packages/sqlalchemy/engine/default.py", line 598, in connect
    return self.dbapi.connect(*cargs, **cparams)
  File "/home/airflow/.local/lib/python3.9/site-packages/mysql/connector/pooling.py", line 322, in connect
    return CMySQLConnection(*args, **kwargs)
  File "/home/airflow/.local/lib/python3.9/site-packages/mysql/connector/connection_cext.py", line 140, in __init__
    self.connect(**kwargs)
  File "/home/airflow/.local/lib/python3.9/site-packages/mysql/connector/abstracts.py", line 1363, in connect
    self._open_connection()
  File "/home/airflow/.local/lib/python3.9/site-packages/mysql/connector/connection_cext.py", line 328, in _open_connection
    raise get_mysql_exception(
mysql.connector.errors.DatabaseError: 2003 (HY000): Can't connect to MySQL server on 'mysql:3306' (111)

The above exception was the direct cause of the following exception:

Traceback (most recent call last):
  File "/home/airflow/.local/lib/python3.9/site-packages/airflow/models/dagbag.py", line 637, in _serialize_dag_capturing_errors
    dag_was_updated = SerializedDagModel.write_dag(
  File "/home/airflow/.local/lib/python3.9/site-packages/airflow/utils/session.py", line 76, in wrapper
    return func(*args, **kwargs)
  File "/home/airflow/.local/lib/python3.9/site-packages/airflow/models/serialized_dag.py", line 157, in write_dag
    if session.scalar(
  File "/home/airflow/.local/lib/python3.9/site-packages/sqlalchemy/orm/session.py", line 1747, in scalar
    return self.execute(
  File "/home/airflow/.local/lib/python3.9/site-packages/sqlalchemy/orm/session.py", line 1716, in execute
    conn = self._connection_for_bind(bind)
  File "/home/airflow/.local/lib/python3.9/site-packages/sqlalchemy/orm/session.py", line 1555, in _connection_for_bind
    return self._transaction._connection_for_bind(
  File "/home/airflow/.local/lib/python3.9/site-packages/sqlalchemy/orm/session.py", line 750, in _connection_for_bind
    conn = bind.connect()
  File "/home/airflow/.local/lib/python3.9/site-packages/sqlalchemy/future/engine.py", line 412, in connect
    return super(Engine, self).connect()
  File "/home/airflow/.local/lib/python3.9/site-packages/sqlalchemy/engine/base.py", line 3325, in connect
    return self._connection_cls(self, close_with_result=close_with_result)
  File "/home/airflow/.local/lib/python3.9/site-packages/sqlalchemy/engine/base.py", line 96, in __init__
    else engine.raw_connection()
  File "/home/airflow/.local/lib/python3.9/site-packages/sqlalchemy/engine/base.py", line 3404, in raw_connection
    return self._wrap_pool_connect(self.pool.connect, _connection)
  File "/home/airflow/.local/lib/python3.9/site-packages/sqlalchemy/engine/base.py", line 3374, in _wrap_pool_connect
    Connection._handle_dbapi_exception_noconnection(
  File "/home/airflow/.local/lib/python3.9/site-packages/sqlalchemy/engine/base.py", line 2208, in _handle_dbapi_exception_noconnection
    util.raise_(
  File "/home/airflow/.local/lib/python3.9/site-packages/sqlalchemy/util/compat.py", line 211, in raise_
    raise exception
  File "/home/airflow/.local/lib/python3.9/site-packages/sqlalchemy/engine/base.py", line 3371, in _wrap_pool_connect
    return fn()
  File "/home/airflow/.local/lib/python3.9/site-packages/sqlalchemy/pool/base.py", line 327, in connect
    return _ConnectionFairy._checkout(self)
  File "/home/airflow/.local/lib/python3.9/site-packages/sqlalchemy/pool/base.py", line 894, in _checkout
    fairy = _ConnectionRecord.checkout(pool)
  File "/home/airflow/.local/lib/python3.9/site-packages/sqlalchemy/pool/base.py", line 493, in checkout
    rec = pool._do_get()
  File "/home/airflow/.local/lib/python3.9/site-packages/sqlalchemy/pool/impl.py", line 146, in _do_get
    self._dec_overflow()
  File "/home/airflow/.local/lib/python3.9/site-packages/sqlalchemy/util/langhelpers.py", line 70, in __exit__
    compat.raise_(
  File "/home/airflow/.local/lib/python3.9/site-packages/sqlalchemy/util/compat.py", line 211, in raise_
    raise exception
  File "/home/airflow/.local/lib/python3.9/site-packages/sqlalchemy/pool/impl.py", line 143, in _do_get
    return self._create_connection()
  File "/home/airflow/.local/lib/python3.9/site-packages/sqlalchemy/pool/base.py", line 273, in _create_connection
    return _ConnectionRecord(self)
  File "/home/airflow/.local/lib/python3.9/site-packages/sqlalchemy/pool/base.py", line 388, in __init__
    self.__connect()
  File "/home/airflow/.local/lib/python3.9/site-packages/sqlalchemy/pool/base.py", line 691, in __connect
    pool.logger.debug("Error on connect(): %s", e)
  File "/home/airflow/.local/lib/python3.9/site-packages/sqlalchemy/util/langhelpers.py", line 70, in __exit__
    compat.raise_(
  File "/home/airflow/.local/lib/python3.9/site-packages/sqlalchemy/util/compat.py", line 211, in raise_
    raise exception
  File "/home/airflow/.local/lib/python3.9/site-packages/sqlalchemy/pool/base.py", line 686, in __connect
    self.dbapi_connection = connection = pool._invoke_creator(self)
  File "/home/airflow/.local/lib/python3.9/site-packages/sqlalchemy/engine/create.py", line 574, in connect
    return dialect.connect(*cargs, **cparams)
  File "/home/airflow/.local/lib/python3.9/site-packages/sqlalchemy/engine/default.py", line 598, in connect
    return self.dbapi.connect(*cargs, **cparams)
  File "/home/airflow/.local/lib/python3.9/site-packages/mysql/connector/pooling.py", line 322, in connect
    return CMySQLConnection(*args, **kwargs)
  File "/home/airflow/.local/lib/python3.9/site-packages/mysql/connector/connection_cext.py", line 140, in __init__
    self.connect(**kwargs)
  File "/home/airflow/.local/lib/python3.9/site-packages/mysql/connector/abstracts.py", line 1363, in connect
    self._open_connection()
  File "/home/airflow/.local/lib/python3.9/site-packages/mysql/connector/connection_cext.py", line 328, in _open_connection
    raise get_mysql_exception(
sqlalchemy.exc.DatabaseError: (mysql.connector.errors.DatabaseError) 2003 (HY000): Can't connect to MySQL server on 'mysql:3306' (111)
(Background on this error at: https://sqlalche.me/e/14/4xp6)
[2024-04-21T20:11:54.406+0000] {logging_mixin.py:188} INFO - [2024-04-21T20:11:54.405+0000] {dag.py:3047} INFO - Sync 1 DAGs
[2024-04-21T20:11:54.460+0000] {logging_mixin.py:188} INFO - [2024-04-21T20:11:54.457+0000] {dagbag.py:649} ERROR - Failed to write serialized DAG: /home/airflow/.local/lib/python3.9/site-packages/airflow/example_dags/tutorial.py
Traceback (most recent call last):
  File "/home/airflow/.local/lib/python3.9/site-packages/mysql/connector/connection_cext.py", line 323, in _open_connection
    self._cmysql.connect(**cnx_kwargs)
_mysql_connector.MySQLInterfaceError: Can't connect to MySQL server on 'mysql:3306' (111)

The above exception was the direct cause of the following exception:

Traceback (most recent call last):
  File "/home/airflow/.local/lib/python3.9/site-packages/sqlalchemy/engine/base.py", line 3371, in _wrap_pool_connect
    return fn()
  File "/home/airflow/.local/lib/python3.9/site-packages/sqlalchemy/pool/base.py", line 327, in connect
    return _ConnectionFairy._checkout(self)
  File "/home/airflow/.local/lib/python3.9/site-packages/sqlalchemy/pool/base.py", line 894, in _checkout
    fairy = _ConnectionRecord.checkout(pool)
  File "/home/airflow/.local/lib/python3.9/site-packages/sqlalchemy/pool/base.py", line 493, in checkout
    rec = pool._do_get()
  File "/home/airflow/.local/lib/python3.9/site-packages/sqlalchemy/pool/impl.py", line 146, in _do_get
    self._dec_overflow()
  File "/home/airflow/.local/lib/python3.9/site-packages/sqlalchemy/util/langhelpers.py", line 70, in __exit__
    compat.raise_(
  File "/home/airflow/.local/lib/python3.9/site-packages/sqlalchemy/util/compat.py", line 211, in raise_
    raise exception
  File "/home/airflow/.local/lib/python3.9/site-packages/sqlalchemy/pool/impl.py", line 143, in _do_get
    return self._create_connection()
  File "/home/airflow/.local/lib/python3.9/site-packages/sqlalchemy/pool/base.py", line 273, in _create_connection
    return _ConnectionRecord(self)
  File "/home/airflow/.local/lib/python3.9/site-packages/sqlalchemy/pool/base.py", line 388, in __init__
    self.__connect()
  File "/home/airflow/.local/lib/python3.9/site-packages/sqlalchemy/pool/base.py", line 691, in __connect
    pool.logger.debug("Error on connect(): %s", e)
  File "/home/airflow/.local/lib/python3.9/site-packages/sqlalchemy/util/langhelpers.py", line 70, in __exit__
    compat.raise_(
  File "/home/airflow/.local/lib/python3.9/site-packages/sqlalchemy/util/compat.py", line 211, in raise_
    raise exception
  File "/home/airflow/.local/lib/python3.9/site-packages/sqlalchemy/pool/base.py", line 686, in __connect
    self.dbapi_connection = connection = pool._invoke_creator(self)
  File "/home/airflow/.local/lib/python3.9/site-packages/sqlalchemy/engine/create.py", line 574, in connect
    return dialect.connect(*cargs, **cparams)
  File "/home/airflow/.local/lib/python3.9/site-packages/sqlalchemy/engine/default.py", line 598, in connect
    return self.dbapi.connect(*cargs, **cparams)
  File "/home/airflow/.local/lib/python3.9/site-packages/mysql/connector/pooling.py", line 322, in connect
    return CMySQLConnection(*args, **kwargs)
  File "/home/airflow/.local/lib/python3.9/site-packages/mysql/connector/connection_cext.py", line 140, in __init__
    self.connect(**kwargs)
  File "/home/airflow/.local/lib/python3.9/site-packages/mysql/connector/abstracts.py", line 1363, in connect
    self._open_connection()
  File "/home/airflow/.local/lib/python3.9/site-packages/mysql/connector/connection_cext.py", line 328, in _open_connection
    raise get_mysql_exception(
mysql.connector.errors.DatabaseError: 2003 (HY000): Can't connect to MySQL server on 'mysql:3306' (111)

The above exception was the direct cause of the following exception:

Traceback (most recent call last):
  File "/home/airflow/.local/lib/python3.9/site-packages/airflow/models/dagbag.py", line 637, in _serialize_dag_capturing_errors
    dag_was_updated = SerializedDagModel.write_dag(
  File "/home/airflow/.local/lib/python3.9/site-packages/airflow/utils/session.py", line 76, in wrapper
    return func(*args, **kwargs)
  File "/home/airflow/.local/lib/python3.9/site-packages/airflow/models/serialized_dag.py", line 157, in write_dag
    if session.scalar(
  File "/home/airflow/.local/lib/python3.9/site-packages/sqlalchemy/orm/session.py", line 1747, in scalar
    return self.execute(
  File "/home/airflow/.local/lib/python3.9/site-packages/sqlalchemy/orm/session.py", line 1716, in execute
    conn = self._connection_for_bind(bind)
  File "/home/airflow/.local/lib/python3.9/site-packages/sqlalchemy/orm/session.py", line 1555, in _connection_for_bind
    return self._transaction._connection_for_bind(
  File "/home/airflow/.local/lib/python3.9/site-packages/sqlalchemy/orm/session.py", line 750, in _connection_for_bind
    conn = bind.connect()
  File "/home/airflow/.local/lib/python3.9/site-packages/sqlalchemy/future/engine.py", line 412, in connect
    return super(Engine, self).connect()
  File "/home/airflow/.local/lib/python3.9/site-packages/sqlalchemy/engine/base.py", line 3325, in connect
    return self._connection_cls(self, close_with_result=close_with_result)
  File "/home/airflow/.local/lib/python3.9/site-packages/sqlalchemy/engine/base.py", line 96, in __init__
    else engine.raw_connection()
  File "/home/airflow/.local/lib/python3.9/site-packages/sqlalchemy/engine/base.py", line 3404, in raw_connection
    return self._wrap_pool_connect(self.pool.connect, _connection)
  File "/home/airflow/.local/lib/python3.9/site-packages/sqlalchemy/engine/base.py", line 3374, in _wrap_pool_connect
    Connection._handle_dbapi_exception_noconnection(
  File "/home/airflow/.local/lib/python3.9/site-packages/sqlalchemy/engine/base.py", line 2208, in _handle_dbapi_exception_noconnection
    util.raise_(
  File "/home/airflow/.local/lib/python3.9/site-packages/sqlalchemy/util/compat.py", line 211, in raise_
    raise exception
  File "/home/airflow/.local/lib/python3.9/site-packages/sqlalchemy/engine/base.py", line 3371, in _wrap_pool_connect
    return fn()
  File "/home/airflow/.local/lib/python3.9/site-packages/sqlalchemy/pool/base.py", line 327, in connect
    return _ConnectionFairy._checkout(self)
  File "/home/airflow/.local/lib/python3.9/site-packages/sqlalchemy/pool/base.py", line 894, in _checkout
    fairy = _ConnectionRecord.checkout(pool)
  File "/home/airflow/.local/lib/python3.9/site-packages/sqlalchemy/pool/base.py", line 493, in checkout
    rec = pool._do_get()
  File "/home/airflow/.local/lib/python3.9/site-packages/sqlalchemy/pool/impl.py", line 146, in _do_get
    self._dec_overflow()
  File "/home/airflow/.local/lib/python3.9/site-packages/sqlalchemy/util/langhelpers.py", line 70, in __exit__
    compat.raise_(
  File "/home/airflow/.local/lib/python3.9/site-packages/sqlalchemy/util/compat.py", line 211, in raise_
    raise exception
  File "/home/airflow/.local/lib/python3.9/site-packages/sqlalchemy/pool/impl.py", line 143, in _do_get
    return self._create_connection()
  File "/home/airflow/.local/lib/python3.9/site-packages/sqlalchemy/pool/base.py", line 273, in _create_connection
    return _ConnectionRecord(self)
  File "/home/airflow/.local/lib/python3.9/site-packages/sqlalchemy/pool/base.py", line 388, in __init__
    self.__connect()
  File "/home/airflow/.local/lib/python3.9/site-packages/sqlalchemy/pool/base.py", line 691, in __connect
    pool.logger.debug("Error on connect(): %s", e)
  File "/home/airflow/.local/lib/python3.9/site-packages/sqlalchemy/util/langhelpers.py", line 70, in __exit__
    compat.raise_(
  File "/home/airflow/.local/lib/python3.9/site-packages/sqlalchemy/util/compat.py", line 211, in raise_
    raise exception
  File "/home/airflow/.local/lib/python3.9/site-packages/sqlalchemy/pool/base.py", line 686, in __connect
    self.dbapi_connection = connection = pool._invoke_creator(self)
  File "/home/airflow/.local/lib/python3.9/site-packages/sqlalchemy/engine/create.py", line 574, in connect
    return dialect.connect(*cargs, **cparams)
  File "/home/airflow/.local/lib/python3.9/site-packages/sqlalchemy/engine/default.py", line 598, in connect
    return self.dbapi.connect(*cargs, **cparams)
  File "/home/airflow/.local/lib/python3.9/site-packages/mysql/connector/pooling.py", line 322, in connect
    return CMySQLConnection(*args, **kwargs)
  File "/home/airflow/.local/lib/python3.9/site-packages/mysql/connector/connection_cext.py", line 140, in __init__
    self.connect(**kwargs)
  File "/home/airflow/.local/lib/python3.9/site-packages/mysql/connector/abstracts.py", line 1363, in connect
    self._open_connection()
  File "/home/airflow/.local/lib/python3.9/site-packages/mysql/connector/connection_cext.py", line 328, in _open_connection
    raise get_mysql_exception(
sqlalchemy.exc.DatabaseError: (mysql.connector.errors.DatabaseError) 2003 (HY000): Can't connect to MySQL server on 'mysql:3306' (111)
(Background on this error at: https://sqlalche.me/e/14/4xp6)
[2024-04-21T20:11:54.464+0000] {logging_mixin.py:188} INFO - [2024-04-21T20:11:54.464+0000] {dag.py:3047} INFO - Sync 1 DAGs
[2024-04-21T20:11:54.485+0000] {processor.py:186} ERROR - Got an exception! Propagating...
Traceback (most recent call last):
  File "/home/airflow/.local/lib/python3.9/site-packages/mysql/connector/connection_cext.py", line 323, in _open_connection
    self._cmysql.connect(**cnx_kwargs)
_mysql_connector.MySQLInterfaceError: Can't connect to MySQL server on 'mysql:3306' (111)

The above exception was the direct cause of the following exception:

Traceback (most recent call last):
  File "/home/airflow/.local/lib/python3.9/site-packages/sqlalchemy/engine/base.py", line 3371, in _wrap_pool_connect
    return fn()
  File "/home/airflow/.local/lib/python3.9/site-packages/sqlalchemy/pool/base.py", line 327, in connect
    return _ConnectionFairy._checkout(self)
  File "/home/airflow/.local/lib/python3.9/site-packages/sqlalchemy/pool/base.py", line 894, in _checkout
    fairy = _ConnectionRecord.checkout(pool)
  File "/home/airflow/.local/lib/python3.9/site-packages/sqlalchemy/pool/base.py", line 493, in checkout
    rec = pool._do_get()
  File "/home/airflow/.local/lib/python3.9/site-packages/sqlalchemy/pool/impl.py", line 146, in _do_get
    self._dec_overflow()
  File "/home/airflow/.local/lib/python3.9/site-packages/sqlalchemy/util/langhelpers.py", line 70, in __exit__
    compat.raise_(
  File "/home/airflow/.local/lib/python3.9/site-packages/sqlalchemy/util/compat.py", line 211, in raise_
    raise exception
  File "/home/airflow/.local/lib/python3.9/site-packages/sqlalchemy/pool/impl.py", line 143, in _do_get
    return self._create_connection()
  File "/home/airflow/.local/lib/python3.9/site-packages/sqlalchemy/pool/base.py", line 273, in _create_connection
    return _ConnectionRecord(self)
  File "/home/airflow/.local/lib/python3.9/site-packages/sqlalchemy/pool/base.py", line 388, in __init__
    self.__connect()
  File "/home/airflow/.local/lib/python3.9/site-packages/sqlalchemy/pool/base.py", line 691, in __connect
    pool.logger.debug("Error on connect(): %s", e)
  File "/home/airflow/.local/lib/python3.9/site-packages/sqlalchemy/util/langhelpers.py", line 70, in __exit__
    compat.raise_(
  File "/home/airflow/.local/lib/python3.9/site-packages/sqlalchemy/util/compat.py", line 211, in raise_
    raise exception
  File "/home/airflow/.local/lib/python3.9/site-packages/sqlalchemy/pool/base.py", line 686, in __connect
    self.dbapi_connection = connection = pool._invoke_creator(self)
  File "/home/airflow/.local/lib/python3.9/site-packages/sqlalchemy/engine/create.py", line 574, in connect
    return dialect.connect(*cargs, **cparams)
  File "/home/airflow/.local/lib/python3.9/site-packages/sqlalchemy/engine/default.py", line 598, in connect
    return self.dbapi.connect(*cargs, **cparams)
  File "/home/airflow/.local/lib/python3.9/site-packages/mysql/connector/pooling.py", line 322, in connect
    return CMySQLConnection(*args, **kwargs)
  File "/home/airflow/.local/lib/python3.9/site-packages/mysql/connector/connection_cext.py", line 140, in __init__
    self.connect(**kwargs)
  File "/home/airflow/.local/lib/python3.9/site-packages/mysql/connector/abstracts.py", line 1363, in connect
    self._open_connection()
  File "/home/airflow/.local/lib/python3.9/site-packages/mysql/connector/connection_cext.py", line 328, in _open_connection
    raise get_mysql_exception(
mysql.connector.errors.DatabaseError: 2003 (HY000): Can't connect to MySQL server on 'mysql:3306' (111)

The above exception was the direct cause of the following exception:

Traceback (most recent call last):
  File "/home/airflow/.local/lib/python3.9/site-packages/airflow/dag_processing/processor.py", line 182, in _run_file_processor
    _handle_dag_file_processing()
  File "/home/airflow/.local/lib/python3.9/site-packages/airflow/dag_processing/processor.py", line 163, in _handle_dag_file_processing
    result: tuple[int, int] = dag_file_processor.process_file(
  File "/home/airflow/.local/lib/python3.9/site-packages/airflow/utils/session.py", line 79, in wrapper
    return func(*args, session=session, **kwargs)
  File "/home/airflow/.local/lib/python3.9/site-packages/airflow/dag_processing/processor.py", line 859, in process_file
    serialize_errors = DagFileProcessor.save_dag_to_db(
  File "/home/airflow/.local/lib/python3.9/site-packages/airflow/api_internal/internal_api_call.py", line 114, in wrapper
    return func(*args, **kwargs)
  File "/home/airflow/.local/lib/python3.9/site-packages/airflow/utils/session.py", line 79, in wrapper
    return func(*args, session=session, **kwargs)
  File "/home/airflow/.local/lib/python3.9/site-packages/airflow/dag_processing/processor.py", line 895, in save_dag_to_db
    import_errors = DagBag._sync_to_db(dags=dags, processor_subdir=dag_directory, session=session)
  File "/home/airflow/.local/lib/python3.9/site-packages/airflow/utils/session.py", line 76, in wrapper
    return func(*args, **kwargs)
  File "/home/airflow/.local/lib/python3.9/site-packages/airflow/models/dagbag.py", line 659, in _sync_to_db
    for attempt in run_with_db_retries(logger=log):
  File "/home/airflow/.local/lib/python3.9/site-packages/tenacity/__init__.py", line 347, in __iter__
    do = self.iter(retry_state=retry_state)
  File "/home/airflow/.local/lib/python3.9/site-packages/tenacity/__init__.py", line 325, in iter
    raise retry_exc.reraise()
  File "/home/airflow/.local/lib/python3.9/site-packages/tenacity/__init__.py", line 158, in reraise
    raise self.last_attempt.result()
  File "/usr/local/lib/python3.9/concurrent/futures/_base.py", line 439, in result
    return self.__get_result()
  File "/usr/local/lib/python3.9/concurrent/futures/_base.py", line 391, in __get_result
    raise self._exception
  File "/home/airflow/.local/lib/python3.9/site-packages/airflow/models/dagbag.py", line 675, in _sync_to_db
    DAG.bulk_write_to_db(dags.values(), processor_subdir=processor_subdir, session=session)
  File "/home/airflow/.local/lib/python3.9/site-packages/airflow/utils/session.py", line 76, in wrapper
    return func(*args, **kwargs)
  File "/home/airflow/.local/lib/python3.9/site-packages/airflow/models/dag.py", line 3059, in bulk_write_to_db
    orm_dags: list[DagModel] = session.scalars(query).unique().all()
  File "/home/airflow/.local/lib/python3.9/site-packages/sqlalchemy/orm/session.py", line 1778, in scalars
    return self.execute(
  File "/home/airflow/.local/lib/python3.9/site-packages/sqlalchemy/orm/session.py", line 1716, in execute
    conn = self._connection_for_bind(bind)
  File "/home/airflow/.local/lib/python3.9/site-packages/sqlalchemy/orm/session.py", line 1555, in _connection_for_bind
    return self._transaction._connection_for_bind(
  File "/home/airflow/.local/lib/python3.9/site-packages/sqlalchemy/orm/session.py", line 750, in _connection_for_bind
    conn = bind.connect()
  File "/home/airflow/.local/lib/python3.9/site-packages/sqlalchemy/future/engine.py", line 412, in connect
    return super(Engine, self).connect()
  File "/home/airflow/.local/lib/python3.9/site-packages/sqlalchemy/engine/base.py", line 3325, in connect
    return self._connection_cls(self, close_with_result=close_with_result)
  File "/home/airflow/.local/lib/python3.9/site-packages/sqlalchemy/engine/base.py", line 96, in __init__
    else engine.raw_connection()
  File "/home/airflow/.local/lib/python3.9/site-packages/sqlalchemy/engine/base.py", line 3404, in raw_connection
    return self._wrap_pool_connect(self.pool.connect, _connection)
  File "/home/airflow/.local/lib/python3.9/site-packages/sqlalchemy/engine/base.py", line 3374, in _wrap_pool_connect
    Connection._handle_dbapi_exception_noconnection(
  File "/home/airflow/.local/lib/python3.9/site-packages/sqlalchemy/engine/base.py", line 2208, in _handle_dbapi_exception_noconnection
    util.raise_(
  File "/home/airflow/.local/lib/python3.9/site-packages/sqlalchemy/util/compat.py", line 211, in raise_
    raise exception
  File "/home/airflow/.local/lib/python3.9/site-packages/sqlalchemy/engine/base.py", line 3371, in _wrap_pool_connect
    return fn()
  File "/home/airflow/.local/lib/python3.9/site-packages/sqlalchemy/pool/base.py", line 327, in connect
    return _ConnectionFairy._checkout(self)
  File "/home/airflow/.local/lib/python3.9/site-packages/sqlalchemy/pool/base.py", line 894, in _checkout
    fairy = _ConnectionRecord.checkout(pool)
  File "/home/airflow/.local/lib/python3.9/site-packages/sqlalchemy/pool/base.py", line 493, in checkout
    rec = pool._do_get()
  File "/home/airflow/.local/lib/python3.9/site-packages/sqlalchemy/pool/impl.py", line 146, in _do_get
    self._dec_overflow()
  File "/home/airflow/.local/lib/python3.9/site-packages/sqlalchemy/util/langhelpers.py", line 70, in __exit__
    compat.raise_(
  File "/home/airflow/.local/lib/python3.9/site-packages/sqlalchemy/util/compat.py", line 211, in raise_
    raise exception
  File "/home/airflow/.local/lib/python3.9/site-packages/sqlalchemy/pool/impl.py", line 143, in _do_get
    return self._create_connection()
  File "/home/airflow/.local/lib/python3.9/site-packages/sqlalchemy/pool/base.py", line 273, in _create_connection
    return _ConnectionRecord(self)
  File "/home/airflow/.local/lib/python3.9/site-packages/sqlalchemy/pool/base.py", line 388, in __init__
    self.__connect()
  File "/home/airflow/.local/lib/python3.9/site-packages/sqlalchemy/pool/base.py", line 691, in __connect
    pool.logger.debug("Error on connect(): %s", e)
  File "/home/airflow/.local/lib/python3.9/site-packages/sqlalchemy/util/langhelpers.py", line 70, in __exit__
    compat.raise_(
  File "/home/airflow/.local/lib/python3.9/site-packages/sqlalchemy/util/compat.py", line 211, in raise_
    raise exception
  File "/home/airflow/.local/lib/python3.9/site-packages/sqlalchemy/pool/base.py", line 686, in __connect
    self.dbapi_connection = connection = pool._invoke_creator(self)
  File "/home/airflow/.local/lib/python3.9/site-packages/sqlalchemy/engine/create.py", line 574, in connect
    return dialect.connect(*cargs, **cparams)
  File "/home/airflow/.local/lib/python3.9/site-packages/sqlalchemy/engine/default.py", line 598, in connect
    return self.dbapi.connect(*cargs, **cparams)
  File "/home/airflow/.local/lib/python3.9/site-packages/mysql/connector/pooling.py", line 322, in connect
    return CMySQLConnection(*args, **kwargs)
  File "/home/airflow/.local/lib/python3.9/site-packages/mysql/connector/connection_cext.py", line 140, in __init__
    self.connect(**kwargs)
  File "/home/airflow/.local/lib/python3.9/site-packages/mysql/connector/abstracts.py", line 1363, in connect
    self._open_connection()
  File "/home/airflow/.local/lib/python3.9/site-packages/mysql/connector/connection_cext.py", line 328, in _open_connection
    raise get_mysql_exception(
sqlalchemy.exc.DatabaseError: (mysql.connector.errors.DatabaseError) 2003 (HY000): Can't connect to MySQL server on 'mysql:3306' (111)
(Background on this error at: https://sqlalche.me/e/14/4xp6)
[2024-04-21T20:14:16.876+0000] {processor.py:161} INFO - Started process (PID=45) to work on /home/airflow/.local/lib/python3.9/site-packages/airflow/example_dags/tutorial.py
[2024-04-21T20:14:16.879+0000] {processor.py:830} INFO - Processing file /home/airflow/.local/lib/python3.9/site-packages/airflow/example_dags/tutorial.py for tasks to queue
[2024-04-21T20:14:16.884+0000] {logging_mixin.py:188} INFO - [2024-04-21T20:14:16.884+0000] {dagbag.py:540} INFO - Filling up the DagBag from /home/airflow/.local/lib/python3.9/site-packages/airflow/example_dags/tutorial.py
[2024-04-21T20:14:16.897+0000] {processor.py:840} INFO - DAG(s) 'tutorial' retrieved from /home/airflow/.local/lib/python3.9/site-packages/airflow/example_dags/tutorial.py
[2024-04-21T20:14:16.959+0000] {logging_mixin.py:188} INFO - [2024-04-21T20:14:16.958+0000] {dag.py:3047} INFO - Sync 1 DAGs
[2024-04-21T20:14:16.995+0000] {logging_mixin.py:188} INFO - [2024-04-21T20:14:16.995+0000] {dag.py:3834} INFO - Setting next_dagrun for tutorial to 2024-04-20 00:00:00+00:00, run_after=2024-04-21 00:00:00+00:00
[2024-04-21T20:14:17.053+0000] {processor.py:183} INFO - Processing /home/airflow/.local/lib/python3.9/site-packages/airflow/example_dags/tutorial.py took 0.183 seconds
[2024-04-21T20:14:47.854+0000] {processor.py:161} INFO - Started process (PID=103) to work on /home/airflow/.local/lib/python3.9/site-packages/airflow/example_dags/tutorial.py
[2024-04-21T20:14:47.856+0000] {processor.py:830} INFO - Processing file /home/airflow/.local/lib/python3.9/site-packages/airflow/example_dags/tutorial.py for tasks to queue
[2024-04-21T20:14:47.858+0000] {logging_mixin.py:188} INFO - [2024-04-21T20:14:47.858+0000] {dagbag.py:540} INFO - Filling up the DagBag from /home/airflow/.local/lib/python3.9/site-packages/airflow/example_dags/tutorial.py
[2024-04-21T20:14:47.864+0000] {processor.py:840} INFO - DAG(s) 'tutorial' retrieved from /home/airflow/.local/lib/python3.9/site-packages/airflow/example_dags/tutorial.py
[2024-04-21T20:14:48.011+0000] {logging_mixin.py:188} INFO - [2024-04-21T20:14:48.010+0000] {dag.py:3047} INFO - Sync 1 DAGs
[2024-04-21T20:14:48.034+0000] {logging_mixin.py:188} INFO - [2024-04-21T20:14:48.034+0000] {dag.py:3834} INFO - Setting next_dagrun for tutorial to 2024-04-20 00:00:00+00:00, run_after=2024-04-21 00:00:00+00:00
[2024-04-21T20:14:48.070+0000] {processor.py:183} INFO - Processing /home/airflow/.local/lib/python3.9/site-packages/airflow/example_dags/tutorial.py took 0.219 seconds
[2024-04-21T20:15:18.908+0000] {processor.py:161} INFO - Started process (PID=160) to work on /home/airflow/.local/lib/python3.9/site-packages/airflow/example_dags/tutorial.py
[2024-04-21T20:15:18.911+0000] {processor.py:830} INFO - Processing file /home/airflow/.local/lib/python3.9/site-packages/airflow/example_dags/tutorial.py for tasks to queue
[2024-04-21T20:15:18.915+0000] {logging_mixin.py:188} INFO - [2024-04-21T20:15:18.915+0000] {dagbag.py:540} INFO - Filling up the DagBag from /home/airflow/.local/lib/python3.9/site-packages/airflow/example_dags/tutorial.py
[2024-04-21T20:15:18.929+0000] {processor.py:840} INFO - DAG(s) 'tutorial' retrieved from /home/airflow/.local/lib/python3.9/site-packages/airflow/example_dags/tutorial.py
[2024-04-21T20:15:19.007+0000] {logging_mixin.py:188} INFO - [2024-04-21T20:15:19.007+0000] {dag.py:3047} INFO - Sync 1 DAGs
[2024-04-21T20:15:19.045+0000] {logging_mixin.py:188} INFO - [2024-04-21T20:15:19.045+0000] {dag.py:3834} INFO - Setting next_dagrun for tutorial to 2024-04-20 00:00:00+00:00, run_after=2024-04-21 00:00:00+00:00
[2024-04-21T20:15:19.088+0000] {processor.py:183} INFO - Processing /home/airflow/.local/lib/python3.9/site-packages/airflow/example_dags/tutorial.py took 0.186 seconds
[2024-04-21T20:16:15.533+0000] {processor.py:161} INFO - Started process (PID=45) to work on /home/airflow/.local/lib/python3.9/site-packages/airflow/example_dags/tutorial.py
[2024-04-21T20:16:15.534+0000] {processor.py:830} INFO - Processing file /home/airflow/.local/lib/python3.9/site-packages/airflow/example_dags/tutorial.py for tasks to queue
[2024-04-21T20:16:15.537+0000] {logging_mixin.py:188} INFO - [2024-04-21T20:16:15.536+0000] {dagbag.py:540} INFO - Filling up the DagBag from /home/airflow/.local/lib/python3.9/site-packages/airflow/example_dags/tutorial.py
[2024-04-21T20:16:15.545+0000] {processor.py:840} INFO - DAG(s) 'tutorial' retrieved from /home/airflow/.local/lib/python3.9/site-packages/airflow/example_dags/tutorial.py
[2024-04-21T20:16:15.607+0000] {logging_mixin.py:188} INFO - [2024-04-21T20:16:15.606+0000] {dag.py:3047} INFO - Sync 1 DAGs
[2024-04-21T20:16:15.635+0000] {logging_mixin.py:188} INFO - [2024-04-21T20:16:15.635+0000] {dag.py:3834} INFO - Setting next_dagrun for tutorial to 2024-04-20 00:00:00+00:00, run_after=2024-04-21 00:00:00+00:00
[2024-04-21T20:16:15.681+0000] {processor.py:183} INFO - Processing /home/airflow/.local/lib/python3.9/site-packages/airflow/example_dags/tutorial.py took 0.150 seconds
[2024-04-21T20:16:46.593+0000] {processor.py:161} INFO - Started process (PID=102) to work on /home/airflow/.local/lib/python3.9/site-packages/airflow/example_dags/tutorial.py
[2024-04-21T20:16:46.594+0000] {processor.py:830} INFO - Processing file /home/airflow/.local/lib/python3.9/site-packages/airflow/example_dags/tutorial.py for tasks to queue
[2024-04-21T20:16:46.597+0000] {logging_mixin.py:188} INFO - [2024-04-21T20:16:46.596+0000] {dagbag.py:540} INFO - Filling up the DagBag from /home/airflow/.local/lib/python3.9/site-packages/airflow/example_dags/tutorial.py
[2024-04-21T20:16:46.603+0000] {processor.py:840} INFO - DAG(s) 'tutorial' retrieved from /home/airflow/.local/lib/python3.9/site-packages/airflow/example_dags/tutorial.py
[2024-04-21T20:16:46.657+0000] {logging_mixin.py:188} INFO - [2024-04-21T20:16:46.657+0000] {dag.py:3047} INFO - Sync 1 DAGs
[2024-04-21T20:16:46.682+0000] {logging_mixin.py:188} INFO - [2024-04-21T20:16:46.682+0000] {dag.py:3834} INFO - Setting next_dagrun for tutorial to 2024-04-20 00:00:00+00:00, run_after=2024-04-21 00:00:00+00:00
[2024-04-21T20:16:46.715+0000] {processor.py:183} INFO - Processing /home/airflow/.local/lib/python3.9/site-packages/airflow/example_dags/tutorial.py took 0.125 seconds
[2024-04-21T20:17:17.082+0000] {processor.py:161} INFO - Started process (PID=159) to work on /home/airflow/.local/lib/python3.9/site-packages/airflow/example_dags/tutorial.py
[2024-04-21T20:17:17.084+0000] {processor.py:830} INFO - Processing file /home/airflow/.local/lib/python3.9/site-packages/airflow/example_dags/tutorial.py for tasks to queue
[2024-04-21T20:17:17.088+0000] {logging_mixin.py:188} INFO - [2024-04-21T20:17:17.088+0000] {dagbag.py:540} INFO - Filling up the DagBag from /home/airflow/.local/lib/python3.9/site-packages/airflow/example_dags/tutorial.py
[2024-04-21T20:17:17.102+0000] {processor.py:840} INFO - DAG(s) 'tutorial' retrieved from /home/airflow/.local/lib/python3.9/site-packages/airflow/example_dags/tutorial.py
[2024-04-21T20:17:17.187+0000] {logging_mixin.py:188} INFO - [2024-04-21T20:17:17.186+0000] {dag.py:3047} INFO - Sync 1 DAGs
[2024-04-21T20:17:17.216+0000] {logging_mixin.py:188} INFO - [2024-04-21T20:17:17.216+0000] {dag.py:3834} INFO - Setting next_dagrun for tutorial to 2024-04-20 00:00:00+00:00, run_after=2024-04-21 00:00:00+00:00
[2024-04-21T20:17:17.256+0000] {processor.py:183} INFO - Processing /home/airflow/.local/lib/python3.9/site-packages/airflow/example_dags/tutorial.py took 0.180 seconds
[2024-04-21T20:17:47.679+0000] {processor.py:161} INFO - Started process (PID=214) to work on /home/airflow/.local/lib/python3.9/site-packages/airflow/example_dags/tutorial.py
[2024-04-21T20:17:47.680+0000] {processor.py:830} INFO - Processing file /home/airflow/.local/lib/python3.9/site-packages/airflow/example_dags/tutorial.py for tasks to queue
[2024-04-21T20:17:47.682+0000] {logging_mixin.py:188} INFO - [2024-04-21T20:17:47.682+0000] {dagbag.py:540} INFO - Filling up the DagBag from /home/airflow/.local/lib/python3.9/site-packages/airflow/example_dags/tutorial.py
[2024-04-21T20:17:47.688+0000] {processor.py:840} INFO - DAG(s) 'tutorial' retrieved from /home/airflow/.local/lib/python3.9/site-packages/airflow/example_dags/tutorial.py
[2024-04-21T20:17:47.744+0000] {logging_mixin.py:188} INFO - [2024-04-21T20:17:47.744+0000] {dag.py:3047} INFO - Sync 1 DAGs
[2024-04-21T20:17:47.775+0000] {logging_mixin.py:188} INFO - [2024-04-21T20:17:47.775+0000] {dag.py:3834} INFO - Setting next_dagrun for tutorial to 2024-04-20 00:00:00+00:00, run_after=2024-04-21 00:00:00+00:00
[2024-04-21T20:17:47.812+0000] {processor.py:183} INFO - Processing /home/airflow/.local/lib/python3.9/site-packages/airflow/example_dags/tutorial.py took 0.136 seconds
[2024-04-21T20:18:18.521+0000] {processor.py:161} INFO - Started process (PID=271) to work on /home/airflow/.local/lib/python3.9/site-packages/airflow/example_dags/tutorial.py
[2024-04-21T20:18:18.523+0000] {processor.py:830} INFO - Processing file /home/airflow/.local/lib/python3.9/site-packages/airflow/example_dags/tutorial.py for tasks to queue
[2024-04-21T20:18:18.525+0000] {logging_mixin.py:188} INFO - [2024-04-21T20:18:18.524+0000] {dagbag.py:540} INFO - Filling up the DagBag from /home/airflow/.local/lib/python3.9/site-packages/airflow/example_dags/tutorial.py
[2024-04-21T20:18:18.531+0000] {processor.py:840} INFO - DAG(s) 'tutorial' retrieved from /home/airflow/.local/lib/python3.9/site-packages/airflow/example_dags/tutorial.py
[2024-04-21T20:18:18.595+0000] {logging_mixin.py:188} INFO - [2024-04-21T20:18:18.595+0000] {dag.py:3047} INFO - Sync 1 DAGs
[2024-04-21T20:18:18.620+0000] {logging_mixin.py:188} INFO - [2024-04-21T20:18:18.619+0000] {dag.py:3834} INFO - Setting next_dagrun for tutorial to 2024-04-20 00:00:00+00:00, run_after=2024-04-21 00:00:00+00:00
[2024-04-21T20:18:18.652+0000] {processor.py:183} INFO - Processing /home/airflow/.local/lib/python3.9/site-packages/airflow/example_dags/tutorial.py took 0.134 seconds
[2024-04-21T20:18:48.962+0000] {processor.py:161} INFO - Started process (PID=328) to work on /home/airflow/.local/lib/python3.9/site-packages/airflow/example_dags/tutorial.py
[2024-04-21T20:18:48.963+0000] {processor.py:830} INFO - Processing file /home/airflow/.local/lib/python3.9/site-packages/airflow/example_dags/tutorial.py for tasks to queue
[2024-04-21T20:18:48.965+0000] {logging_mixin.py:188} INFO - [2024-04-21T20:18:48.965+0000] {dagbag.py:540} INFO - Filling up the DagBag from /home/airflow/.local/lib/python3.9/site-packages/airflow/example_dags/tutorial.py
[2024-04-21T20:18:48.972+0000] {processor.py:840} INFO - DAG(s) 'tutorial' retrieved from /home/airflow/.local/lib/python3.9/site-packages/airflow/example_dags/tutorial.py
[2024-04-21T20:18:49.034+0000] {logging_mixin.py:188} INFO - [2024-04-21T20:18:49.034+0000] {dag.py:3047} INFO - Sync 1 DAGs
[2024-04-21T20:18:49.059+0000] {logging_mixin.py:188} INFO - [2024-04-21T20:18:49.059+0000] {dag.py:3834} INFO - Setting next_dagrun for tutorial to 2024-04-20 00:00:00+00:00, run_after=2024-04-21 00:00:00+00:00
[2024-04-21T20:18:49.095+0000] {processor.py:183} INFO - Processing /home/airflow/.local/lib/python3.9/site-packages/airflow/example_dags/tutorial.py took 0.136 seconds
[2024-04-21T20:32:46.412+0000] {processor.py:161} INFO - Started process (PID=45) to work on /home/airflow/.local/lib/python3.9/site-packages/airflow/example_dags/tutorial.py
[2024-04-21T20:32:46.415+0000] {processor.py:830} INFO - Processing file /home/airflow/.local/lib/python3.9/site-packages/airflow/example_dags/tutorial.py for tasks to queue
[2024-04-21T20:32:46.429+0000] {logging_mixin.py:188} INFO - [2024-04-21T20:32:46.427+0000] {dagbag.py:540} INFO - Filling up the DagBag from /home/airflow/.local/lib/python3.9/site-packages/airflow/example_dags/tutorial.py
[2024-04-21T20:32:46.477+0000] {processor.py:840} INFO - DAG(s) 'tutorial' retrieved from /home/airflow/.local/lib/python3.9/site-packages/airflow/example_dags/tutorial.py
[2024-04-21T20:32:46.600+0000] {logging_mixin.py:188} INFO - [2024-04-21T20:32:46.600+0000] {dag.py:3047} INFO - Sync 1 DAGs
[2024-04-21T20:32:46.682+0000] {logging_mixin.py:188} INFO - [2024-04-21T20:32:46.681+0000] {dag.py:3834} INFO - Setting next_dagrun for tutorial to 2024-04-20 00:00:00+00:00, run_after=2024-04-21 00:00:00+00:00
[2024-04-21T20:32:46.759+0000] {processor.py:183} INFO - Processing /home/airflow/.local/lib/python3.9/site-packages/airflow/example_dags/tutorial.py took 0.356 seconds
[2024-04-21T20:33:21.106+0000] {processor.py:161} INFO - Started process (PID=45) to work on /home/airflow/.local/lib/python3.9/site-packages/airflow/example_dags/tutorial.py
[2024-04-21T20:33:21.108+0000] {processor.py:830} INFO - Processing file /home/airflow/.local/lib/python3.9/site-packages/airflow/example_dags/tutorial.py for tasks to queue
[2024-04-21T20:33:21.109+0000] {logging_mixin.py:188} INFO - [2024-04-21T20:33:21.109+0000] {dagbag.py:540} INFO - Filling up the DagBag from /home/airflow/.local/lib/python3.9/site-packages/airflow/example_dags/tutorial.py
[2024-04-21T20:33:21.116+0000] {processor.py:840} INFO - DAG(s) 'tutorial' retrieved from /home/airflow/.local/lib/python3.9/site-packages/airflow/example_dags/tutorial.py
[2024-04-21T20:33:21.280+0000] {logging_mixin.py:188} INFO - [2024-04-21T20:33:21.280+0000] {dag.py:3047} INFO - Sync 1 DAGs
[2024-04-21T20:33:21.301+0000] {logging_mixin.py:188} INFO - [2024-04-21T20:33:21.301+0000] {dag.py:3834} INFO - Setting next_dagrun for tutorial to 2024-04-20 00:00:00+00:00, run_after=2024-04-21 00:00:00+00:00
[2024-04-21T20:33:21.363+0000] {processor.py:183} INFO - Processing /home/airflow/.local/lib/python3.9/site-packages/airflow/example_dags/tutorial.py took 0.260 seconds
[2024-04-21T20:33:51.994+0000] {processor.py:161} INFO - Started process (PID=102) to work on /home/airflow/.local/lib/python3.9/site-packages/airflow/example_dags/tutorial.py
[2024-04-21T20:33:51.996+0000] {processor.py:830} INFO - Processing file /home/airflow/.local/lib/python3.9/site-packages/airflow/example_dags/tutorial.py for tasks to queue
[2024-04-21T20:33:51.999+0000] {logging_mixin.py:188} INFO - [2024-04-21T20:33:51.998+0000] {dagbag.py:540} INFO - Filling up the DagBag from /home/airflow/.local/lib/python3.9/site-packages/airflow/example_dags/tutorial.py
[2024-04-21T20:33:52.005+0000] {processor.py:840} INFO - DAG(s) 'tutorial' retrieved from /home/airflow/.local/lib/python3.9/site-packages/airflow/example_dags/tutorial.py
[2024-04-21T20:33:52.063+0000] {logging_mixin.py:188} INFO - [2024-04-21T20:33:52.063+0000] {dag.py:3047} INFO - Sync 1 DAGs
[2024-04-21T20:33:52.089+0000] {logging_mixin.py:188} INFO - [2024-04-21T20:33:52.088+0000] {dag.py:3834} INFO - Setting next_dagrun for tutorial to 2024-04-20 00:00:00+00:00, run_after=2024-04-21 00:00:00+00:00
[2024-04-21T20:33:52.121+0000] {processor.py:183} INFO - Processing /home/airflow/.local/lib/python3.9/site-packages/airflow/example_dags/tutorial.py took 0.130 seconds
[2024-04-21T20:34:29.205+0000] {processor.py:161} INFO - Started process (PID=45) to work on /home/airflow/.local/lib/python3.9/site-packages/airflow/example_dags/tutorial.py
[2024-04-21T20:34:29.206+0000] {processor.py:830} INFO - Processing file /home/airflow/.local/lib/python3.9/site-packages/airflow/example_dags/tutorial.py for tasks to queue
[2024-04-21T20:34:29.208+0000] {logging_mixin.py:188} INFO - [2024-04-21T20:34:29.208+0000] {dagbag.py:540} INFO - Filling up the DagBag from /home/airflow/.local/lib/python3.9/site-packages/airflow/example_dags/tutorial.py
[2024-04-21T20:34:29.216+0000] {processor.py:840} INFO - DAG(s) 'tutorial' retrieved from /home/airflow/.local/lib/python3.9/site-packages/airflow/example_dags/tutorial.py
[2024-04-21T20:34:29.282+0000] {logging_mixin.py:188} INFO - [2024-04-21T20:34:29.281+0000] {dag.py:3047} INFO - Sync 1 DAGs
[2024-04-21T20:34:29.310+0000] {logging_mixin.py:188} INFO - [2024-04-21T20:34:29.310+0000] {dag.py:3834} INFO - Setting next_dagrun for tutorial to 2024-04-20 00:00:00+00:00, run_after=2024-04-21 00:00:00+00:00
[2024-04-21T20:34:29.341+0000] {processor.py:183} INFO - Processing /home/airflow/.local/lib/python3.9/site-packages/airflow/example_dags/tutorial.py took 0.139 seconds
[2024-04-21T20:35:00.589+0000] {processor.py:161} INFO - Started process (PID=102) to work on /home/airflow/.local/lib/python3.9/site-packages/airflow/example_dags/tutorial.py
[2024-04-21T20:35:00.590+0000] {processor.py:830} INFO - Processing file /home/airflow/.local/lib/python3.9/site-packages/airflow/example_dags/tutorial.py for tasks to queue
[2024-04-21T20:35:00.593+0000] {logging_mixin.py:188} INFO - [2024-04-21T20:35:00.592+0000] {dagbag.py:540} INFO - Filling up the DagBag from /home/airflow/.local/lib/python3.9/site-packages/airflow/example_dags/tutorial.py
[2024-04-21T20:35:00.599+0000] {processor.py:840} INFO - DAG(s) 'tutorial' retrieved from /home/airflow/.local/lib/python3.9/site-packages/airflow/example_dags/tutorial.py
[2024-04-21T20:35:00.655+0000] {logging_mixin.py:188} INFO - [2024-04-21T20:35:00.654+0000] {dag.py:3047} INFO - Sync 1 DAGs
[2024-04-21T20:35:00.680+0000] {logging_mixin.py:188} INFO - [2024-04-21T20:35:00.680+0000] {dag.py:3834} INFO - Setting next_dagrun for tutorial to 2024-04-20 00:00:00+00:00, run_after=2024-04-21 00:00:00+00:00
[2024-04-21T20:35:00.713+0000] {processor.py:183} INFO - Processing /home/airflow/.local/lib/python3.9/site-packages/airflow/example_dags/tutorial.py took 0.128 seconds
[2024-04-21T20:35:31.573+0000] {processor.py:161} INFO - Started process (PID=159) to work on /home/airflow/.local/lib/python3.9/site-packages/airflow/example_dags/tutorial.py
[2024-04-21T20:35:31.574+0000] {processor.py:830} INFO - Processing file /home/airflow/.local/lib/python3.9/site-packages/airflow/example_dags/tutorial.py for tasks to queue
[2024-04-21T20:35:31.577+0000] {logging_mixin.py:188} INFO - [2024-04-21T20:35:31.577+0000] {dagbag.py:540} INFO - Filling up the DagBag from /home/airflow/.local/lib/python3.9/site-packages/airflow/example_dags/tutorial.py
[2024-04-21T20:35:31.583+0000] {processor.py:840} INFO - DAG(s) 'tutorial' retrieved from /home/airflow/.local/lib/python3.9/site-packages/airflow/example_dags/tutorial.py
[2024-04-21T20:35:31.636+0000] {logging_mixin.py:188} INFO - [2024-04-21T20:35:31.636+0000] {dag.py:3047} INFO - Sync 1 DAGs
[2024-04-21T20:35:31.660+0000] {logging_mixin.py:188} INFO - [2024-04-21T20:35:31.660+0000] {dag.py:3834} INFO - Setting next_dagrun for tutorial to 2024-04-20 00:00:00+00:00, run_after=2024-04-21 00:00:00+00:00
[2024-04-21T20:35:31.697+0000] {processor.py:183} INFO - Processing /home/airflow/.local/lib/python3.9/site-packages/airflow/example_dags/tutorial.py took 0.126 seconds
[2024-04-21T20:36:02.673+0000] {processor.py:161} INFO - Started process (PID=216) to work on /home/airflow/.local/lib/python3.9/site-packages/airflow/example_dags/tutorial.py
[2024-04-21T20:36:02.675+0000] {processor.py:830} INFO - Processing file /home/airflow/.local/lib/python3.9/site-packages/airflow/example_dags/tutorial.py for tasks to queue
[2024-04-21T20:36:02.677+0000] {logging_mixin.py:188} INFO - [2024-04-21T20:36:02.677+0000] {dagbag.py:540} INFO - Filling up the DagBag from /home/airflow/.local/lib/python3.9/site-packages/airflow/example_dags/tutorial.py
[2024-04-21T20:36:02.683+0000] {processor.py:840} INFO - DAG(s) 'tutorial' retrieved from /home/airflow/.local/lib/python3.9/site-packages/airflow/example_dags/tutorial.py
[2024-04-21T20:36:02.739+0000] {logging_mixin.py:188} INFO - [2024-04-21T20:36:02.738+0000] {dag.py:3047} INFO - Sync 1 DAGs
[2024-04-21T20:36:02.767+0000] {logging_mixin.py:188} INFO - [2024-04-21T20:36:02.766+0000] {dag.py:3834} INFO - Setting next_dagrun for tutorial to 2024-04-20 00:00:00+00:00, run_after=2024-04-21 00:00:00+00:00
[2024-04-21T20:36:02.805+0000] {processor.py:183} INFO - Processing /home/airflow/.local/lib/python3.9/site-packages/airflow/example_dags/tutorial.py took 0.135 seconds
[2024-04-21T20:36:32.996+0000] {processor.py:161} INFO - Started process (PID=272) to work on /home/airflow/.local/lib/python3.9/site-packages/airflow/example_dags/tutorial.py
[2024-04-21T20:36:32.997+0000] {processor.py:830} INFO - Processing file /home/airflow/.local/lib/python3.9/site-packages/airflow/example_dags/tutorial.py for tasks to queue
[2024-04-21T20:36:33.000+0000] {logging_mixin.py:188} INFO - [2024-04-21T20:36:32.999+0000] {dagbag.py:540} INFO - Filling up the DagBag from /home/airflow/.local/lib/python3.9/site-packages/airflow/example_dags/tutorial.py
[2024-04-21T20:36:33.009+0000] {processor.py:840} INFO - DAG(s) 'tutorial' retrieved from /home/airflow/.local/lib/python3.9/site-packages/airflow/example_dags/tutorial.py
[2024-04-21T20:36:33.074+0000] {logging_mixin.py:188} INFO - [2024-04-21T20:36:33.073+0000] {dag.py:3047} INFO - Sync 1 DAGs
[2024-04-21T20:36:33.104+0000] {logging_mixin.py:188} INFO - [2024-04-21T20:36:33.104+0000] {dag.py:3834} INFO - Setting next_dagrun for tutorial to 2024-04-20 00:00:00+00:00, run_after=2024-04-21 00:00:00+00:00
[2024-04-21T20:36:33.142+0000] {processor.py:183} INFO - Processing /home/airflow/.local/lib/python3.9/site-packages/airflow/example_dags/tutorial.py took 0.151 seconds
[2024-04-21T20:37:03.299+0000] {processor.py:161} INFO - Started process (PID=328) to work on /home/airflow/.local/lib/python3.9/site-packages/airflow/example_dags/tutorial.py
[2024-04-21T20:37:03.300+0000] {processor.py:830} INFO - Processing file /home/airflow/.local/lib/python3.9/site-packages/airflow/example_dags/tutorial.py for tasks to queue
[2024-04-21T20:37:03.302+0000] {logging_mixin.py:188} INFO - [2024-04-21T20:37:03.301+0000] {dagbag.py:540} INFO - Filling up the DagBag from /home/airflow/.local/lib/python3.9/site-packages/airflow/example_dags/tutorial.py
[2024-04-21T20:37:03.308+0000] {processor.py:840} INFO - DAG(s) 'tutorial' retrieved from /home/airflow/.local/lib/python3.9/site-packages/airflow/example_dags/tutorial.py
[2024-04-21T20:37:03.359+0000] {logging_mixin.py:188} INFO - [2024-04-21T20:37:03.359+0000] {dag.py:3047} INFO - Sync 1 DAGs
[2024-04-21T20:37:03.381+0000] {logging_mixin.py:188} INFO - [2024-04-21T20:37:03.381+0000] {dag.py:3834} INFO - Setting next_dagrun for tutorial to 2024-04-20 00:00:00+00:00, run_after=2024-04-21 00:00:00+00:00
[2024-04-21T20:37:03.408+0000] {processor.py:183} INFO - Processing /home/airflow/.local/lib/python3.9/site-packages/airflow/example_dags/tutorial.py took 0.112 seconds
[2024-04-21T20:37:33.870+0000] {processor.py:161} INFO - Started process (PID=385) to work on /home/airflow/.local/lib/python3.9/site-packages/airflow/example_dags/tutorial.py
[2024-04-21T20:37:33.872+0000] {processor.py:830} INFO - Processing file /home/airflow/.local/lib/python3.9/site-packages/airflow/example_dags/tutorial.py for tasks to queue
[2024-04-21T20:37:33.874+0000] {logging_mixin.py:188} INFO - [2024-04-21T20:37:33.873+0000] {dagbag.py:540} INFO - Filling up the DagBag from /home/airflow/.local/lib/python3.9/site-packages/airflow/example_dags/tutorial.py
[2024-04-21T20:37:33.880+0000] {processor.py:840} INFO - DAG(s) 'tutorial' retrieved from /home/airflow/.local/lib/python3.9/site-packages/airflow/example_dags/tutorial.py
[2024-04-21T20:37:33.936+0000] {logging_mixin.py:188} INFO - [2024-04-21T20:37:33.936+0000] {dag.py:3047} INFO - Sync 1 DAGs
[2024-04-21T20:37:33.962+0000] {logging_mixin.py:188} INFO - [2024-04-21T20:37:33.962+0000] {dag.py:3834} INFO - Setting next_dagrun for tutorial to 2024-04-20 00:00:00+00:00, run_after=2024-04-21 00:00:00+00:00
[2024-04-21T20:37:33.995+0000] {processor.py:183} INFO - Processing /home/airflow/.local/lib/python3.9/site-packages/airflow/example_dags/tutorial.py took 0.128 seconds
[2024-04-21T20:38:04.886+0000] {processor.py:161} INFO - Started process (PID=442) to work on /home/airflow/.local/lib/python3.9/site-packages/airflow/example_dags/tutorial.py
[2024-04-21T20:38:04.888+0000] {processor.py:830} INFO - Processing file /home/airflow/.local/lib/python3.9/site-packages/airflow/example_dags/tutorial.py for tasks to queue
[2024-04-21T20:38:04.891+0000] {logging_mixin.py:188} INFO - [2024-04-21T20:38:04.890+0000] {dagbag.py:540} INFO - Filling up the DagBag from /home/airflow/.local/lib/python3.9/site-packages/airflow/example_dags/tutorial.py
[2024-04-21T20:38:04.897+0000] {processor.py:840} INFO - DAG(s) 'tutorial' retrieved from /home/airflow/.local/lib/python3.9/site-packages/airflow/example_dags/tutorial.py
[2024-04-21T20:38:04.951+0000] {logging_mixin.py:188} INFO - [2024-04-21T20:38:04.950+0000] {dag.py:3047} INFO - Sync 1 DAGs
[2024-04-21T20:38:04.974+0000] {logging_mixin.py:188} INFO - [2024-04-21T20:38:04.974+0000] {dag.py:3834} INFO - Setting next_dagrun for tutorial to 2024-04-20 00:00:00+00:00, run_after=2024-04-21 00:00:00+00:00
[2024-04-21T20:38:05.007+0000] {processor.py:183} INFO - Processing /home/airflow/.local/lib/python3.9/site-packages/airflow/example_dags/tutorial.py took 0.123 seconds
[2024-04-21T20:38:35.514+0000] {processor.py:161} INFO - Started process (PID=499) to work on /home/airflow/.local/lib/python3.9/site-packages/airflow/example_dags/tutorial.py
[2024-04-21T20:38:35.515+0000] {processor.py:830} INFO - Processing file /home/airflow/.local/lib/python3.9/site-packages/airflow/example_dags/tutorial.py for tasks to queue
[2024-04-21T20:38:35.517+0000] {logging_mixin.py:188} INFO - [2024-04-21T20:38:35.517+0000] {dagbag.py:540} INFO - Filling up the DagBag from /home/airflow/.local/lib/python3.9/site-packages/airflow/example_dags/tutorial.py
[2024-04-21T20:38:35.524+0000] {processor.py:840} INFO - DAG(s) 'tutorial' retrieved from /home/airflow/.local/lib/python3.9/site-packages/airflow/example_dags/tutorial.py
[2024-04-21T20:38:35.602+0000] {logging_mixin.py:188} INFO - [2024-04-21T20:38:35.601+0000] {dag.py:3047} INFO - Sync 1 DAGs
[2024-04-21T20:38:35.669+0000] {logging_mixin.py:188} INFO - [2024-04-21T20:38:35.668+0000] {dag.py:3834} INFO - Setting next_dagrun for tutorial to 2024-04-20 00:00:00+00:00, run_after=2024-04-21 00:00:00+00:00
[2024-04-21T20:38:35.709+0000] {processor.py:183} INFO - Processing /home/airflow/.local/lib/python3.9/site-packages/airflow/example_dags/tutorial.py took 0.198 seconds
[2024-04-21T20:39:05.806+0000] {processor.py:161} INFO - Started process (PID=556) to work on /home/airflow/.local/lib/python3.9/site-packages/airflow/example_dags/tutorial.py
[2024-04-21T20:39:05.808+0000] {processor.py:830} INFO - Processing file /home/airflow/.local/lib/python3.9/site-packages/airflow/example_dags/tutorial.py for tasks to queue
[2024-04-21T20:39:05.811+0000] {logging_mixin.py:188} INFO - [2024-04-21T20:39:05.810+0000] {dagbag.py:540} INFO - Filling up the DagBag from /home/airflow/.local/lib/python3.9/site-packages/airflow/example_dags/tutorial.py
[2024-04-21T20:39:05.823+0000] {processor.py:840} INFO - DAG(s) 'tutorial' retrieved from /home/airflow/.local/lib/python3.9/site-packages/airflow/example_dags/tutorial.py
[2024-04-21T20:39:05.883+0000] {logging_mixin.py:188} INFO - [2024-04-21T20:39:05.883+0000] {dag.py:3047} INFO - Sync 1 DAGs
[2024-04-21T20:39:05.906+0000] {logging_mixin.py:188} INFO - [2024-04-21T20:39:05.906+0000] {dag.py:3834} INFO - Setting next_dagrun for tutorial to 2024-04-20 00:00:00+00:00, run_after=2024-04-21 00:00:00+00:00
[2024-04-21T20:39:05.939+0000] {processor.py:183} INFO - Processing /home/airflow/.local/lib/python3.9/site-packages/airflow/example_dags/tutorial.py took 0.136 seconds
[2024-04-21T20:40:40.408+0000] {processor.py:161} INFO - Started process (PID=589) to work on /home/airflow/.local/lib/python3.9/site-packages/airflow/example_dags/tutorial.py
[2024-04-21T20:40:40.409+0000] {processor.py:830} INFO - Processing file /home/airflow/.local/lib/python3.9/site-packages/airflow/example_dags/tutorial.py for tasks to queue
[2024-04-21T20:40:40.411+0000] {logging_mixin.py:188} INFO - [2024-04-21T20:40:40.411+0000] {dagbag.py:540} INFO - Filling up the DagBag from /home/airflow/.local/lib/python3.9/site-packages/airflow/example_dags/tutorial.py
[2024-04-21T20:40:40.422+0000] {processor.py:840} INFO - DAG(s) 'tutorial' retrieved from /home/airflow/.local/lib/python3.9/site-packages/airflow/example_dags/tutorial.py
[2024-04-21T20:40:40.478+0000] {logging_mixin.py:188} INFO - [2024-04-21T20:40:40.478+0000] {dag.py:3047} INFO - Sync 1 DAGs
[2024-04-21T20:40:40.499+0000] {logging_mixin.py:188} INFO - [2024-04-21T20:40:40.498+0000] {dag.py:3834} INFO - Setting next_dagrun for tutorial to 2024-04-20 00:00:00+00:00, run_after=2024-04-21 00:00:00+00:00
[2024-04-21T20:40:40.532+0000] {processor.py:183} INFO - Processing /home/airflow/.local/lib/python3.9/site-packages/airflow/example_dags/tutorial.py took 0.127 seconds
[2024-04-21T20:41:11.216+0000] {processor.py:161} INFO - Started process (PID=648) to work on /home/airflow/.local/lib/python3.9/site-packages/airflow/example_dags/tutorial.py
[2024-04-21T20:41:11.217+0000] {processor.py:830} INFO - Processing file /home/airflow/.local/lib/python3.9/site-packages/airflow/example_dags/tutorial.py for tasks to queue
[2024-04-21T20:41:11.220+0000] {logging_mixin.py:188} INFO - [2024-04-21T20:41:11.219+0000] {dagbag.py:540} INFO - Filling up the DagBag from /home/airflow/.local/lib/python3.9/site-packages/airflow/example_dags/tutorial.py
[2024-04-21T20:41:11.227+0000] {processor.py:840} INFO - DAG(s) 'tutorial' retrieved from /home/airflow/.local/lib/python3.9/site-packages/airflow/example_dags/tutorial.py
[2024-04-21T20:41:11.290+0000] {logging_mixin.py:188} INFO - [2024-04-21T20:41:11.289+0000] {dag.py:3047} INFO - Sync 1 DAGs
[2024-04-21T20:41:11.319+0000] {logging_mixin.py:188} INFO - [2024-04-21T20:41:11.318+0000] {dag.py:3834} INFO - Setting next_dagrun for tutorial to 2024-04-20 00:00:00+00:00, run_after=2024-04-21 00:00:00+00:00
[2024-04-21T20:41:11.371+0000] {processor.py:183} INFO - Processing /home/airflow/.local/lib/python3.9/site-packages/airflow/example_dags/tutorial.py took 0.158 seconds
[2024-04-21T20:41:41.554+0000] {processor.py:161} INFO - Started process (PID=706) to work on /home/airflow/.local/lib/python3.9/site-packages/airflow/example_dags/tutorial.py
[2024-04-21T20:41:41.556+0000] {processor.py:830} INFO - Processing file /home/airflow/.local/lib/python3.9/site-packages/airflow/example_dags/tutorial.py for tasks to queue
[2024-04-21T20:41:41.558+0000] {logging_mixin.py:188} INFO - [2024-04-21T20:41:41.558+0000] {dagbag.py:540} INFO - Filling up the DagBag from /home/airflow/.local/lib/python3.9/site-packages/airflow/example_dags/tutorial.py
[2024-04-21T20:41:41.564+0000] {processor.py:840} INFO - DAG(s) 'tutorial' retrieved from /home/airflow/.local/lib/python3.9/site-packages/airflow/example_dags/tutorial.py
[2024-04-21T20:41:41.619+0000] {logging_mixin.py:188} INFO - [2024-04-21T20:41:41.619+0000] {dag.py:3047} INFO - Sync 1 DAGs
[2024-04-21T20:41:41.638+0000] {logging_mixin.py:188} INFO - [2024-04-21T20:41:41.638+0000] {dag.py:3834} INFO - Setting next_dagrun for tutorial to 2024-04-20 00:00:00+00:00, run_after=2024-04-21 00:00:00+00:00
[2024-04-21T20:41:41.668+0000] {processor.py:183} INFO - Processing /home/airflow/.local/lib/python3.9/site-packages/airflow/example_dags/tutorial.py took 0.116 seconds
[2024-04-21T20:42:36.078+0000] {processor.py:161} INFO - Started process (PID=45) to work on /home/airflow/.local/lib/python3.9/site-packages/airflow/example_dags/tutorial.py
[2024-04-21T20:42:36.080+0000] {processor.py:830} INFO - Processing file /home/airflow/.local/lib/python3.9/site-packages/airflow/example_dags/tutorial.py for tasks to queue
[2024-04-21T20:42:36.082+0000] {logging_mixin.py:188} INFO - [2024-04-21T20:42:36.082+0000] {dagbag.py:540} INFO - Filling up the DagBag from /home/airflow/.local/lib/python3.9/site-packages/airflow/example_dags/tutorial.py
[2024-04-21T20:42:36.090+0000] {processor.py:840} INFO - DAG(s) 'tutorial' retrieved from /home/airflow/.local/lib/python3.9/site-packages/airflow/example_dags/tutorial.py
[2024-04-21T20:42:36.153+0000] {logging_mixin.py:188} INFO - [2024-04-21T20:42:36.152+0000] {dag.py:3047} INFO - Sync 1 DAGs
[2024-04-21T20:42:36.176+0000] {logging_mixin.py:188} INFO - [2024-04-21T20:42:36.176+0000] {dag.py:3834} INFO - Setting next_dagrun for tutorial to 2024-04-20 00:00:00+00:00, run_after=2024-04-21 00:00:00+00:00
[2024-04-21T20:42:36.214+0000] {processor.py:183} INFO - Processing /home/airflow/.local/lib/python3.9/site-packages/airflow/example_dags/tutorial.py took 0.138 seconds
[2024-04-21T20:43:07.411+0000] {processor.py:161} INFO - Started process (PID=102) to work on /home/airflow/.local/lib/python3.9/site-packages/airflow/example_dags/tutorial.py
[2024-04-21T20:43:07.412+0000] {processor.py:830} INFO - Processing file /home/airflow/.local/lib/python3.9/site-packages/airflow/example_dags/tutorial.py for tasks to queue
[2024-04-21T20:43:07.415+0000] {logging_mixin.py:188} INFO - [2024-04-21T20:43:07.415+0000] {dagbag.py:540} INFO - Filling up the DagBag from /home/airflow/.local/lib/python3.9/site-packages/airflow/example_dags/tutorial.py
[2024-04-21T20:43:07.421+0000] {processor.py:840} INFO - DAG(s) 'tutorial' retrieved from /home/airflow/.local/lib/python3.9/site-packages/airflow/example_dags/tutorial.py
[2024-04-21T20:43:07.479+0000] {logging_mixin.py:188} INFO - [2024-04-21T20:43:07.478+0000] {dag.py:3047} INFO - Sync 1 DAGs
[2024-04-21T20:43:07.512+0000] {logging_mixin.py:188} INFO - [2024-04-21T20:43:07.512+0000] {dag.py:3834} INFO - Setting next_dagrun for tutorial to 2024-04-20 00:00:00+00:00, run_after=2024-04-21 00:00:00+00:00
[2024-04-21T20:43:07.547+0000] {processor.py:183} INFO - Processing /home/airflow/.local/lib/python3.9/site-packages/airflow/example_dags/tutorial.py took 0.139 seconds
[2024-04-21T20:43:37.604+0000] {processor.py:161} INFO - Started process (PID=158) to work on /home/airflow/.local/lib/python3.9/site-packages/airflow/example_dags/tutorial.py
[2024-04-21T20:43:37.605+0000] {processor.py:830} INFO - Processing file /home/airflow/.local/lib/python3.9/site-packages/airflow/example_dags/tutorial.py for tasks to queue
[2024-04-21T20:43:37.608+0000] {logging_mixin.py:188} INFO - [2024-04-21T20:43:37.608+0000] {dagbag.py:540} INFO - Filling up the DagBag from /home/airflow/.local/lib/python3.9/site-packages/airflow/example_dags/tutorial.py
[2024-04-21T20:43:37.615+0000] {processor.py:840} INFO - DAG(s) 'tutorial' retrieved from /home/airflow/.local/lib/python3.9/site-packages/airflow/example_dags/tutorial.py
[2024-04-21T20:43:37.670+0000] {logging_mixin.py:188} INFO - [2024-04-21T20:43:37.670+0000] {dag.py:3047} INFO - Sync 1 DAGs
[2024-04-21T20:43:37.696+0000] {logging_mixin.py:188} INFO - [2024-04-21T20:43:37.696+0000] {dag.py:3834} INFO - Setting next_dagrun for tutorial to 2024-04-20 00:00:00+00:00, run_after=2024-04-21 00:00:00+00:00
[2024-04-21T20:43:37.733+0000] {processor.py:183} INFO - Processing /home/airflow/.local/lib/python3.9/site-packages/airflow/example_dags/tutorial.py took 0.133 seconds
[2024-04-21T20:44:08.782+0000] {processor.py:161} INFO - Started process (PID=215) to work on /home/airflow/.local/lib/python3.9/site-packages/airflow/example_dags/tutorial.py
[2024-04-21T20:44:08.783+0000] {processor.py:830} INFO - Processing file /home/airflow/.local/lib/python3.9/site-packages/airflow/example_dags/tutorial.py for tasks to queue
[2024-04-21T20:44:08.785+0000] {logging_mixin.py:188} INFO - [2024-04-21T20:44:08.785+0000] {dagbag.py:540} INFO - Filling up the DagBag from /home/airflow/.local/lib/python3.9/site-packages/airflow/example_dags/tutorial.py
[2024-04-21T20:44:08.793+0000] {processor.py:840} INFO - DAG(s) 'tutorial' retrieved from /home/airflow/.local/lib/python3.9/site-packages/airflow/example_dags/tutorial.py
[2024-04-21T20:44:08.858+0000] {logging_mixin.py:188} INFO - [2024-04-21T20:44:08.857+0000] {dag.py:3047} INFO - Sync 1 DAGs
[2024-04-21T20:44:08.891+0000] {logging_mixin.py:188} INFO - [2024-04-21T20:44:08.891+0000] {dag.py:3834} INFO - Setting next_dagrun for tutorial to 2024-04-20 00:00:00+00:00, run_after=2024-04-21 00:00:00+00:00
[2024-04-21T20:44:08.962+0000] {processor.py:183} INFO - Processing /home/airflow/.local/lib/python3.9/site-packages/airflow/example_dags/tutorial.py took 0.183 seconds
[2024-04-21T20:44:39.685+0000] {processor.py:161} INFO - Started process (PID=271) to work on /home/airflow/.local/lib/python3.9/site-packages/airflow/example_dags/tutorial.py
[2024-04-21T20:44:39.687+0000] {processor.py:830} INFO - Processing file /home/airflow/.local/lib/python3.9/site-packages/airflow/example_dags/tutorial.py for tasks to queue
[2024-04-21T20:44:39.690+0000] {logging_mixin.py:188} INFO - [2024-04-21T20:44:39.689+0000] {dagbag.py:540} INFO - Filling up the DagBag from /home/airflow/.local/lib/python3.9/site-packages/airflow/example_dags/tutorial.py
[2024-04-21T20:44:39.698+0000] {processor.py:840} INFO - DAG(s) 'tutorial' retrieved from /home/airflow/.local/lib/python3.9/site-packages/airflow/example_dags/tutorial.py
[2024-04-21T20:44:39.760+0000] {logging_mixin.py:188} INFO - [2024-04-21T20:44:39.760+0000] {dag.py:3047} INFO - Sync 1 DAGs
[2024-04-21T20:44:39.794+0000] {logging_mixin.py:188} INFO - [2024-04-21T20:44:39.793+0000] {dag.py:3834} INFO - Setting next_dagrun for tutorial to 2024-04-20 00:00:00+00:00, run_after=2024-04-21 00:00:00+00:00
[2024-04-21T20:44:39.835+0000] {processor.py:183} INFO - Processing /home/airflow/.local/lib/python3.9/site-packages/airflow/example_dags/tutorial.py took 0.153 seconds
[2024-04-21T20:45:10.361+0000] {processor.py:161} INFO - Started process (PID=328) to work on /home/airflow/.local/lib/python3.9/site-packages/airflow/example_dags/tutorial.py
[2024-04-21T20:45:10.363+0000] {processor.py:830} INFO - Processing file /home/airflow/.local/lib/python3.9/site-packages/airflow/example_dags/tutorial.py for tasks to queue
[2024-04-21T20:45:10.365+0000] {logging_mixin.py:188} INFO - [2024-04-21T20:45:10.364+0000] {dagbag.py:540} INFO - Filling up the DagBag from /home/airflow/.local/lib/python3.9/site-packages/airflow/example_dags/tutorial.py
[2024-04-21T20:45:10.370+0000] {processor.py:840} INFO - DAG(s) 'tutorial' retrieved from /home/airflow/.local/lib/python3.9/site-packages/airflow/example_dags/tutorial.py
[2024-04-21T20:45:10.431+0000] {logging_mixin.py:188} INFO - [2024-04-21T20:45:10.431+0000] {dag.py:3047} INFO - Sync 1 DAGs
[2024-04-21T20:45:10.457+0000] {logging_mixin.py:188} INFO - [2024-04-21T20:45:10.457+0000] {dag.py:3834} INFO - Setting next_dagrun for tutorial to 2024-04-20 00:00:00+00:00, run_after=2024-04-21 00:00:00+00:00
[2024-04-21T20:45:10.494+0000] {processor.py:183} INFO - Processing /home/airflow/.local/lib/python3.9/site-packages/airflow/example_dags/tutorial.py took 0.135 seconds
[2024-04-21T20:45:40.561+0000] {processor.py:161} INFO - Started process (PID=386) to work on /home/airflow/.local/lib/python3.9/site-packages/airflow/example_dags/tutorial.py
[2024-04-21T20:45:40.562+0000] {processor.py:830} INFO - Processing file /home/airflow/.local/lib/python3.9/site-packages/airflow/example_dags/tutorial.py for tasks to queue
[2024-04-21T20:45:40.567+0000] {logging_mixin.py:188} INFO - [2024-04-21T20:45:40.566+0000] {dagbag.py:540} INFO - Filling up the DagBag from /home/airflow/.local/lib/python3.9/site-packages/airflow/example_dags/tutorial.py
[2024-04-21T20:45:40.582+0000] {processor.py:840} INFO - DAG(s) 'tutorial' retrieved from /home/airflow/.local/lib/python3.9/site-packages/airflow/example_dags/tutorial.py
[2024-04-21T20:45:40.899+0000] {logging_mixin.py:188} INFO - [2024-04-21T20:45:40.898+0000] {dag.py:3047} INFO - Sync 1 DAGs
[2024-04-21T20:45:41.043+0000] {logging_mixin.py:188} INFO - [2024-04-21T20:45:41.042+0000] {dag.py:3834} INFO - Setting next_dagrun for tutorial to 2024-04-20 00:00:00+00:00, run_after=2024-04-21 00:00:00+00:00
[2024-04-21T20:45:41.206+0000] {processor.py:183} INFO - Processing /home/airflow/.local/lib/python3.9/site-packages/airflow/example_dags/tutorial.py took 0.651 seconds
[2024-04-21T20:46:11.427+0000] {processor.py:161} INFO - Started process (PID=443) to work on /home/airflow/.local/lib/python3.9/site-packages/airflow/example_dags/tutorial.py
[2024-04-21T20:46:11.429+0000] {processor.py:830} INFO - Processing file /home/airflow/.local/lib/python3.9/site-packages/airflow/example_dags/tutorial.py for tasks to queue
[2024-04-21T20:46:11.431+0000] {logging_mixin.py:188} INFO - [2024-04-21T20:46:11.431+0000] {dagbag.py:540} INFO - Filling up the DagBag from /home/airflow/.local/lib/python3.9/site-packages/airflow/example_dags/tutorial.py
[2024-04-21T20:46:11.437+0000] {processor.py:840} INFO - DAG(s) 'tutorial' retrieved from /home/airflow/.local/lib/python3.9/site-packages/airflow/example_dags/tutorial.py
[2024-04-21T20:46:11.490+0000] {logging_mixin.py:188} INFO - [2024-04-21T20:46:11.489+0000] {dag.py:3047} INFO - Sync 1 DAGs
[2024-04-21T20:46:11.514+0000] {logging_mixin.py:188} INFO - [2024-04-21T20:46:11.513+0000] {dag.py:3834} INFO - Setting next_dagrun for tutorial to 2024-04-20 00:00:00+00:00, run_after=2024-04-21 00:00:00+00:00
[2024-04-21T20:46:11.549+0000] {processor.py:183} INFO - Processing /home/airflow/.local/lib/python3.9/site-packages/airflow/example_dags/tutorial.py took 0.125 seconds
[2024-04-21T20:46:41.858+0000] {processor.py:161} INFO - Started process (PID=500) to work on /home/airflow/.local/lib/python3.9/site-packages/airflow/example_dags/tutorial.py
[2024-04-21T20:46:41.859+0000] {processor.py:830} INFO - Processing file /home/airflow/.local/lib/python3.9/site-packages/airflow/example_dags/tutorial.py for tasks to queue
[2024-04-21T20:46:41.861+0000] {logging_mixin.py:188} INFO - [2024-04-21T20:46:41.861+0000] {dagbag.py:540} INFO - Filling up the DagBag from /home/airflow/.local/lib/python3.9/site-packages/airflow/example_dags/tutorial.py
[2024-04-21T20:46:41.867+0000] {processor.py:840} INFO - DAG(s) 'tutorial' retrieved from /home/airflow/.local/lib/python3.9/site-packages/airflow/example_dags/tutorial.py
[2024-04-21T20:46:41.922+0000] {logging_mixin.py:188} INFO - [2024-04-21T20:46:41.922+0000] {dag.py:3047} INFO - Sync 1 DAGs
[2024-04-21T20:46:41.947+0000] {logging_mixin.py:188} INFO - [2024-04-21T20:46:41.947+0000] {dag.py:3834} INFO - Setting next_dagrun for tutorial to 2024-04-20 00:00:00+00:00, run_after=2024-04-21 00:00:00+00:00
[2024-04-21T20:46:41.979+0000] {processor.py:183} INFO - Processing /home/airflow/.local/lib/python3.9/site-packages/airflow/example_dags/tutorial.py took 0.125 seconds
[2024-04-21T20:47:12.452+0000] {processor.py:161} INFO - Started process (PID=556) to work on /home/airflow/.local/lib/python3.9/site-packages/airflow/example_dags/tutorial.py
[2024-04-21T20:47:12.454+0000] {processor.py:830} INFO - Processing file /home/airflow/.local/lib/python3.9/site-packages/airflow/example_dags/tutorial.py for tasks to queue
[2024-04-21T20:47:12.456+0000] {logging_mixin.py:188} INFO - [2024-04-21T20:47:12.455+0000] {dagbag.py:540} INFO - Filling up the DagBag from /home/airflow/.local/lib/python3.9/site-packages/airflow/example_dags/tutorial.py
[2024-04-21T20:47:12.461+0000] {processor.py:840} INFO - DAG(s) 'tutorial' retrieved from /home/airflow/.local/lib/python3.9/site-packages/airflow/example_dags/tutorial.py
[2024-04-21T20:47:12.513+0000] {logging_mixin.py:188} INFO - [2024-04-21T20:47:12.513+0000] {dag.py:3047} INFO - Sync 1 DAGs
[2024-04-21T20:47:12.534+0000] {logging_mixin.py:188} INFO - [2024-04-21T20:47:12.534+0000] {dag.py:3834} INFO - Setting next_dagrun for tutorial to 2024-04-20 00:00:00+00:00, run_after=2024-04-21 00:00:00+00:00
[2024-04-21T20:47:12.563+0000] {processor.py:183} INFO - Processing /home/airflow/.local/lib/python3.9/site-packages/airflow/example_dags/tutorial.py took 0.113 seconds
[2024-04-21T20:47:43.360+0000] {processor.py:161} INFO - Started process (PID=613) to work on /home/airflow/.local/lib/python3.9/site-packages/airflow/example_dags/tutorial.py
[2024-04-21T20:47:43.361+0000] {processor.py:830} INFO - Processing file /home/airflow/.local/lib/python3.9/site-packages/airflow/example_dags/tutorial.py for tasks to queue
[2024-04-21T20:47:43.363+0000] {logging_mixin.py:188} INFO - [2024-04-21T20:47:43.363+0000] {dagbag.py:540} INFO - Filling up the DagBag from /home/airflow/.local/lib/python3.9/site-packages/airflow/example_dags/tutorial.py
[2024-04-21T20:47:43.368+0000] {processor.py:840} INFO - DAG(s) 'tutorial' retrieved from /home/airflow/.local/lib/python3.9/site-packages/airflow/example_dags/tutorial.py
[2024-04-21T20:47:43.419+0000] {logging_mixin.py:188} INFO - [2024-04-21T20:47:43.418+0000] {dag.py:3047} INFO - Sync 1 DAGs
[2024-04-21T20:47:43.440+0000] {logging_mixin.py:188} INFO - [2024-04-21T20:47:43.439+0000] {dag.py:3834} INFO - Setting next_dagrun for tutorial to 2024-04-20 00:00:00+00:00, run_after=2024-04-21 00:00:00+00:00
[2024-04-21T20:47:43.467+0000] {processor.py:183} INFO - Processing /home/airflow/.local/lib/python3.9/site-packages/airflow/example_dags/tutorial.py took 0.110 seconds
[2024-04-21T21:00:43.352+0000] {processor.py:161} INFO - Started process (PID=45) to work on /home/airflow/.local/lib/python3.9/site-packages/airflow/example_dags/tutorial.py
[2024-04-21T21:00:43.357+0000] {processor.py:830} INFO - Processing file /home/airflow/.local/lib/python3.9/site-packages/airflow/example_dags/tutorial.py for tasks to queue
[2024-04-21T21:00:43.360+0000] {logging_mixin.py:188} INFO - [2024-04-21T21:00:43.359+0000] {dagbag.py:540} INFO - Filling up the DagBag from /home/airflow/.local/lib/python3.9/site-packages/airflow/example_dags/tutorial.py
[2024-04-21T21:00:43.428+0000] {processor.py:840} INFO - DAG(s) 'tutorial' retrieved from /home/airflow/.local/lib/python3.9/site-packages/airflow/example_dags/tutorial.py
[2024-04-21T21:00:44.008+0000] {logging_mixin.py:188} INFO - [2024-04-21T21:00:44.004+0000] {dag.py:3047} INFO - Sync 1 DAGs
[2024-04-21T21:00:44.150+0000] {logging_mixin.py:188} INFO - [2024-04-21T21:00:44.149+0000] {dag.py:3834} INFO - Setting next_dagrun for tutorial to 2024-04-20 00:00:00+00:00, run_after=2024-04-21 00:00:00+00:00
[2024-04-21T21:00:44.243+0000] {processor.py:183} INFO - Processing /home/airflow/.local/lib/python3.9/site-packages/airflow/example_dags/tutorial.py took 0.957 seconds
[2024-04-21T21:01:14.352+0000] {processor.py:161} INFO - Started process (PID=103) to work on /home/airflow/.local/lib/python3.9/site-packages/airflow/example_dags/tutorial.py
[2024-04-21T21:01:14.354+0000] {processor.py:830} INFO - Processing file /home/airflow/.local/lib/python3.9/site-packages/airflow/example_dags/tutorial.py for tasks to queue
[2024-04-21T21:01:14.356+0000] {logging_mixin.py:188} INFO - [2024-04-21T21:01:14.356+0000] {dagbag.py:540} INFO - Filling up the DagBag from /home/airflow/.local/lib/python3.9/site-packages/airflow/example_dags/tutorial.py
[2024-04-21T21:01:14.364+0000] {processor.py:840} INFO - DAG(s) 'tutorial' retrieved from /home/airflow/.local/lib/python3.9/site-packages/airflow/example_dags/tutorial.py
[2024-04-21T21:01:14.433+0000] {logging_mixin.py:188} INFO - [2024-04-21T21:01:14.432+0000] {dag.py:3047} INFO - Sync 1 DAGs
[2024-04-21T21:01:14.458+0000] {logging_mixin.py:188} INFO - [2024-04-21T21:01:14.457+0000] {dag.py:3834} INFO - Setting next_dagrun for tutorial to 2024-04-20 00:00:00+00:00, run_after=2024-04-21 00:00:00+00:00
[2024-04-21T21:01:14.491+0000] {processor.py:183} INFO - Processing /home/airflow/.local/lib/python3.9/site-packages/airflow/example_dags/tutorial.py took 0.143 seconds
[2024-04-21T21:04:15.279+0000] {processor.py:161} INFO - Started process (PID=51) to work on /home/airflow/.local/lib/python3.9/site-packages/airflow/example_dags/tutorial.py
[2024-04-21T21:04:15.282+0000] {processor.py:830} INFO - Processing file /home/airflow/.local/lib/python3.9/site-packages/airflow/example_dags/tutorial.py for tasks to queue
[2024-04-21T21:04:15.292+0000] {logging_mixin.py:188} INFO - [2024-04-21T21:04:15.290+0000] {dagbag.py:540} INFO - Filling up the DagBag from /home/airflow/.local/lib/python3.9/site-packages/airflow/example_dags/tutorial.py
[2024-04-21T21:04:15.337+0000] {processor.py:840} INFO - DAG(s) 'tutorial' retrieved from /home/airflow/.local/lib/python3.9/site-packages/airflow/example_dags/tutorial.py
[2024-04-21T21:04:15.651+0000] {logging_mixin.py:188} INFO - [2024-04-21T21:04:15.650+0000] {dag.py:3047} INFO - Sync 1 DAGs
[2024-04-21T21:04:15.702+0000] {logging_mixin.py:188} INFO - [2024-04-21T21:04:15.702+0000] {dag.py:3834} INFO - Setting next_dagrun for tutorial to 2024-04-20 00:00:00+00:00, run_after=2024-04-21 00:00:00+00:00
[2024-04-21T21:04:15.782+0000] {processor.py:183} INFO - Processing /home/airflow/.local/lib/python3.9/site-packages/airflow/example_dags/tutorial.py took 0.511 seconds
[2024-04-21T21:04:46.648+0000] {processor.py:161} INFO - Started process (PID=114) to work on /home/airflow/.local/lib/python3.9/site-packages/airflow/example_dags/tutorial.py
[2024-04-21T21:04:46.651+0000] {processor.py:830} INFO - Processing file /home/airflow/.local/lib/python3.9/site-packages/airflow/example_dags/tutorial.py for tasks to queue
[2024-04-21T21:04:46.655+0000] {logging_mixin.py:188} INFO - [2024-04-21T21:04:46.654+0000] {dagbag.py:540} INFO - Filling up the DagBag from /home/airflow/.local/lib/python3.9/site-packages/airflow/example_dags/tutorial.py
[2024-04-21T21:04:46.669+0000] {processor.py:840} INFO - DAG(s) 'tutorial' retrieved from /home/airflow/.local/lib/python3.9/site-packages/airflow/example_dags/tutorial.py
[2024-04-21T21:04:46.779+0000] {logging_mixin.py:188} INFO - [2024-04-21T21:04:46.778+0000] {dag.py:3047} INFO - Sync 1 DAGs
[2024-04-21T21:04:46.836+0000] {logging_mixin.py:188} INFO - [2024-04-21T21:04:46.835+0000] {dag.py:3834} INFO - Setting next_dagrun for tutorial to 2024-04-20 00:00:00+00:00, run_after=2024-04-21 00:00:00+00:00
[2024-04-21T21:04:46.876+0000] {processor.py:183} INFO - Processing /home/airflow/.local/lib/python3.9/site-packages/airflow/example_dags/tutorial.py took 0.233 seconds
[2024-04-21T21:05:17.838+0000] {processor.py:161} INFO - Started process (PID=175) to work on /home/airflow/.local/lib/python3.9/site-packages/airflow/example_dags/tutorial.py
[2024-04-21T21:05:17.845+0000] {processor.py:830} INFO - Processing file /home/airflow/.local/lib/python3.9/site-packages/airflow/example_dags/tutorial.py for tasks to queue
[2024-04-21T21:05:17.857+0000] {logging_mixin.py:188} INFO - [2024-04-21T21:05:17.856+0000] {dagbag.py:540} INFO - Filling up the DagBag from /home/airflow/.local/lib/python3.9/site-packages/airflow/example_dags/tutorial.py
[2024-04-21T21:05:17.877+0000] {processor.py:840} INFO - DAG(s) 'tutorial' retrieved from /home/airflow/.local/lib/python3.9/site-packages/airflow/example_dags/tutorial.py
[2024-04-21T21:05:17.958+0000] {logging_mixin.py:188} INFO - [2024-04-21T21:05:17.957+0000] {dag.py:3047} INFO - Sync 1 DAGs
[2024-04-21T21:05:18.001+0000] {logging_mixin.py:188} INFO - [2024-04-21T21:05:18.001+0000] {dag.py:3834} INFO - Setting next_dagrun for tutorial to 2024-04-20 00:00:00+00:00, run_after=2024-04-21 00:00:00+00:00
[2024-04-21T21:05:18.057+0000] {processor.py:183} INFO - Processing /home/airflow/.local/lib/python3.9/site-packages/airflow/example_dags/tutorial.py took 0.230 seconds
[2024-04-21T21:05:48.286+0000] {processor.py:161} INFO - Started process (PID=236) to work on /home/airflow/.local/lib/python3.9/site-packages/airflow/example_dags/tutorial.py
[2024-04-21T21:05:48.287+0000] {processor.py:830} INFO - Processing file /home/airflow/.local/lib/python3.9/site-packages/airflow/example_dags/tutorial.py for tasks to queue
[2024-04-21T21:05:48.289+0000] {logging_mixin.py:188} INFO - [2024-04-21T21:05:48.289+0000] {dagbag.py:540} INFO - Filling up the DagBag from /home/airflow/.local/lib/python3.9/site-packages/airflow/example_dags/tutorial.py
[2024-04-21T21:05:48.295+0000] {processor.py:840} INFO - DAG(s) 'tutorial' retrieved from /home/airflow/.local/lib/python3.9/site-packages/airflow/example_dags/tutorial.py
[2024-04-21T21:05:48.359+0000] {logging_mixin.py:188} INFO - [2024-04-21T21:05:48.359+0000] {dag.py:3047} INFO - Sync 1 DAGs
[2024-04-21T21:05:48.393+0000] {logging_mixin.py:188} INFO - [2024-04-21T21:05:48.393+0000] {dag.py:3834} INFO - Setting next_dagrun for tutorial to 2024-04-20 00:00:00+00:00, run_after=2024-04-21 00:00:00+00:00
[2024-04-21T21:05:48.441+0000] {processor.py:183} INFO - Processing /home/airflow/.local/lib/python3.9/site-packages/airflow/example_dags/tutorial.py took 0.158 seconds
